Log file open, 10/15/18 14:26:37
LogWindows: Failed to load 'aqProf.dll' (GetLastError=126)
LogWindows: File 'aqProf.dll' does not exist
LogWindows: Failed to load 'VtuneApi.dll' (GetLastError=126)
LogWindows: File 'VtuneApi.dll' does not exist
LogWindows: Failed to load 'VtuneApi32e.dll' (GetLastError=126)
LogWindows: File 'VtuneApi32e.dll' does not exist
LogInit: Display: Running engine for game: Networking
LogPlatformFile: Not using cached read wrapper
LogTaskGraph: Started task graph with 5 named threads and 47 total threads with 3 sets of task threads.
LogStats: Stats thread started at 0.569422
LogD3D11RHI: Loaded GFSDK_Aftermath_Lib.x64.dll
LogICUInternationalization: Display: ICU TimeZone Detection - Raw Offset: -5:00, Platform Override: ''
LogPluginManager: Mounting plugin Paper2D
LogPluginManager: Mounting plugin AdvancedSessions
LogPluginManager: Mounting plugin AdvancedSteamSessions
LogPluginManager: Mounting plugin AISupport
LogPluginManager: Mounting plugin LightPropagationVolume
LogPluginManager: Mounting plugin CLionSourceCodeAccess
LogPluginManager: Mounting plugin CodeLiteSourceCodeAccess
LogPluginManager: Mounting plugin GitSourceControl
LogPluginManager: Mounting plugin KDevelopSourceCodeAccess
LogPluginManager: Mounting plugin NullSourceCodeAccess
LogPluginManager: Mounting plugin PerforceSourceControl
LogPluginManager: Mounting plugin SubversionSourceControl
LogPluginManager: Mounting plugin UObjectPlugin
LogPluginManager: Mounting plugin VisualStudioCodeSourceCodeAccess
LogPluginManager: Mounting plugin VisualStudioSourceCodeAccess
LogPluginManager: Mounting plugin XCodeSourceCodeAccess
LogPluginManager: Mounting plugin AssetManagerEditor
LogPluginManager: Mounting plugin CryptoKeys
LogPluginManager: Mounting plugin DataValidation
LogPluginManager: Mounting plugin FacialAnimation
LogPluginManager: Mounting plugin GameplayTagsEditor
LogPluginManager: Mounting plugin MacGraphicsSwitching
LogPluginManager: Mounting plugin MeshEditor
LogPluginManager: Mounting plugin MobileLauncherProfileWizard
LogPluginManager: Mounting plugin PluginBrowser
LogPluginManager: Mounting plugin SpeedTreeImporter
LogPluginManager: Mounting plugin DatasmithContent
LogPluginManager: Mounting plugin AlembicImporter
LogPluginManager: Mounting plugin AppleImageUtils
LogPluginManager: Mounting plugin AppleVision
LogPluginManager: Mounting plugin BackChannel
LogPluginManager: Mounting plugin CharacterAI
LogPluginManager: Mounting plugin GeometryCache
LogPluginManager: Mounting plugin HTML5Networking
LogPluginManager: Mounting plugin ProxyLODPlugin
LogPluginManager: Mounting plugin MagicLeap
LogPluginManager: Mounting plugin MagicLeapEmulator
LogPluginManager: Mounting plugin MagicLeapMedia
LogPluginManager: Mounting plugin JSONParser
LogPluginManager: Mounting plugin WebCommunication
LogPluginManager: Mounting plugin AndroidMedia
LogPluginManager: Mounting plugin AvfMedia
LogPluginManager: Mounting plugin ImgMedia
LogPluginManager: Mounting plugin LinearTimecode
LogPluginManager: Mounting plugin MediaCompositing
LogPluginManager: Mounting plugin MediaPlayerEditor
LogPluginManager: Mounting plugin WmfMedia
LogPluginManager: Mounting plugin TcpMessaging
LogPluginManager: Mounting plugin UdpMessaging
LogPluginManager: Mounting plugin ActorSequence
LogPluginManager: Mounting plugin LevelSequenceEditor
LogPluginManager: Mounting plugin MatineeToLevelSequence
LogPluginManager: Mounting plugin NetcodeUnitTest
LogPluginManager: Mounting plugin NUTUnrealEngine4
LogPluginManager: Mounting plugin OnlineSubsystemGooglePlay
LogPluginManager: Mounting plugin OnlineSubsystemIOS
LogPluginManager: Mounting plugin OnlineSubsystem
LogPluginManager: Mounting plugin OnlineSubsystemNull
LogPluginManager: Mounting plugin OnlineSubsystemSteam
LogPluginManager: Mounting plugin OnlineSubsystemUtils
LogPluginManager: Mounting plugin LauncherChunkInstaller
LogPluginManager: Mounting plugin AndroidDeviceProfileSelector
LogPluginManager: Mounting plugin AndroidMoviePlayer
LogPluginManager: Mounting plugin AndroidPermission
LogPluginManager: Mounting plugin AppleMoviePlayer
LogPluginManager: Mounting plugin ArchVisCharacter
LogPluginManager: Mounting plugin AudioCapture
LogPluginManager: Mounting plugin CableComponent
LogPluginManager: Mounting plugin CustomMeshComponent
LogPluginManager: Mounting plugin EditableMesh
LogPluginManager: Mounting plugin ExampleDeviceProfileSelector
LogPluginManager: Mounting plugin GoogleCloudMessaging
LogPluginManager: Mounting plugin ImmediatePhysics
LogPluginManager: Mounting plugin IOSDeviceProfileSelector
LogPluginManager: Mounting plugin LinuxDeviceProfileSelector
LogPluginManager: Mounting plugin LocationServicesBPLibrary
LogPluginManager: Mounting plugin MobilePatchingUtils
LogPluginManager: Mounting plugin OculusVR
LogPluginManager: Plugin shader directory ../../../Engine/Plugins/Runtime/Oculus/OculusVR/Shaders found
LogPluginManager: Mapping shader source directory ../../../Engine/Plugins/Runtime/Oculus/OculusVR/Shaders to virtual directory /Plugin/OculusVR
LogPluginManager: Mounting plugin PhysXVehicles
LogPluginManager: Mounting plugin ProceduralMeshComponent
LogPluginManager: Mounting plugin RuntimePhysXCooking
LogPluginManager: Mounting plugin SteamVR
LogPluginManager: Mounting plugin WindowsMoviePlayer
LogStreaming: Display: Took  0.120s to configure plugins.
LogInit: Using libcurl 7.55.1-DEV
LogInit:  - built for x86_64-pc-win32
LogInit:  - supports SSL with OpenSSL/1.0.2h
LogInit:  - supports HTTP deflate (compression) using libz 1.2.8
LogInit:  - other features:
LogInit:      CURL_VERSION_SSL
LogInit:      CURL_VERSION_LIBZ
LogInit:      CURL_VERSION_IPV6
LogInit:      CURL_VERSION_ASYNCHDNS
LogInit:      CURL_VERSION_LARGEFILE
LogInit:      CURL_VERSION_IDN
LogInit:  CurlRequestOptions (configurable via config and command line):
LogInit:  - bVerifyPeer = false  - Libcurl will NOT verify peer certificate
LogInit:  - bUseHttpProxy = false  - Libcurl will NOT use HTTP proxy
LogInit:  - bDontReuseConnections = false  - Libcurl will reuse connections
LogInit:  - CertBundlePath = nullptr  - Libcurl will use whatever was configured at build time.
LogInit:  - MaxHostConnections = 16  - Libcurl will limit the number of connections to a host
LogInit:  - LocalHostAddr = Default
LogInit:  - BufferSize = 65536
LogOnline: Display: STEAM: Loading Steam SDK 1.39
LogOnline: Warning: STEAM: Steam API disabled!
LogOnline: Display: STEAM: OnlineSubsystemSteam::Shutdown()
LogInit: WinSock: version 1.1 (2.2), MaxSocks=32767, MaxUdp=65467
LogInit: Build: ++UE4+Release-4.20-CL-4369336
LogInit: Engine Version: 4.20.3-4369336+++UE4+Release-4.20
LogInit: Compatible Engine Version: 4.20.0-4212847+++UE4+Release-4.20
LogInit: Net CL: 4212847
LogInit: OS: Windows 10 (), CPU: Intel(R) Xeon(R) CPU E5-2630 v3 @ 2.40GHz, GPU: AMD FirePro W7000
LogInit: Compiled (64-bit): Sep 17 2018 12:26:19
LogInit: Compiled with Visual C++: 19.13.26129.00
LogInit: Build Configuration: Development
LogInit: Branch Name: ++UE4+Release-4.20
LogInit: Command Line:  
LogInit: Base Directory: C:/Program Files (x86)/Epic Games/UE_4.20/Engine/Binaries/Win64/
LogInit: Installed Engine Build: 1
LogDevObjectVersion: Number of dev versions registered: 20
LogDevObjectVersion:   Dev-Blueprints (B0D832E4-1F89-4F0D-ACCF-7EB736FD4AA2): 10
LogDevObjectVersion:   Dev-Build (E1C64328-A22C-4D53-A36C-8E866417BD8C): 0
LogDevObjectVersion:   Dev-Core (375EC13C-06E4-48FB-B500-84F0262A717E): 2
LogDevObjectVersion:   Dev-Editor (E4B068ED-F494-42E9-A231-DA0B2E46BB41): 24
LogDevObjectVersion:   Dev-Framework (CFFC743F-43B0-4480-9391-14DF171D2073): 34
LogDevObjectVersion:   Dev-Mobile (B02B49B5-BB20-44E9-A304-32B752E40360): 2
LogDevObjectVersion:   Dev-Networking (A4E4105C-59A1-49B5-A7C5-40C4547EDFEE): 0
LogDevObjectVersion:   Dev-Online (39C831C9-5AE6-47DC-9A44-9C173E1C8E7C): 0
LogDevObjectVersion:   Dev-Physics (78F01B33-EBEA-4F98-B9B4-84EACCB95AA2): 0
LogDevObjectVersion:   Dev-Platform (6631380F-2D4D-43E0-8009-CF276956A95A): 0
LogDevObjectVersion:   Dev-Rendering (12F88B9F-8875-4AFC-A67C-D90C383ABD29): 26
LogDevObjectVersion:   Dev-Sequencer (7B5AE74C-D270-4C10-A958-57980B212A5A): 9
LogDevObjectVersion:   Dev-VR (D7296918-1DD6-4BDD-9DE2-64A83CC13884): 2
LogDevObjectVersion:   Dev-LoadTimes (C2A15278-BFE7-4AFE-6C17-90FF531DF755): 1
LogDevObjectVersion:   Private-Geometry (6EACA3D4-40EC-4CC1-B786-8BED09428FC5): 3
LogDevObjectVersion:   Dev-AnimPhys (29E575DD-E0A3-4627-9D10-D276232CDCEA): 17
LogDevObjectVersion:   Dev-ReflectionCapture (6B266CEC-1EC7-4B8F-A30B-E4D90942FC07): 1
LogDevObjectVersion:   Dev-Automation (0DF73D61-A23F-47EA-B727-89E90C41499A): 1
LogDevObjectVersion:   FortniteMain (601D1886-AC64-4F84-AA16-D3DE0DEAC7D6): 12
LogDevObjectVersion:   Dev-Enterprise (9DFFBCD6-494F-0158-E221-12823C92A888): 1
LogStreaming: Display: Took  0.004s to delete old logs.
LogInit: Presizing for max 8388607 objects, including 0 objects not considered by GC, pre-allocating 0 bytes for permanent pool.
LogInit: Object subsystem initialized
[2018.10.15-18.26.37:898][  0]LogInit: Selected Device Profile: [Windows]
[2018.10.15-18.26.37:898][  0]LogInit: Applying CVar settings loaded from the selected device profile: [Windows]
[2018.10.15-18.26.37:922][  0]LogHAL: Display: Platform has ~ 32 GB [34279821312 / 34359738368 / 32], which maps to Largest [LargestMinGB=32, LargerMinGB=12, DefaultMinGB=8, SmallerMinGB=6, SmallestMinGB=0)
[2018.10.15-18.26.37:922][  0]LogInit: Setting Device Profile CVar: [[r.Vulkan.UseRealUBs:1]]
[2018.10.15-18.26.37:922][  0]LogInit: Going up to parent DeviceProfile []
[2018.10.15-18.26.37:923][  0]LogInit: Computer: IS-WK-CVEGA
[2018.10.15-18.26.37:923][  0]LogInit: User: cvega
[2018.10.15-18.26.37:923][  0]LogInit: CPU Page size=4096, Cores=8
[2018.10.15-18.26.37:923][  0]LogInit: High frequency timer resolution =2.338335 MHz
[2018.10.15-18.26.37:923][  0]LogMemory: Memory total: Physical=31.9GB (32GB approx)
[2018.10.15-18.26.37:923][  0]LogMemory: Platform Memory Stats for Windows
[2018.10.15-18.26.37:923][  0]LogMemory: Process Physical Memory: 104.14 MB used, 104.14 MB peak
[2018.10.15-18.26.37:923][  0]LogMemory: Process Virtual Memory: 91.59 MB used, 91.59 MB peak
[2018.10.15-18.26.37:923][  0]LogMemory: Physical Memory: 13826.96 MB used,  18864.82 MB free, 32691.79 MB total
[2018.10.15-18.26.37:923][  0]LogMemory: Virtual Memory: 583.51 MB used,  18864.82 MB free, 134217728.00 MB total
[2018.10.15-18.26.37:945][  0]LogInit: Using OS detected language (en-US).
[2018.10.15-18.26.37:945][  0]LogInit: Using OS detected locale (en-US).
[2018.10.15-18.26.37:946][  0]LogTextLocalizationManager: No specific localization for 'en-US' exists, so the 'en' localization will be used.
[2018.10.15-18.26.38:434][  0]LogStreaming: Display: Took  0.489s to InitEngineTextLocalization.
[2018.10.15-18.26.38:434][  0]LogInit: Setting process to per monitor DPI aware
[2018.10.15-18.26.38:557][  0]LogSlate: New Slate User Created.  User Index 0, Is Virtual User: 0
[2018.10.15-18.26.38:557][  0]LogSlate: Slate User Registered.  User Index 0, Is Virtual User: 0
[2018.10.15-18.26.38:838][  0]LogHMD: Failed to initialize OpenVR with code 110
[2018.10.15-18.26.38:838][  0]LogD3D11RHI: D3D11 adapters:
[2018.10.15-18.26.38:864][  0]LogD3D11RHI:    0. 'AMD FirePro W7000' (Feature Level 11_0)
[2018.10.15-18.26.38:864][  0]LogD3D11RHI:       4078/0/16345 MB DedicatedVideo/DedicatedSystem/SharedSystem, Outputs:4, VendorId:0x1002
[2018.10.15-18.26.38:867][  0]LogD3D11RHI:    1. 'Microsoft Basic Render Driver' (Feature Level 11_0)
[2018.10.15-18.26.38:867][  0]LogD3D11RHI:       0/0/16345 MB DedicatedVideo/DedicatedSystem/SharedSystem, Outputs:0, VendorId:0x1414
[2018.10.15-18.26.38:867][  0]LogD3D11RHI: Chosen D3D11 Adapter: 0
[2018.10.15-18.26.38:879][  0]LogD3D11RHI: Creating new Direct3DDevice
[2018.10.15-18.26.38:879][  0]LogD3D11RHI:     GPU DeviceId: 0x6808 (for the marketing name, search the web for "GPU Device Id")
[2018.10.15-18.26.38:879][  0]LogWindows: EnumDisplayDevices:
[2018.10.15-18.26.38:879][  0]LogWindows:    0. 'AMD FirePro W7000' (P:0 D:1)
[2018.10.15-18.26.38:879][  0]LogWindows:    1. 'AMD FirePro W7000' (P:0 D:1)
[2018.10.15-18.26.38:880][  0]LogWindows:    2. 'AMD FirePro W7000' (P:1 D:1)
[2018.10.15-18.26.38:880][  0]LogWindows:    3. 'AMD FirePro W7000' (P:0 D:1)
[2018.10.15-18.26.38:881][  0]LogWindows:    4. 'AMD FirePro W7000' (P:0 D:0)
[2018.10.15-18.26.38:881][  0]LogWindows:    5. 'AMD FirePro W7000' (P:0 D:0)
[2018.10.15-18.26.38:881][  0]LogWindows:    6. 'AMD FirePro W7000' (P:0 D:0)
[2018.10.15-18.26.38:882][  0]LogWindows:    7. 'AMD FirePro W7000' (P:0 D:0)
[2018.10.15-18.26.38:882][  0]LogWindows:    8. 'AMD FirePro W7000' (P:0 D:0)
[2018.10.15-18.26.38:883][  0]LogWindows:    9. 'AMD FirePro W7000' (P:0 D:0)
[2018.10.15-18.26.38:883][  0]LogWindows:    10. 'AMD FirePro W7000' (P:0 D:0)
[2018.10.15-18.26.38:884][  0]LogWindows:    11. 'AMD FirePro W7000' (P:0 D:0)
[2018.10.15-18.26.38:884][  0]LogWindows:    12. 'DameWare Development Mirror Driver 64-bit' (P:0 D:0)
[2018.10.15-18.26.38:884][  0]LogWindows: DebugString: GetVideoDriverDetailsInvalid PrimaryIsNotTheChoosenAdapter FoundDriverCount:12 
[2018.10.15-18.26.38:884][  0]LogD3D11RHI:     Adapter Name: AMD FirePro W7000
[2018.10.15-18.26.38:884][  0]LogD3D11RHI:   Driver Version: Crimson 15.11 (internal:15.300.1025.1001, unified:15.300.1025.1001)
[2018.10.15-18.26.38:884][  0]LogD3D11RHI:      Driver Date: 11-29-2015
[2018.10.15-18.26.38:884][  0]LogRHI: Texture pool is 2854 MB (70% of 4078 MB)
[2018.10.15-18.26.38:979][  0]LogD3D11RHI: Async texture creation enabled
[2018.10.15-18.26.38:996][  0]LogD3D11RHI: GPU Timing Frequency: 27.000000 (Debug: 2 1)
[2018.10.15-18.26.40:609][  0]LogWindowsTextInputMethodSystem: Display: IME system now deactivated.
[2018.10.15-18.26.40:609][  0]LogWindowsTextInputMethodSystem: Display: IME system now deactivated.
[2018.10.15-18.26.40:611][  0]LogShaderCompilers: Guid format shader working directory is 1 characters bigger than the processId version (F:/Users/cvega/Desktop/UE4_Projects/Networking/Intermediate/Shaders/WorkingDirectory/113304/).
[2018.10.15-18.26.40:612][  0]LogShaderCompilers: Cleaned the shader compiler working directory 'C:/Users/cvega.BI/AppData/Local/Temp/UnrealShaderWorkingDir/52E7623E42F7A53B1AB1F6BFE735EA82/'.
[2018.10.15-18.26.40:995][  0]LogTemp: Display: Loaded TP AllDesktopTargetPlatform
[2018.10.15-18.26.41:014][  0]LogTemp: Display: Loaded TP MacClientTargetPlatform
[2018.10.15-18.26.41:036][  0]LogTemp: Display: Loaded TP MacNoEditorTargetPlatform
[2018.10.15-18.26.41:053][  0]LogTemp: Display: Loaded TP MacServerTargetPlatform
[2018.10.15-18.26.41:077][  0]LogTemp: Display: Loaded TP MacTargetPlatform
[2018.10.15-18.26.41:094][  0]LogTemp: Display: Loaded TP WindowsClientTargetPlatform
[2018.10.15-18.26.41:111][  0]LogTemp: Display: Loaded TP WindowsNoEditorTargetPlatform
[2018.10.15-18.26.41:132][  0]LogTemp: Display: Loaded TP WindowsServerTargetPlatform
[2018.10.15-18.26.41:142][  0]LogTemp: Display: Loaded TP WindowsTargetPlatform
[2018.10.15-18.26.41:253][  0]LogTemp: Display: Loaded TP AndroidTargetPlatform
[2018.10.15-18.26.41:253][  0]LogTemp: Display: Loaded TP AndroidTargetPlatform
[2018.10.15-18.26.41:253][  0]LogTemp: Display: Loaded TP AndroidTargetPlatform
[2018.10.15-18.26.41:253][  0]LogTemp: Display: Loaded TP AndroidTargetPlatform
[2018.10.15-18.26.41:253][  0]LogTemp: Display: Loaded TP AndroidTargetPlatform
[2018.10.15-18.26.41:253][  0]LogTemp: Display: Loaded TP AndroidTargetPlatform
[2018.10.15-18.26.41:253][  0]LogTemp: Display: Loaded TP AndroidTargetPlatform
[2018.10.15-18.26.41:253][  0]LogTemp: Display: Loaded TP AndroidTargetPlatform
[2018.10.15-18.26.41:253][  0]LogTemp: Display: Loaded TP AndroidTargetPlatform
[2018.10.15-18.26.41:253][  0]LogTemp: Display: Loaded TP AndroidTargetPlatform
[2018.10.15-18.26.41:253][  0]LogTemp: Display: Loaded TP AndroidTargetPlatform
[2018.10.15-18.26.41:253][  0]LogTemp: Display: Loaded TP AndroidTargetPlatform
[2018.10.15-18.26.41:253][  0]LogTemp: Display: Loaded TP AndroidTargetPlatform
[2018.10.15-18.26.41:253][  0]LogTemp: Display: Loaded TP AndroidTargetPlatform
[2018.10.15-18.26.41:253][  0]LogTemp: Display: Loaded TP AndroidTargetPlatform
[2018.10.15-18.26.41:253][  0]LogTemp: Display: Loaded TP AndroidTargetPlatform
[2018.10.15-18.26.41:253][  0]LogTemp: Display: Loaded TP AndroidTargetPlatform
[2018.10.15-18.26.41:253][  0]LogTemp: Display: Loaded TP AndroidTargetPlatform
[2018.10.15-18.26.41:254][  0]LogTemp: Display: Loaded TP HTML5TargetPlatform
[2018.10.15-18.26.41:325][  0]LogTemp: Display: Loaded TP IOSTargetPlatform
[2018.10.15-18.26.41:325][  0]LogTemp: Display: Loaded TP IOSTargetPlatform
[2018.10.15-18.26.41:363][  0]LogTemp: Display: Loaded TP TVOSTargetPlatform
[2018.10.15-18.26.41:363][  0]LogTemp: Display: Loaded TP TVOSTargetPlatform
[2018.10.15-18.26.41:379][  0]LogTemp: Display: Loaded TP LinuxClientTargetPlatform
[2018.10.15-18.26.41:398][  0]LogTemp: Display: Loaded TP LinuxNoEditorTargetPlatform
[2018.10.15-18.26.41:418][  0]LogTemp: Display: Loaded TP LinuxServerTargetPlatform
[2018.10.15-18.26.41:437][  0]LogTemp: Display: Loaded TP LinuxTargetPlatform
[2018.10.15-18.26.41:450][  0]LogTemp: Display: Loaded TP LuminTargetPlatform
[2018.10.15-18.26.41:450][  0]LogTargetPlatformManager: Display: Building Assets For Windows
[2018.10.15-18.26.41:514][  0]LogXGEController: Cannot use XGE Controller as Incredibuild is not installed on this machine.
[2018.10.15-18.26.41:514][  0]LogShaderCompilers: Cannot use XGE Shader Compiler as Incredibuild is not installed on this machine.
[2018.10.15-18.26.41:514][  0]LogShaderCompilers: Display: Using Local Shader Compiler.
[2018.10.15-18.26.42:576][  0]LogDerivedDataCache: Display: Max Cache Size: 512 MB
[2018.10.15-18.26.42:668][  0]LogDerivedDataCache: Loaded boot cache 0.09s 86MB C:/Users/cvega.BI/AppData/Local/UnrealEngine/4.20/DerivedDataCache/Boot.ddc.
[2018.10.15-18.26.42:668][  0]LogDerivedDataCache: Display: Loaded Boot cache: C:/Users/cvega.BI/AppData/Local/UnrealEngine/4.20/DerivedDataCache/Boot.ddc
[2018.10.15-18.26.42:668][  0]LogDerivedDataCache: FDerivedDataBackendGraph:  Pak pak cache file F:/Users/cvega/Desktop/UE4_Projects/Networking/DerivedDataCache/DDC.ddp not found, will not use a pak cache.
[2018.10.15-18.26.42:668][  0]LogDerivedDataCache: Unable to find inner node Pak for hierarchical cache Hierarchy.
[2018.10.15-18.26.42:668][  0]LogDerivedDataCache: FDerivedDataBackendGraph:  CompressedPak pak cache file F:/Users/cvega/Desktop/UE4_Projects/Networking/DerivedDataCache/Compressed.ddp not found, will not use a pak cache.
[2018.10.15-18.26.42:668][  0]LogDerivedDataCache: Unable to find inner node CompressedPak for hierarchical cache Hierarchy.
[2018.10.15-18.26.42:686][  0]LogDerivedDataCache: Display: Pak cache opened for reading ../../../Engine/DerivedDataCache/Compressed.ddp.
[2018.10.15-18.26.42:699][  0]LogDerivedDataCache: Using Local data cache path C:/Users/cvega.BI/AppData/Local/UnrealEngine/Common/DerivedDataCache: Writable
[2018.10.15-18.26.42:699][  0]LogDerivedDataCache: Shared data cache path not found in *engine.ini, will not use an Shared cache.
[2018.10.15-18.26.42:699][  0]LogDerivedDataCache: Unable to find inner node Shared for hierarchical cache Hierarchy.
[2018.10.15-18.26.42:722][  0]LogMaterial: Verifying Global Shaders for PCD3D_SM5
[2018.10.15-18.26.42:723][  0]LogSlate: Using FreeType 2.6.0
[2018.10.15-18.26.42:724][  0]LogSlate: SlateFontServices - WITH_FREETYPE: 1, WITH_HARFBUZZ: 1
[2018.10.15-18.26.42:814][  0]LogAssetRegistry: FAssetRegistry took 0.0277 seconds to start up
[2018.10.15-18.26.43:228][  0]LogInit: Selected Device Profile: [Windows]
[2018.10.15-18.26.43:407][  0]LogSimplygon: Simplygon DLL not present - disabling.
[2018.10.15-18.26.43:411][  0]LogMeshReduction: Using SimplygonSwarm for distributed automatic mesh merging
[2018.10.15-18.26.43:411][  0]LogMeshReduction: Using ProxyLODMeshReduction for automatic mesh merging
[2018.10.15-18.26.43:411][  0]LogMeshReduction: Using QuadricMeshReduction for automatic static mesh reduction
[2018.10.15-18.26.43:411][  0]LogMeshReduction: No automatic skeletal mesh reduction module available
[2018.10.15-18.26.43:519][  0]LogNetVersion: Networking 1.0.0, NetCL: 4212847, EngineNetVer: 5, GameNetVer: 0 (Checksum: 1027472705)
[2018.10.15-18.26.44:078][  0]LogPackageLocalizationCache: Processed 11 localized package path(s) for 2 prioritized culture(s) in 0.079592 seconds
[2018.10.15-18.26.44:085][  0]LogUObjectArray: 38434 objects as part of root set at end of initial load.
[2018.10.15-18.26.44:085][  0]LogUObjectAllocator: 6701144 out of 0 bytes used by permanent object pool.
[2018.10.15-18.26.44:085][  0]LogUObjectArray: CloseDisregardForGC: 0/0 objects in disregard for GC pool
[2018.10.15-18.26.45:086][  0]LogTcpMessaging: Initializing TcpMessaging bridge
[2018.10.15-18.26.45:099][  0]LogUdpMessaging: Initializing bridge on interface 0.0.0.0:0 to multicast group 230.0.0.1:6666.
[2018.10.15-18.26.45:248][  0]SourceControl: Source control is disabled
[2018.10.15-18.26.45:248][  0]SourceControl: Source control is disabled
[2018.10.15-18.26.45:249][  0]SourceControl: Source control is disabled
[2018.10.15-18.26.45:249][  0]SourceControl: Source control is disabled
[2018.10.15-18.26.45:419][  0]LogAndroidPermission: UAndroidPermissionCallbackProxy::GetInstance
[2018.10.15-18.26.45:476][  0]LogOcInput: OculusInput pre-init called
[2018.10.15-18.26.45:549][  0]LogEngine: Initializing Engine...
[2018.10.15-18.26.45:550][  0]LogHMD: Failed to initialize OpenVR with code 110
[2018.10.15-18.26.45:551][  0]LogStats: UGameplayTagsManager::ConstructGameplayTagTree: ImportINI prefixes -  0.000 s
[2018.10.15-18.26.45:551][  0]LogStats: UGameplayTagsManager::ConstructGameplayTagTree: Construct from data asset -  0.000 s
[2018.10.15-18.26.45:551][  0]LogStats: UGameplayTagsManager::ConstructGameplayTagTree: ImportINI -  0.000 s
[2018.10.15-18.26.45:552][  0]LogStats: UGameplayTagsManager::ConstructGameplayTagTree: GameplayTagTreeChangedEvent.Broadcast -  0.000 s
[2018.10.15-18.26.45:803][  0]LogInit: Initializing FReadOnlyCVARCache
[2018.10.15-18.26.45:820][  0]LogAIModule: Creating AISystem for world Untitled
[2018.10.15-18.26.45:840][  0]LogInit: XAudio2 using 'Speakers (3- C-Media USB Audio Device   )' : 2 channels at 48 kHz using 16 bits per sample (channel mask 0x3)
[2018.10.15-18.26.45:860][  0]LogInit: FAudioDevice initialized.
[2018.10.15-18.26.45:861][  0]LogNetVersion: Set ProjectVersion to 1.0.0.0. Version Checksum will be recalculated on next use.
[2018.10.15-18.26.46:025][  0]LogDerivedDataCache: Saved boot cache 0.16s 86MB C:/Users/cvega.BI/AppData/Local/UnrealEngine/4.20/DerivedDataCache/Boot.ddc.
[2018.10.15-18.26.46:037][  0]LogInit: Texture streaming: Enabled
[2018.10.15-18.26.46:059][  0]LogEngineSessionManager: EngineSessionManager initialized
[2018.10.15-18.26.46:080][  0]LogInit: Transaction tracking system initialized
[2018.10.15-18.26.46:104][  0]BlueprintLog: New page: Editor Load
[2018.10.15-18.26.46:187][  0]LocalizationService: Localization service is disabled
[2018.10.15-18.26.46:724][  0]LogLinker: Warning: Can't find file '/Game/FirstPersonBP/FirstPersonOverview'
[2018.10.15-18.26.46:724][  0]LogLinker: Warning: Can't find file '/Game/FirstPersonBP/FirstPersonOverview'
[2018.10.15-18.26.46:724][  0]LogUObjectGlobals: Warning: Failed to find object 'Class /Game/FirstPersonBP/FirstPersonOverview.FirstPersonOverview_C'
[2018.10.15-18.26.47:039][  0]LogCook: Display: Max memory allowance for cook 16384mb min free memory 0mb
[2018.10.15-18.26.47:039][  0]LogCook: Display: Mobile HDR setting 1
[2018.10.15-18.26.47:039][  0]LogGameplayTags: Display: UGameplayTagsManager::DoneAddingNativeTags. DelegateIsBound: 0
[2018.10.15-18.26.47:039][  0]LogStats: UGameplayTagsManager::ConstructGameplayTagTree: ImportINI prefixes -  0.000 s
[2018.10.15-18.26.47:039][  0]LogStats: UGameplayTagsManager::ConstructGameplayTagTree: Construct from data asset -  0.000 s
[2018.10.15-18.26.47:040][  0]LogStats: UGameplayTagsManager::ConstructGameplayTagTree: ImportINI -  0.000 s
[2018.10.15-18.26.47:040][  0]LogStats: UGameplayTagsManager::ConstructGameplayTagTree: GameplayTagTreeChangedEvent.Broadcast -  0.000 s
[2018.10.15-18.26.47:149][  0]LogFileCache: Scanning file cache for directory 'F:/Users/cvega/Desktop/UE4_Projects/Networking/Content/' took 0.01s
[2018.10.15-18.26.47:149][  0]SourceControl: Source control is disabled
[2018.10.15-18.26.47:149][  0]Cmd: MAP LOAD FILE="F:/Users/cvega/Desktop/UE4_Projects/Networking/Content/Maps/Main.umap" TEMPLATE=0 SHOWPROGRESS=1 FEATURELEVEL=3
[2018.10.15-18.26.47:157][  0]LightingResults: New page: Lighting Build
[2018.10.15-18.26.47:160][  0]MapCheck: New page: Map Check
[2018.10.15-18.26.47:160][  0]LightingResults: New page: Lighting Build
[2018.10.15-18.26.48:271][  0]LogAIModule: Creating AISystem for world Main
[2018.10.15-18.26.48:279][  0]LogEditorServer: Finished looking for orphan Actors (0.000 secs)
[2018.10.15-18.26.48:336][  0]Cmd: MAP CHECKDEP NOCLEARLOG
[2018.10.15-18.26.48:405][  0]MapCheck: Map check complete: 0 Error(s), 0 Warning(s), took 68.799ms to complete.
[2018.10.15-18.26.48:405][  0]LogFileHelpers: Loading map 'Main' took 1.256
[2018.10.15-18.26.48:680][  0]LogWindowsTextInputMethodSystem: Display: IME system now deactivated.
[2018.10.15-18.26.48:681][  0]LogWindowsTextInputMethodSystem: Display: IME system now deactivated.
[2018.10.15-18.26.48:798][  0]LogCollectionManager: Loaded 0 collections in 0.001504 seconds
[2018.10.15-18.26.48:929][  0]LogFileCache: Scanning file cache for directory 'F:/Users/cvega/Desktop/UE4_Projects/Networking/Saved/Collections/' took 0.01s
[2018.10.15-18.26.48:929][  0]LogFileCache: Scanning file cache for directory 'F:/Users/cvega/Desktop/UE4_Projects/Networking/Content/Developers/cvega/Collections/' took 0.01s
[2018.10.15-18.26.48:929][  0]LogFileCache: Scanning file cache for directory 'F:/Users/cvega/Desktop/UE4_Projects/Networking/Content/Collections/' took 0.01s
[2018.10.15-18.26.48:929][  0]LogCollectionManager: Rebuilt the GUID cache for 0 collections in 0.000000 seconds
[2018.10.15-18.26.48:942][  0]LogContentBrowser: Native class hierarchy populated in 0.0132 seconds. Added 2601 classes and 619 folders.
[2018.10.15-18.26.48:952][  0]LogContentBrowser: Native class hierarchy updated for 'WidgetCarousel' in 0.0002 seconds. Added 0 classes and 0 folders.
[2018.10.15-18.26.49:002][  0]LogContentBrowser: Native class hierarchy updated for 'AddContentDialog' in 0.0003 seconds. Added 0 classes and 0 folders.
[2018.10.15-18.26.49:007][  0]LogContentBrowser: Native class hierarchy updated for 'SceneOutliner' in 0.0003 seconds. Added 1 classes and 2 folders.
[2018.10.15-18.26.49:060][  0]LogSlate: Updating window title bar state: overlay mode, drag disabled, window buttons hidden, title bar hidden
[2018.10.15-18.26.49:071][  0]LogSlate: Updating window title bar state: overlay mode, drag disabled, window buttons hidden, title bar hidden
[2018.10.15-18.26.49:082][  0]LogSlate: Updating window title bar state: overlay mode, drag disabled, window buttons hidden, title bar hidden
[2018.10.15-18.26.49:093][  0]LogSlate: Updating window title bar state: overlay mode, drag disabled, window buttons hidden, title bar hidden
[2018.10.15-18.26.49:135][  0]LogContentBrowser: Native class hierarchy updated for 'HierarchicalLODOutliner' in 0.0004 seconds. Added 0 classes and 0 folders.
[2018.10.15-18.26.49:135][  0]LogLoad: (Engine Initialization) Total time: 13.99 seconds
[2018.10.15-18.26.49:135][  0]LogLoad: (Engine Initialization) Total Blueprint compile time: 0.00 seconds
[2018.10.15-18.26.49:168][  0]LogContentStreaming: Texture pool size now 800 MB
[2018.10.15-18.26.49:170][  0]LogSlate: Took 0.000193 seconds to synchronously load lazily loaded font '../../../Engine/Content/Slate/Fonts/Roboto-Regular.ttf' (155K)
[2018.10.15-18.26.49:175][  0]LogSlate: Took 0.000212 seconds to synchronously load lazily loaded font '../../../Engine/Content/Editor/Slate/Fonts/FontAwesome.ttf' (139K)
[2018.10.15-18.26.49:175][  0]LogSlate: Took 0.000159 seconds to synchronously load lazily loaded font '../../../Engine/Content/Slate/Fonts/Roboto-Bold.ttf' (160K)
[2018.10.15-18.26.49:208][  0]LogSlate: Took 0.000212 seconds to synchronously load lazily loaded font '../../../Engine/Content/Slate/Fonts/Roboto-Light.ttf' (167K)
[2018.10.15-18.26.49:425][  1]LogRenderer: Reallocating scene render targets to support 336x284 Format 9 NumSamples 1 (Frame:1).
[2018.10.15-18.26.49:444][  1]LogAssetRegistry: Asset discovery search completed in 6.6528 seconds
[2018.10.15-18.26.49:463][  1]LogCollectionManager: Rebuilt the object cache for 0 collections in 0.000000 seconds (found 0 objects)
[2018.10.15-18.26.49:463][  1]LogCollectionManager: Fixed up redirectors for 0 collections in 0.000080 seconds (updated 0 objects)
[2018.10.15-18.27.46:661][501]LogSlate: FSceneViewport::OnFocusLost() reason 2
[2018.10.15-18.27.48:774][742]LogSlate: FSceneViewport::OnFocusLost() reason 2
[2018.10.15-18.28.00:960][ 35]LogSlate: Window 'Editor Preferences' being destroyed
[2018.10.15-18.28.00:963][ 35]LogSlate: Window 'Editor Preferences' being destroyed
[2018.10.15-18.28.02:143][142]LogSlate: FSceneViewport::OnFocusLost() reason 2
[2018.10.15-18.28.11:719][287]LogBlueprintUserMessages: Early PlayInEditor Detection: Level '/Game/Maps/Main.Main:PersistentLevel' has LevelScriptBlueprint '/Game/Maps/Main.Main:PersistentLevel.Main' with GeneratedClass '/Game/Maps/Main.Main_C' with ClassGeneratedBy '/Game/Maps/Main.Main:PersistentLevel.Main'
[2018.10.15-18.28.11:720][287]LogPlayLevel: PlayLevel: No blueprints needed recompiling
[2018.10.15-18.28.11:720][287]LogOnline: Warning: STEAM: Steam API disabled!
[2018.10.15-18.28.11:721][287]LogOnline: Display: STEAM: OnlineSubsystemSteam::Shutdown()
[2018.10.15-18.28.11:827][287]PIE: New page: PIE session: Main (Oct 15, 2018, 10:28:11 AM)
[2018.10.15-18.28.12:080][287]LogPlayLevel: Creating play world package: /Game/Maps/UEDPIE_1_Main
[2018.10.15-18.28.12:084][287]LogPlayLevel: PIE: StaticDuplicateObject took: (0.004516s)
[2018.10.15-18.28.12:085][287]LogAIModule: Creating AISystem for world Main
[2018.10.15-18.28.12:086][287]LogPlayLevel: PIE: World Init took: (0.001419s)
[2018.10.15-18.28.12:086][287]LogPlayLevel: PIE: Created PIE world by copying editor world from /Game/Maps/Main.Main to /Game/Maps/UEDPIE_1_Main.Main (0.006207s)
[2018.10.15-18.28.12:117][287]LogInit: XAudio2 using 'Speakers (3- C-Media USB Audio Device   )' : 2 channels at 48 kHz using 16 bits per sample (channel mask 0x3)
[2018.10.15-18.28.12:126][287]LogInit: FAudioDevice initialized.
[2018.10.15-18.28.12:222][287]LogSlate: FSceneViewport::OnFocusLost() reason 2
[2018.10.15-18.28.12:253][287]LogSlate: Updating window title bar state: overlay mode, drag disabled, window buttons hidden, title bar hidden
[2018.10.15-18.28.12:567][287]LogLoad: Game class is 'BP_GameMode_C'
[2018.10.15-18.28.12:569][287]LogWorld: Bringing World /Game/Maps/UEDPIE_1_Main.Main up for play (max tick rate 0) at 2018.10.15-14.28.12
[2018.10.15-18.28.12:569][287]LogWorld: Bringing up level for play took: 0.001035
[2018.10.15-18.28.12:680][287]LogContentBrowser: Native class hierarchy updated for 'MovieSceneCapture' in 0.0004 seconds. Added 10 classes and 0 folders.
[2018.10.15-18.28.12:785][287]LogPlayerManagement: Error: Failed to Create Player: A local player already exists for controller ID 0,
[2018.10.15-18.28.12:798][287]PIE: Play in editor start time for /Game/Maps/UEDPIE_1_Main 1.126
[2018.10.15-18.28.12:888][287]PIE: New page: PIE session: Main (Oct 15, 2018, 10:28:12 AM)
[2018.10.15-18.28.12:889][287]LogPlayLevel: Creating play world package: /Game/Maps/UEDPIE_2_Main
[2018.10.15-18.28.12:892][287]LogPlayLevel: PIE: StaticDuplicateObject took: (0.003654s)
[2018.10.15-18.28.12:893][287]LogAIModule: Creating AISystem for world Main
[2018.10.15-18.28.12:893][287]LogPlayLevel: PIE: World Init took: (0.000892s)
[2018.10.15-18.28.12:893][287]LogPlayLevel: PIE: Created PIE world by copying editor world from /Game/Maps/Main.Main to /Game/Maps/UEDPIE_2_Main.Main (0.004769s)
[2018.10.15-18.28.13:018][287]LogSlate: FSceneViewport::OnFocusLost() reason 2
[2018.10.15-18.28.13:023][287]LogSlate: Updating window title bar state: overlay mode, drag disabled, window buttons hidden, title bar hidden
[2018.10.15-18.28.13:236][287]LogLoad: Game class is 'BP_GameMode_C'
[2018.10.15-18.28.13:238][287]LogWorld: Bringing World /Game/Maps/UEDPIE_2_Main.Main up for play (max tick rate 0) at 2018.10.15-14.28.13
[2018.10.15-18.28.13:238][287]LogWorld: Bringing up level for play took: 0.001611
[2018.10.15-18.28.13:252][287]LogPlayerManagement: Error: Failed to Create Player: A local player already exists for controller ID 0,
[2018.10.15-18.28.13:253][287]LogSlate: New Slate User Created.  User Index 1, Is Virtual User: 0
[2018.10.15-18.28.13:253][287]LogSlate: Slate User Registered.  User Index 1, Is Virtual User: 0
[2018.10.15-18.28.13:256][287]LogSlate: New Slate User Created.  User Index 2, Is Virtual User: 0
[2018.10.15-18.28.13:256][287]LogSlate: Slate User Registered.  User Index 2, Is Virtual User: 0
[2018.10.15-18.28.13:260][287]LogSlate: New Slate User Created.  User Index 3, Is Virtual User: 0
[2018.10.15-18.28.13:260][287]LogSlate: Slate User Registered.  User Index 3, Is Virtual User: 0
[2018.10.15-18.28.13:265][287]PIE: Play in editor start time for /Game/Maps/UEDPIE_2_Main 1.593
[2018.10.15-18.28.13:364][287]LogBlueprintUserMessages: Late PlayInEditor Detection: Level '/Game/Maps/Main.Main:PersistentLevel' has LevelScriptBlueprint '/Game/Maps/Main.Main:PersistentLevel.Main' with GeneratedClass '/Game/Maps/Main.Main_C' with ClassGeneratedBy '/Game/Maps/Main.Main:PersistentLevel.Main'
[2018.10.15-18.28.13:457][287]LogRenderer: Reallocating scene render targets to support 568x344 Format 9 NumSamples 1 (Frame:1).
[2018.10.15-18.28.24:132][ 67]LogSlate: FSceneViewport::OnFocusLost() reason 0
[2018.10.15-18.28.24:285][ 82]LogSlate: Window 'Networking Game Preview Standalone (64-bit/PCD3D_SM5)' being destroyed
[2018.10.15-18.28.24:289][ 82]LogBlueprintUserMessages: Early EndPlayMap Detection: Level '/Game/Maps/Main.Main:PersistentLevel' has LevelScriptBlueprint '/Game/Maps/Main.Main:PersistentLevel.Main' with GeneratedClass '/Game/Maps/Main.Main_C' with ClassGeneratedBy '/Game/Maps/Main.Main:PersistentLevel.Main'
[2018.10.15-18.28.24:319][ 82]LogSlate: Updating window title bar state: overlay mode, drag disabled, window buttons hidden, title bar hidden
[2018.10.15-18.28.24:331][ 82]LogSlate: Window 'Networking Game Preview Standalone (64-bit/PCD3D_SM5)' being destroyed
[2018.10.15-18.28.24:364][ 82]LogPlayLevel: Display: Shutting down PIE online subsystems
[2018.10.15-18.28.24:364][ 82]LogBlueprintUserMessages: Late EndPlayMap Detection: Level '/Game/Maps/Main.Main:PersistentLevel' has LevelScriptBlueprint '/Game/Maps/Main.Main:PersistentLevel.Main' with GeneratedClass '/Game/Maps/Main.Main_C' with ClassGeneratedBy '/Game/Maps/Main.Main:PersistentLevel.Main'
[2018.10.15-18.28.24:410][ 83]LogPlayLevel: Display: Destroying online subsystem :Context_2
[2018.10.15-18.28.24:411][ 83]LogPlayLevel: Display: Destroying online subsystem :Context_1
[2018.10.15-18.28.29:140][639]LogSlate: FSceneViewport::OnFocusLost() reason 2
[2018.10.15-18.28.59:032][743]LogSlate: FSceneViewport::OnFocusLost() reason 0
[2018.10.15-18.29.05:526][497]LogSlate: Took 0.000216 seconds to synchronously load lazily loaded font '../../../Engine/Content/Slate/Fonts/Roboto-Light.ttf' (167K)
[2018.10.15-18.29.05:535][497]LogAssetEditorManager: Opening Asset editor for Blueprint /Game/Blueprints/BP_GameINstance.BP_GameInstance
[2018.10.15-18.29.06:449][497]LogContentBrowser: Native class hierarchy updated for 'BlueprintGraph' in 0.0008 seconds. Added 116 classes and 0 folders.
[2018.10.15-18.29.07:687][497]LogSlate: Took 0.000136 seconds to synchronously load lazily loaded font '../../../Engine/Content/Slate/Fonts/Roboto-BoldCondensed.ttf' (158K)
[2018.10.15-18.29.07:746][498]LogSlate: Took 0.000200 seconds to synchronously load lazily loaded font '../../../Engine/Content/Slate/Fonts/Roboto-Italic.ttf' (157K)
[2018.10.15-18.29.18:746][798]LogSlate: Window 'BP_GameInstance' being destroyed
[2018.10.15-18.29.18:749][798]LogSlate: Window 'BP_GameInstance' being destroyed
[2018.10.15-18.29.34:100][ 63]LogSlate: FSceneViewport::OnFocusLost() reason 0
[2018.10.15-18.29.36:311][316]LogAssetEditorManager: Opening Asset editor for Blueprint /Game/Blueprints/BP_GameMode.BP_GameMode
[2018.10.15-18.45.46:420][319]LogSlate: Window 'BP_GameMode' being destroyed
[2018.10.15-18.45.46:424][319]LogSlate: Window 'BP_GameMode' being destroyed
[2018.10.15-18.45.47:109][389]LogSlate: FSceneViewport::OnFocusLost() reason 0
[2018.10.15-18.45.47:388][408]LogSlate: Window 'Networking - Unreal Editor' being destroyed
[2018.10.15-18.45.47:389][408]LogWindowsTextInputMethodSystem: Display: IME system now deactivated.
[2018.10.15-18.45.47:389][408]LogWindowsTextInputMethodSystem: Display: IME system now deactivated.
[2018.10.15-18.45.47:548][409]Cmd: QUIT_EDITOR
[2018.10.15-18.45.47:958][409]LogExit: Preparing to exit.
[2018.10.15-18.45.48:580][409]LogExit: Editor shut down
[2018.10.15-18.45.48:581][409]LogExit: Transaction tracking system shut down
[2018.10.15-18.45.48:780][409]LogExit: Object subsystem successfully closed.
[2018.10.15-18.45.48:806][409]LogShaderCompilers: Display: Shaders left to compile 0
[2018.10.15-18.45.48:809][409]LogD3D11RHI: Shutdown
[2018.10.15-18.45.48:809][409]LogD3D11RHI: CleanupD3DDevice
[2018.10.15-18.45.48:812][409]LogD3D11RHI: ~FD3D11DynamicRHI
[2018.10.15-18.45.48:832][409]LogModuleManager: Shutting down and abandoning module BlueprintGraph (626)
[2018.10.15-18.45.48:832][409]LogModuleManager: Shutting down and abandoning module MovieSceneCapture (624)
[2018.10.15-18.45.48:832][409]LogModuleManager: Shutting down and abandoning module Voice (622)
[2018.10.15-18.45.48:832][409]LogModuleManager: Shutting down and abandoning module HierarchicalLODOutliner (620)
[2018.10.15-18.45.48:832][409]LogModuleManager: Shutting down and abandoning module SceneOutliner (618)
[2018.10.15-18.45.48:832][409]LogModuleManager: Shutting down and abandoning module AddContentDialog (616)
[2018.10.15-18.45.48:832][409]LogModuleManager: Shutting down and abandoning module WidgetCarousel (615)
[2018.10.15-18.45.48:832][409]LogModuleManager: Shutting down and abandoning module EditorWidgets (612)
[2018.10.15-18.45.48:833][409]LogModuleManager: Shutting down and abandoning module CollectionManager (610)
[2018.10.15-18.45.48:833][409]LogModuleManager: Shutting down and abandoning module StatsViewer (608)
[2018.10.15-18.45.48:833][409]LogModuleManager: Shutting down and abandoning module FoliageEdit (606)
[2018.10.15-18.45.48:833][409]LogModuleManager: Shutting down and abandoning module LandscapeEditor (604)
[2018.10.15-18.45.48:833][409]LogModuleManager: Shutting down and abandoning module MeshPaintMode (602)
[2018.10.15-18.45.48:833][409]LogModuleManager: Shutting down and abandoning module SceneDepthPickerMode (600)
[2018.10.15-18.45.48:833][409]LogModuleManager: Shutting down and abandoning module ActorPickerMode (598)
[2018.10.15-18.45.48:833][409]LogModuleManager: Shutting down and abandoning module GeometryMode (596)
[2018.10.15-18.45.48:833][409]LogModuleManager: Shutting down and abandoning module TextureAlignMode (594)
[2018.10.15-18.45.48:833][409]LogModuleManager: Shutting down and abandoning module BspMode (592)
[2018.10.15-18.45.48:833][409]LogModuleManager: Shutting down and abandoning module PIEPreviewDeviceProfileSelector (590)
[2018.10.15-18.45.48:833][409]LogModuleManager: Shutting down and abandoning module SequenceRecorderSections (588)
[2018.10.15-18.45.48:833][409]LogModuleManager: Shutting down and abandoning module AutomationWorker (586)
[2018.10.15-18.45.48:833][409]LogModuleManager: Shutting down and abandoning module AudioCaptureEditor (584)
[2018.10.15-18.45.48:833][409]LogModuleManager: Shutting down and abandoning module SequenceRecorder (583)
[2018.10.15-18.45.48:834][409]LogModuleManager: Shutting down and abandoning module MatineeToLevelSequence (580)
[2018.10.15-18.45.48:834][409]LogModuleManager: Shutting down and abandoning module LevelSequenceEditor (578)
[2018.10.15-18.45.48:835][409]LogModuleManager: Shutting down and abandoning module PlacementMode (577)
[2018.10.15-18.45.48:835][409]LogModuleManager: Shutting down and abandoning module MaterialEditor (576)
[2018.10.15-18.45.48:835][409]LogModuleManager: Shutting down and abandoning module WmfMediaFactory (572)
[2018.10.15-18.45.48:835][409]LogModuleManager: Shutting down and abandoning module WmfMediaEditor (570)
[2018.10.15-18.45.48:835][409]LogModuleManager: Shutting down and abandoning module MediaPlayerEditor (568)
[2018.10.15-18.45.48:835][409]LogModuleManager: Shutting down and abandoning module OpenExrWrapper (566)
[2018.10.15-18.45.48:835][409]LogModuleManager: Shutting down and abandoning module ImgMediaFactory (564)
[2018.10.15-18.45.48:835][409]LogModuleManager: Shutting down and abandoning module ImgMediaEditor (562)
[2018.10.15-18.45.48:835][409]LogModuleManager: Shutting down and abandoning module AvfMediaFactory (560)
[2018.10.15-18.45.48:835][409]LogModuleManager: Shutting down and abandoning module AvfMediaEditor (558)
[2018.10.15-18.45.48:835][409]LogModuleManager: Shutting down and abandoning module AndroidMediaFactory (556)
[2018.10.15-18.45.48:835][409]LogModuleManager: Shutting down and abandoning module AndroidMediaEditor (554)
[2018.10.15-18.45.48:835][409]LogModuleManager: Shutting down and abandoning module MagicLeapCameraPreviewFactory (552)
[2018.10.15-18.45.48:835][409]LogModuleManager: Shutting down and abandoning module MagicLeapMediaFactory (550)
[2018.10.15-18.45.48:835][409]LogModuleManager: Shutting down and abandoning module MagicLeapMediaEditor (548)
[2018.10.15-18.45.48:835][409]LogModuleManager: Shutting down and abandoning module CharacterAI (546)
[2018.10.15-18.45.48:835][409]LogModuleManager: Shutting down and abandoning module SmartSnapping (544)
[2018.10.15-18.45.48:835][409]LogModuleManager: Shutting down and abandoning module SessionServices (542)
[2018.10.15-18.45.48:835][409]LogModuleManager: Shutting down and abandoning module ViewportSnapping (540)
[2018.10.15-18.45.48:835][409]LogModuleManager: Shutting down and abandoning module ViewportInteraction (538)
[2018.10.15-18.45.48:835][409]LogModuleManager: Shutting down and abandoning module ClothPainter (536)
[2018.10.15-18.45.48:835][409]LogModuleManager: Shutting down and abandoning module SkeletalMeshEditor (535)
[2018.10.15-18.45.48:835][409]LogModuleManager: Shutting down and abandoning module LogVisualizer (532)
[2018.10.15-18.45.48:835][409]LogModuleManager: Shutting down and abandoning module IntroTutorials (530)
[2018.10.15-18.45.48:836][409]LogModuleManager: Shutting down and abandoning module GameProjectGeneration (529)
[2018.10.15-18.45.48:836][409]LogModuleManager: Shutting down and abandoning module LuminPlatformEditor (526)
[2018.10.15-18.45.48:836][409]LogModuleManager: Shutting down and abandoning module IOSPlatformEditor (524)
[2018.10.15-18.45.48:836][409]LogModuleManager: Shutting down and abandoning module HTML5PlatformEditor (522)
[2018.10.15-18.45.48:836][409]LogModuleManager: Shutting down and abandoning module AndroidPlatformEditor (520)
[2018.10.15-18.45.48:836][409]LogModuleManager: Shutting down and abandoning module AndroidDeviceDetection (519)
[2018.10.15-18.45.49:978][409]LogModuleManager: Shutting down and abandoning module WindowsPlatformEditor (516)
[2018.10.15-18.45.49:978][409]LogModuleManager: Shutting down and abandoning module LuminRuntimeSettings (514)
[2018.10.15-18.45.49:978][409]LogModuleManager: Shutting down and abandoning module IOSRuntimeSettings (512)
[2018.10.15-18.45.49:978][409]LogModuleManager: Shutting down and abandoning module AndroidRuntimeSettings (510)
[2018.10.15-18.45.49:978][409]LogModuleManager: Shutting down and abandoning module InputBindingEditor (508)
[2018.10.15-18.45.49:978][409]LogModuleManager: Shutting down and abandoning module MergeActors (506)
[2018.10.15-18.45.49:979][409]LogModuleManager: Shutting down and abandoning module LocalizationDashboard (504)
[2018.10.15-18.45.49:979][409]LogModuleManager: Shutting down and abandoning module LocalizationService (503)
[2018.10.15-18.45.49:979][409]LogModuleManager: Shutting down and abandoning module HardwareTargeting (500)
[2018.10.15-18.45.49:979][409]LogModuleManager: Shutting down and abandoning module DeviceProfileEditor (498)
[2018.10.15-18.45.49:979][409]LogModuleManager: Shutting down and abandoning module UndoHistory (496)
[2018.10.15-18.45.49:979][409]LogModuleManager: Shutting down and abandoning module XmlParser (494)
[2018.10.15-18.45.49:979][409]LogModuleManager: Shutting down and abandoning module Blutility (492)
[2018.10.15-18.45.49:979][409]LogModuleManager: Shutting down and abandoning module ProjectSettingsViewer (490)
[2018.10.15-18.45.49:979][409]LogModuleManager: Shutting down and abandoning module ProjectTargetPlatformEditor (489)
[2018.10.15-18.45.49:979][409]LogModuleManager: Shutting down and abandoning module EditorSettingsViewer (486)
[2018.10.15-18.45.49:979][409]LogModuleManager: Shutting down and abandoning module SettingsEditor (484)
[2018.10.15-18.45.49:979][409]LogModuleManager: Shutting down and abandoning module ProjectLauncher (482)
[2018.10.15-18.45.49:979][409]LogModuleManager: Shutting down and abandoning module SessionFrontend (480)
[2018.10.15-18.45.49:979][409]LogModuleManager: Shutting down and abandoning module ProfilerClient (478)
[2018.10.15-18.45.49:979][409]LogModuleManager: Shutting down and abandoning module DeviceManager (476)
[2018.10.15-18.45.49:979][409]LogModuleManager: Shutting down and abandoning module TargetDeviceServices (475)
[2018.10.15-18.45.50:045][409]LogModuleManager: Shutting down and abandoning module AutomationController (472)
[2018.10.15-18.45.50:045][409]LogModuleManager: Shutting down and abandoning module AutomationWindow (470)
[2018.10.15-18.45.50:045][409]LogModuleManager: Shutting down and abandoning module Layers (468)
[2018.10.15-18.45.50:045][409]LogModuleManager: Shutting down and abandoning module ComponentVisualizers (466)
[2018.10.15-18.45.50:045][409]LogModuleManager: Shutting down and abandoning module DetailCustomizations (464)
[2018.10.15-18.45.50:045][409]LogModuleManager: Shutting down and abandoning module PackagesDialog (462)
[2018.10.15-18.45.50:045][409]LogModuleManager: Shutting down and abandoning module Persona (460)
[2018.10.15-18.45.50:045][409]LogModuleManager: Shutting down and abandoning module AdvancedPreviewScene (459)
[2018.10.15-18.45.50:045][409]LogModuleManager: Shutting down and abandoning module AnimGraph (457)
[2018.10.15-18.45.50:045][409]LogModuleManager: Shutting down and abandoning module Kismet (454)
[2018.10.15-18.45.50:053][409]LogModuleManager: Shutting down and abandoning module GraphEditor (452)
[2018.10.15-18.45.50:053][409]LogModuleManager: Shutting down and abandoning module ClassViewer (450)
[2018.10.15-18.45.50:054][409]LogModuleManager: Shutting down and abandoning module Toolbox (448)
[2018.10.15-18.45.50:054][409]LogModuleManager: Shutting down and abandoning module ModuleUI (446)
[2018.10.15-18.45.50:054][409]LogModuleManager: Shutting down and abandoning module MovieSceneTools (444)
[2018.10.15-18.45.50:054][409]LogModuleManager: Shutting down and abandoning module OutputLog (442)
[2018.10.15-18.45.50:054][409]LogModuleManager: Shutting down and abandoning module GammaUI (440)
[2018.10.15-18.45.50:054][409]LogModuleManager: Shutting down and abandoning module Documentation (438)
[2018.10.15-18.45.50:054][409]LogModuleManager: Shutting down and abandoning module MovieSceneTracks (436)
[2018.10.15-18.45.50:054][409]LogModuleManager: Shutting down and abandoning module MovieScene (434)
[2018.10.15-18.45.50:054][409]LogModuleManager: Shutting down and abandoning module StreamingPauseRendering (432)
[2018.10.15-18.45.50:054][409]LogModuleManager: Shutting down and abandoning module LauncherPlatform (430)
[2018.10.15-18.45.50:054][409]LogModuleManager: Shutting down and abandoning module AnalyticsET (428)
[2018.10.15-18.45.50:054][409]LogModuleManager: Shutting down and abandoning module PortalServices (426)
[2018.10.15-18.45.50:054][409]LogModuleManager: Shutting down and abandoning module PortalRpc (424)
[2018.10.15-18.45.50:054][409]LogModuleManager: Shutting down and abandoning module MessagingRpc (422)
[2018.10.15-18.45.50:054][409]LogModuleManager: Shutting down and abandoning module AIModule (420)
[2018.10.15-18.45.50:054][409]LogModuleManager: Shutting down and abandoning module GameplayDebugger (419)
[2018.10.15-18.45.50:054][409]LogModuleManager: Shutting down and abandoning module AITestSuite (417)
[2018.10.15-18.45.50:054][409]LogModuleManager: Shutting down and abandoning module NavigationSystem (415)
[2018.10.15-18.45.50:054][409]LogModuleManager: Shutting down and abandoning module DesktopPlatform (412)
[2018.10.15-18.45.50:054][409]LogModuleManager: Shutting down and abandoning module ProfilerService (410)
[2018.10.15-18.45.50:234][409]LogModuleManager: Shutting down and abandoning module TaskGraph (408)
[2018.10.15-18.45.50:234][409]LogModuleManager: Shutting down and abandoning module SteamVRController (406)
[2018.10.15-18.45.50:234][409]LogModuleManager: Shutting down and abandoning module ProceduralMeshComponentEditor (404)
[2018.10.15-18.45.50:234][409]LogModuleManager: Shutting down and abandoning module ProceduralMeshComponent (402)
[2018.10.15-18.45.50:234][409]LogModuleManager: Shutting down and abandoning module OculusInput (400)
[2018.10.15-18.45.50:234][409]LogModuleManager: Shutting down and abandoning module MobilePatchingUtils (398)
[2018.10.15-18.45.50:234][409]LogModuleManager: Shutting down and abandoning module EditableMesh (396)
[2018.10.15-18.45.50:235][409]LogModuleManager: Shutting down and abandoning module CustomMeshComponent (394)
[2018.10.15-18.45.50:235][409]LogModuleManager: Shutting down and abandoning module CableComponent (392)
[2018.10.15-18.45.50:235][409]LogModuleManager: Shutting down and abandoning module AudioCapture (390)
[2018.10.15-18.45.50:235][409]LogModuleManager: Shutting down and abandoning module ArchVisCharacter (388)
[2018.10.15-18.45.50:235][409]LogModuleManager: Shutting down and abandoning module AndroidPermission (386)
[2018.10.15-18.45.50:235][409]LogModuleManager: Shutting down and abandoning module NUTUnrealEngine4 (384)
[2018.10.15-18.45.50:235][409]LogModuleManager: Shutting down and abandoning module NetcodeUnitTest (382)
[2018.10.15-18.45.50:235][409]LogModuleManager: Shutting down and abandoning module MediaCompositingEditor (380)
[2018.10.15-18.45.50:235][409]LogModuleManager: Shutting down and abandoning module MediaCompositing (378)
[2018.10.15-18.45.50:235][409]LogModuleManager: Shutting down and abandoning module LinearTimecode (376)
[2018.10.15-18.45.50:235][409]LogModuleManager: Shutting down and abandoning module ImgMedia (374)
[2018.10.15-18.45.50:238][409]LogModuleManager: Shutting down and abandoning module HTML5Networking (372)
[2018.10.15-18.45.50:238][409]LogModuleManager: Shutting down and abandoning module GeometryCacheTracks (370)
[2018.10.15-18.45.50:238][409]LogModuleManager: Shutting down and abandoning module GeometryCacheSequencer (368)
[2018.10.15-18.45.50:238][409]LogModuleManager: Shutting down and abandoning module BackChannel (366)
[2018.10.15-18.45.50:238][409]LogModuleManager: Shutting down and abandoning module AppleVision (364)
[2018.10.15-18.45.50:238][409]LogModuleManager: Shutting down and abandoning module AppleImageUtils (362)
[2018.10.15-18.45.50:238][409]LogModuleManager: Shutting down and abandoning module AlembicImporter (360)
[2018.10.15-18.45.50:238][409]LogModuleManager: Shutting down and abandoning module AlembicLibrary (359)
[2018.10.15-18.45.50:238][409]LogModuleManager: Shutting down and abandoning module GeometryCache (358)
[2018.10.15-18.45.50:238][409]LogModuleManager: Shutting down and abandoning module GeometryCacheEd (357)
[2018.10.15-18.45.50:238][409]LogModuleManager: Shutting down and abandoning module DatasmithContentEditor (352)
[2018.10.15-18.45.50:238][409]LogModuleManager: Shutting down and abandoning module DatasmithContent (350)
[2018.10.15-18.45.50:238][409]LogModuleManager: Shutting down and abandoning module SpeedTreeImporter (348)
[2018.10.15-18.45.50:238][409]LogModuleManager: Shutting down and abandoning module PluginBrowser (346)
[2018.10.15-18.45.50:239][409]LogModuleManager: Shutting down and abandoning module MobileLauncherProfileWizard (344)
[2018.10.15-18.45.50:239][409]LogModuleManager: Shutting down and abandoning module PolygonModeling (342)
[2018.10.15-18.45.50:239][409]LogModuleManager: Shutting down and abandoning module MeshEditor (340)
[2018.10.15-18.45.50:239][409]LogModuleManager: Shutting down and abandoning module CryptoKeysOpenSSL (338)
[2018.10.15-18.45.50:239][409]LogModuleManager: Shutting down and abandoning module CryptoKeys (336)
[2018.10.15-18.45.50:239][409]LogModuleManager: Shutting down and abandoning module VisualStudioSourceCodeAccess (334)
[2018.10.15-18.45.50:239][409]LogModuleManager: Shutting down and abandoning module VisualStudioCodeSourceCodeAccess (332)
[2018.10.15-18.45.50:239][409]LogModuleManager: Shutting down and abandoning module UObjectPlugin (330)
[2018.10.15-18.45.50:239][409]LogModuleManager: Shutting down and abandoning module SubversionSourceControl (328)
[2018.10.15-18.45.50:239][409]LogModuleManager: Shutting down and abandoning module PerforceSourceControl (326)
[2018.10.15-18.45.50:239][409]LogModuleManager: Shutting down and abandoning module GitSourceControl (324)
[2018.10.15-18.45.50:239][409]LogModuleManager: Shutting down and abandoning module SourceControl (323)
[2018.10.15-18.45.50:239][409]LogModuleManager: Shutting down and abandoning module CLionSourceCodeAccess (320)
[2018.10.15-18.45.50:239][409]LogModuleManager: Shutting down and abandoning module LightPropagationVolumeEditor (318)
[2018.10.15-18.45.50:239][409]LogModuleManager: Shutting down and abandoning module PaperTiledImporter (316)
[2018.10.15-18.45.50:239][409]LogModuleManager: Shutting down and abandoning module PaperSpriteSheetImporter (314)
[2018.10.15-18.45.50:239][409]LogModuleManager: Shutting down and abandoning module Paper2DEditor (312)
[2018.10.15-18.45.50:239][409]LogModuleManager: Shutting down and abandoning module MeshPaint (311)
[2018.10.15-18.45.50:239][409]LogModuleManager: Shutting down and abandoning module RuntimePhysXCooking (308)
[2018.10.15-18.45.50:239][409]LogModuleManager: Shutting down and abandoning module PhysXVehiclesEditor (306)
[2018.10.15-18.45.50:239][409]LogModuleManager: Shutting down and abandoning module PhysXVehicles (304)
[2018.10.15-18.45.50:239][409]LogModuleManager: Shutting down and abandoning module OculusEditor (302)
[2018.10.15-18.45.50:239][409]LogModuleManager: Shutting down and abandoning module LocationServicesBPLibrary (300)
[2018.10.15-18.45.50:239][409]LogModuleManager: Shutting down and abandoning module ImmediatePhysicsEditor (298)
[2018.10.15-18.45.50:239][409]LogModuleManager: Shutting down and abandoning module ImmediatePhysics (296)
[2018.10.15-18.45.50:239][409]LogModuleManager: Shutting down and abandoning module ActorSequence (294)
[2018.10.15-18.45.50:239][409]LogModuleManager: Shutting down and abandoning module UdpMessaging (292)
[2018.10.15-18.45.50:340][409]LogModuleManager: Shutting down and abandoning module TcpMessaging (290)
[2018.10.15-18.45.50:441][409]LogModuleManager: Shutting down and abandoning module MagicLeapAudio (288)
[2018.10.15-18.45.50:441][409]LogModuleManager: Shutting down and abandoning module GameplayTagsEditor (286)
[2018.10.15-18.45.50:441][409]LogModuleManager: Shutting down and abandoning module FacialAnimationEditor (284)
[2018.10.15-18.45.50:441][409]LogModuleManager: Shutting down and abandoning module FacialAnimation (282)
[2018.10.15-18.45.50:441][409]LogModuleManager: Shutting down and abandoning module DataValidation (280)
[2018.10.15-18.45.50:441][409]LogModuleManager: Shutting down and abandoning module AssetManagerEditor (278)
[2018.10.15-18.45.50:441][409]LogModuleManager: Shutting down and abandoning module LevelEditor (277)
[2018.10.15-18.45.50:442][409]LogModuleManager: Shutting down and abandoning module PixelInspectorModule (276)
[2018.10.15-18.45.50:442][409]LogModuleManager: Shutting down and abandoning module CommonMenuExtensions (274)
[2018.10.15-18.45.50:442][409]LogModuleManager: Shutting down and abandoning module MainFrame (272)
[2018.10.15-18.45.50:442][409]LogModuleManager: Shutting down and abandoning module HotReload (271)
[2018.10.15-18.45.50:443][409]LogModuleManager: Shutting down and abandoning module ContentBrowser (267)
[2018.10.15-18.45.50:444][409]LogModuleManager: Shutting down and abandoning module TreeMap (265)
[2018.10.15-18.45.50:444][409]LogModuleManager: Shutting down and abandoning module LightPropagationVolumeRuntime (262)
[2018.10.15-18.45.50:444][409]LogModuleManager: Shutting down and abandoning module AISupportModule (260)
[2018.10.15-18.45.50:444][409]LogModuleManager: Shutting down and abandoning module AdvancedSteamSessions (258)
[2018.10.15-18.45.50:444][409]LogModuleManager: Shutting down and abandoning module AdvancedSessions (256)
[2018.10.15-18.45.50:444][409]LogModuleManager: Shutting down and abandoning module Paper2D (254)
[2018.10.15-18.45.50:444][409]LogModuleManager: Shutting down and abandoning module WindowsMoviePlayer (252)
[2018.10.15-18.45.50:444][409]LogModuleManager: Shutting down and abandoning module WmfMedia (250)
[2018.10.15-18.45.50:445][409]LogModuleManager: Shutting down and abandoning module Media (249)
[2018.10.15-18.45.50:451][409]LogModuleManager: Shutting down and abandoning module WebCommunication (246)
[2018.10.15-18.45.50:451][409]LogModuleManager: Shutting down and abandoning module JSONParser (244)
[2018.10.15-18.45.50:451][409]LogModuleManager: Shutting down and abandoning module PacketHandler (242)
[2018.10.15-18.45.50:451][409]LogModuleManager: Shutting down and abandoning module ClothingSystemEditor (240)
[2018.10.15-18.45.50:451][409]LogModuleManager: Shutting down and abandoning module ClothingSystemRuntime (238)
[2018.10.15-18.45.50:451][409]LogModuleManager: Shutting down and abandoning module MediaAssets (236)
[2018.10.15-18.45.50:451][409]LogModuleManager: Shutting down and abandoning module Overlay (234)
[2018.10.15-18.45.50:451][409]LogModuleManager: Shutting down and abandoning module OverlayEditor (233)
[2018.10.15-18.45.50:451][409]LogModuleManager: Shutting down and abandoning module VREditor (230)
[2018.10.15-18.45.50:451][409]LogModuleManager: Shutting down and abandoning module StringTableEditor (228)
[2018.10.15-18.45.50:451][409]LogModuleManager: Shutting down and abandoning module GameplayTasksEditor (226)
[2018.10.15-18.45.50:451][409]LogModuleManager: Shutting down and abandoning module BehaviorTreeEditor (224)
[2018.10.15-18.45.50:451][409]LogModuleManager: Shutting down and abandoning module FunctionalTesting (222)
[2018.10.15-18.45.50:451][409]LogModuleManager: Shutting down and abandoning module CollisionAnalyzer (220)
[2018.10.15-18.45.50:451][409]LogModuleManager: Shutting down and abandoning module WorkspaceMenuStructure (219)
[2018.10.15-18.45.50:451][409]LogModuleManager: Shutting down and abandoning module UMG (216)
[2018.10.15-18.45.50:451][409]LogModuleManager: Shutting down and abandoning module UMGEditor (215)
[2018.10.15-18.45.50:452][409]LogModuleManager: Shutting down and abandoning module Sequencer (214)
[2018.10.15-18.45.50:452][409]LogModuleManager: Shutting down and abandoning module MessageLog (211)
[2018.10.15-18.45.50:452][409]LogModuleManager: Shutting down and abandoning module SlateReflector (206)
[2018.10.15-18.45.50:452][409]LogModuleManager: Shutting down and abandoning module Slate (204)
[2018.10.15-18.45.50:452][409]LogModuleManager: Shutting down and abandoning module EditorStyle (202)
[2018.10.15-18.45.50:453][409]LogModuleManager: Shutting down and abandoning module MRMesh (200)
[2018.10.15-18.45.50:453][409]LogModuleManager: Shutting down and abandoning module SourceCodeAccess (198)
[2018.10.15-18.45.50:453][409]LogModuleManager: Shutting down and abandoning module HeadMountedDisplay (196)
[2018.10.15-18.45.50:454][409]LogModuleManager: Shutting down and abandoning module XAudio2 (194)
[2018.10.15-18.45.50:454][409]LogModuleManager: Shutting down and abandoning module Networking (192)
[2018.10.15-18.45.50:454][409]LogModuleManager: Shutting down and abandoning module Core (190)
[2018.10.15-18.45.50:454][409]LogModuleManager: Shutting down and abandoning module LevelSequence (188)
[2018.10.15-18.45.50:454][409]LogModuleManager: Shutting down and abandoning module KismetCompiler (186)
[2018.10.15-18.45.50:454][409]LogModuleManager: Shutting down and abandoning module MeshUtilities (184)
[2018.10.15-18.45.50:454][409]LogModuleManager: Shutting down and abandoning module MeshMergeUtilities (183)
[2018.10.15-18.45.50:454][409]LogModuleManager: Shutting down and abandoning module MeshReductionInterface (182)
[2018.10.15-18.45.50:454][409]LogModuleManager: Shutting down and abandoning module SimplygonSwarm (181)
[2018.10.15-18.45.50:454][409]LogModuleManager: Shutting down and abandoning module ProxyLODMeshReduction (179)
[2018.10.15-18.45.50:454][409]LogModuleManager: Shutting down and abandoning module SimplygonMeshReduction (177)
[2018.10.15-18.45.50:454][409]LogModuleManager: Shutting down and abandoning module QuadricMeshReduction (175)
[2018.10.15-18.45.50:454][409]LogModuleManager: Shutting down and abandoning module MaterialBaking (171)
[2018.10.15-18.45.50:454][409]LogModuleManager: Shutting down and abandoning module DirectoryWatcher (167)
[2018.10.15-18.45.50:454][409]LogModuleManager: Shutting down and abandoning module DerivedDataCache (164)
[2018.10.15-18.45.50:475][409]LogDerivedDataCache: Shutdown
[2018.10.15-18.45.50:475][409]LogModuleManager: Shutting down and abandoning module XGEController (162)
[2018.10.15-18.45.50:475][409]LogModuleManager: Shutting down and abandoning module TargetPlatform (160)
[2018.10.15-18.45.50:475][409]LogModuleManager: Shutting down and abandoning module VulkanShaderFormat (159)
[2018.10.15-18.45.50:475][409]LogModuleManager: Shutting down and abandoning module ShaderFormatVectorVM (157)
[2018.10.15-18.45.50:475][409]LogModuleManager: Shutting down and abandoning module ShaderFormatOpenGL (155)
[2018.10.15-18.45.50:475][409]LogModuleManager: Shutting down and abandoning module ShaderFormatD3D (153)
[2018.10.15-18.45.50:475][409]LogModuleManager: Shutting down and abandoning module MetalShaderFormat (151)
[2018.10.15-18.45.50:475][409]LogModuleManager: Shutting down and abandoning module TextureFormatUncompressed (149)
[2018.10.15-18.45.50:475][409]LogModuleManager: Shutting down and abandoning module TextureFormatPVR (147)
[2018.10.15-18.45.50:475][409]LogModuleManager: Shutting down and abandoning module TextureFormatDXT (145)
[2018.10.15-18.45.50:475][409]LogModuleManager: Shutting down and abandoning module TextureFormatIntelISPCTexComp (143)
[2018.10.15-18.45.50:475][409]LogModuleManager: Shutting down and abandoning module TextureFormatASTC (141)
[2018.10.15-18.45.50:475][409]LogModuleManager: Shutting down and abandoning module ImageWrapper (140)
[2018.10.15-18.45.50:475][409]LogModuleManager: Shutting down and abandoning module TextureFormatAndroid (137)
[2018.10.15-18.45.50:475][409]LogModuleManager: Shutting down and abandoning module AudioFormatOpus (135)
[2018.10.15-18.45.50:475][409]LogModuleManager: Shutting down and abandoning module AudioFormatOgg (133)
[2018.10.15-18.45.50:475][409]LogModuleManager: Shutting down and abandoning module AudioFormatADPCM (131)
[2018.10.15-18.45.50:475][409]LogModuleManager: Shutting down and abandoning module LuminTargetPlatform (129)
[2018.10.15-18.45.50:475][409]LogModuleManager: Shutting down and abandoning module LinuxTargetPlatform (127)
[2018.10.15-18.45.50:476][409]LogModuleManager: Shutting down and abandoning module LinuxServerTargetPlatform (125)
[2018.10.15-18.45.50:476][409]LogModuleManager: Shutting down and abandoning module LinuxNoEditorTargetPlatform (123)
[2018.10.15-18.45.50:476][409]LogModuleManager: Shutting down and abandoning module LinuxClientTargetPlatform (121)
[2018.10.15-18.45.50:476][409]LogModuleManager: Shutting down and abandoning module TVOSTargetPlatform (119)
[2018.10.15-18.45.50:477][409]LogModuleManager: Shutting down and abandoning module Messaging (117)
[2018.10.15-18.45.50:477][409]LogModuleManager: Shutting down and abandoning module IOSTargetPlatform (115)
[2018.10.15-18.45.50:478][409]LogModuleManager: Shutting down and abandoning module HTML5TargetPlatform (113)
[2018.10.15-18.45.50:478][409]LogModuleManager: Shutting down and abandoning module AndroidTargetPlatform (111)
[2018.10.15-18.45.50:486][409]LogModuleManager: Shutting down and abandoning module WindowsTargetPlatform (109)
[2018.10.15-18.45.50:486][409]LogModuleManager: Shutting down and abandoning module WindowsServerTargetPlatform (107)
[2018.10.15-18.45.50:487][409]LogModuleManager: Shutting down and abandoning module WindowsNoEditorTargetPlatform (105)
[2018.10.15-18.45.50:487][409]LogModuleManager: Shutting down and abandoning module WindowsClientTargetPlatform (103)
[2018.10.15-18.45.50:487][409]LogModuleManager: Shutting down and abandoning module MacTargetPlatform (101)
[2018.10.15-18.45.50:487][409]LogModuleManager: Shutting down and abandoning module MacServerTargetPlatform (99)
[2018.10.15-18.45.50:487][409]LogModuleManager: Shutting down and abandoning module MacNoEditorTargetPlatform (97)
[2018.10.15-18.45.50:487][409]LogModuleManager: Shutting down and abandoning module MacClientTargetPlatform (95)
[2018.10.15-18.45.50:487][409]LogModuleManager: Shutting down and abandoning module AllDesktopTargetPlatform (93)
[2018.10.15-18.45.50:487][409]LogModuleManager: Shutting down and abandoning module InputCore (90)
[2018.10.15-18.45.50:487][409]LogModuleManager: Shutting down and abandoning module Settings (88)
[2018.10.15-18.45.50:487][409]LogModuleManager: Shutting down and abandoning module PhysXCooking (86)
[2018.10.15-18.45.50:487][409]LogModuleManager: Shutting down and abandoning module SteamVR (84)
[2018.10.15-18.45.50:487][409]LogModuleManager: Shutting down and abandoning module OculusHMD (82)
[2018.10.15-18.45.50:487][409]LogModuleManager: Shutting down and abandoning module ExampleDeviceProfileSelector (80)
[2018.10.15-18.45.50:487][409]LogModuleManager: Shutting down and abandoning module LauncherChunkInstaller (78)
[2018.10.15-18.45.50:487][409]LogModuleManager: Shutting down and abandoning module OnlineBlueprintSupport (76)
[2018.10.15-18.45.50:487][409]LogModuleManager: Shutting down and abandoning module OnlineSubsystem (72)
[2018.10.15-18.45.50:488][409]LogModuleManager: Shutting down and abandoning module XMPP (65)
[2018.10.15-18.45.50:488][409]LogModuleManager: Shutting down and abandoning module WebSockets (64)
[2018.10.15-18.45.50:504][409]LogModuleManager: Shutting down and abandoning module HTTP (61)
[2018.10.15-18.45.50:504][409]LogHttp: Display: Http module shutting down, but needs to wait on 1 outstanding Http requests:
[2018.10.15-18.45.50:504][409]LogHttp: Display: 	verb=[POST] url=[https://datarouter.ol.epicgames.com/datarouter/api/v1/public/data?SessionID=%7B41E0A559-4529-A0F0-F116-57A146D4F822%7D&AppID=UEEditor.Rocket.Release&AppVersion=4.20.3-4369336%2B%2B%2BUE4%2BRelease-4.20&UserID=b28317b3480a652ced2cb6a728a38bd4%7C8edfda56962345a49e19abb6d0d3acc4%7C28d82ddd-7fdb-4397-860f-aba300c6733d&AppEnvironment=datacollector-binary&UploadType=eteventstream] status=Processing
[2018.10.15-18.45.50:528][409]LogModuleManager: Shutting down and abandoning module SSL (60)
[2018.10.15-18.45.50:529][409]LogModuleManager: Shutting down and abandoning module MagicLeapEmulator (56)
[2018.10.15-18.45.50:529][409]LogModuleManager: Shutting down and abandoning module MagicLeapPrivileges (54)
[2018.10.15-18.45.50:529][409]LogModuleManager: Shutting down and abandoning module MagicLeapIdentity (52)
[2018.10.15-18.45.50:529][409]LogModuleManager: Shutting down and abandoning module MagicLeapHelperVulkan (50)
[2018.10.15-18.45.50:529][409]LogModuleManager: Shutting down and abandoning module MagicLeapHelperOpenGL (48)
[2018.10.15-18.45.50:529][409]LogModuleManager: Shutting down and abandoning module MagicLeapSecureStorage (46)
[2018.10.15-18.45.50:529][409]LogModuleManager: Shutting down and abandoning module MagicLeapGestures (44)
[2018.10.15-18.45.50:529][409]LogModuleManager: Shutting down and abandoning module MagicLeapEyeTracker (42)
[2018.10.15-18.45.50:529][409]LogModuleManager: Shutting down and abandoning module MagicLeapController (40)
[2018.10.15-18.45.50:529][409]LogSlate: Slate User Destroyed.  User Index 0, Is Virtual User: 0
[2018.10.15-18.45.50:530][409]LogSlate: Slate User Destroyed.  User Index 1, Is Virtual User: 0
[2018.10.15-18.45.50:530][409]LogSlate: Slate User Destroyed.  User Index 2, Is Virtual User: 0
[2018.10.15-18.45.50:530][409]LogSlate: Slate User Destroyed.  User Index 3, Is Virtual User: 0
[2018.10.15-18.45.50:530][409]LogModuleManager: Shutting down and abandoning module MagicLeap (38)
[2018.10.15-18.45.50:530][409]LogModuleManager: Shutting down and abandoning module AnimationModifiers (36)
[2018.10.15-18.45.50:530][409]LogModuleManager: Shutting down and abandoning module PropertyEditor (35)
[2018.10.15-18.45.50:530][409]LogModuleManager: Shutting down and abandoning module AudioEditor (32)
[2018.10.15-18.45.50:530][409]LogModuleManager: Shutting down and abandoning module TextureCompressor (30)
[2018.10.15-18.45.50:530][409]LogModuleManager: Shutting down and abandoning module ShaderCore (28)
[2018.10.15-18.45.50:530][409]LogModuleManager: Shutting down and abandoning module Landscape (26)
[2018.10.15-18.45.50:530][409]LogModuleManager: Shutting down and abandoning module SlateRHIRenderer (24)
[2018.10.15-18.45.50:531][409]LogModuleManager: Shutting down and abandoning module OpenGLDrv (22)
[2018.10.15-18.45.50:531][409]LogModuleManager: Shutting down and abandoning module D3D11RHI (20)
[2018.10.15-18.45.50:531][409]LogModuleManager: Shutting down and abandoning module AnimGraphRuntime (18)
[2018.10.15-18.45.50:531][409]LogModuleManager: Shutting down and abandoning module Renderer (16)
[2018.10.15-18.45.50:531][409]LogModuleManager: Shutting down and abandoning module Engine (14)
[2018.10.15-18.45.50:531][409]LogModuleManager: Shutting down and abandoning module CoreUObject (12)
[2018.10.15-18.45.50:531][409]LogModuleManager: Shutting down and abandoning module NetworkFile (10)
[2018.10.15-18.45.50:531][409]LogModuleManager: Shutting down and abandoning module CookedIterativeFile (8)
[2018.10.15-18.45.50:531][409]LogModuleManager: Shutting down and abandoning module StreamingFile (6)
[2018.10.15-18.45.50:531][409]LogModuleManager: Shutting down and abandoning module SandboxFile (4)
[2018.10.15-18.45.50:531][409]LogModuleManager: Shutting down and abandoning module PakFile (2)
[2018.10.15-18.45.50:545][409]LogExit: Exiting.
[2018.10.15-18.45.50:572][409]Log file closed, 10/15/18 14:45:50
