Log file open, 10/12/18 16:57:37
LogWindows: Failed to load 'aqProf.dll' (GetLastError=126)
LogWindows: File 'aqProf.dll' does not exist
LogWindows: Failed to load 'VtuneApi.dll' (GetLastError=126)
LogWindows: File 'VtuneApi.dll' does not exist
LogWindows: Failed to load 'VtuneApi32e.dll' (GetLastError=126)
LogWindows: File 'VtuneApi32e.dll' does not exist
LogInit: Display: Running engine for game: Networking
LogPlatformFile: Not using cached read wrapper
LogTaskGraph: Started task graph with 5 named threads and 47 total threads with 3 sets of task threads.
LogStats: Stats thread started at 0.554459
LogD3D11RHI: Loaded GFSDK_Aftermath_Lib.x64.dll
LogICUInternationalization: Display: ICU TimeZone Detection - Raw Offset: -5:00, Platform Override: ''
LogPluginManager: Mounting plugin Paper2D
LogPluginManager: Mounting plugin AdvancedSessions
LogPluginManager: Mounting plugin AdvancedSteamSessions
LogPluginManager: Mounting plugin AISupport
LogPluginManager: Mounting plugin LightPropagationVolume
LogPluginManager: Mounting plugin CLionSourceCodeAccess
LogPluginManager: Mounting plugin CodeLiteSourceCodeAccess
LogPluginManager: Mounting plugin GitSourceControl
LogPluginManager: Mounting plugin KDevelopSourceCodeAccess
LogPluginManager: Mounting plugin NullSourceCodeAccess
LogPluginManager: Mounting plugin PerforceSourceControl
LogPluginManager: Mounting plugin SubversionSourceControl
LogPluginManager: Mounting plugin UObjectPlugin
LogPluginManager: Mounting plugin VisualStudioCodeSourceCodeAccess
LogPluginManager: Mounting plugin VisualStudioSourceCodeAccess
LogPluginManager: Mounting plugin XCodeSourceCodeAccess
LogPluginManager: Mounting plugin AssetManagerEditor
LogPluginManager: Mounting plugin CryptoKeys
LogPluginManager: Mounting plugin DataValidation
LogPluginManager: Mounting plugin FacialAnimation
LogPluginManager: Mounting plugin GameplayTagsEditor
LogPluginManager: Mounting plugin MacGraphicsSwitching
LogPluginManager: Mounting plugin MeshEditor
LogPluginManager: Mounting plugin MobileLauncherProfileWizard
LogPluginManager: Mounting plugin PluginBrowser
LogPluginManager: Mounting plugin SpeedTreeImporter
LogPluginManager: Mounting plugin DatasmithContent
LogPluginManager: Mounting plugin AlembicImporter
LogPluginManager: Mounting plugin AppleImageUtils
LogPluginManager: Mounting plugin AppleVision
LogPluginManager: Mounting plugin BackChannel
LogPluginManager: Mounting plugin CharacterAI
LogPluginManager: Mounting plugin GeometryCache
LogPluginManager: Mounting plugin HTML5Networking
LogPluginManager: Mounting plugin ProxyLODPlugin
LogPluginManager: Mounting plugin MagicLeap
LogPluginManager: Mounting plugin MagicLeapEmulator
LogPluginManager: Mounting plugin MagicLeapMedia
LogPluginManager: Mounting plugin JSONParser
LogPluginManager: Mounting plugin WebCommunication
LogPluginManager: Mounting plugin AndroidMedia
LogPluginManager: Mounting plugin AvfMedia
LogPluginManager: Mounting plugin ImgMedia
LogPluginManager: Mounting plugin LinearTimecode
LogPluginManager: Mounting plugin MediaCompositing
LogPluginManager: Mounting plugin MediaPlayerEditor
LogPluginManager: Mounting plugin WmfMedia
LogPluginManager: Mounting plugin TcpMessaging
LogPluginManager: Mounting plugin UdpMessaging
LogPluginManager: Mounting plugin ActorSequence
LogPluginManager: Mounting plugin LevelSequenceEditor
LogPluginManager: Mounting plugin MatineeToLevelSequence
LogPluginManager: Mounting plugin NetcodeUnitTest
LogPluginManager: Mounting plugin NUTUnrealEngine4
LogPluginManager: Mounting plugin OnlineSubsystemGooglePlay
LogPluginManager: Mounting plugin OnlineSubsystemIOS
LogPluginManager: Mounting plugin OnlineSubsystem
LogPluginManager: Mounting plugin OnlineSubsystemNull
LogPluginManager: Mounting plugin OnlineSubsystemSteam
LogPluginManager: Mounting plugin OnlineSubsystemUtils
LogPluginManager: Mounting plugin LauncherChunkInstaller
LogPluginManager: Mounting plugin AndroidDeviceProfileSelector
LogPluginManager: Mounting plugin AndroidMoviePlayer
LogPluginManager: Mounting plugin AndroidPermission
LogPluginManager: Mounting plugin AppleMoviePlayer
LogPluginManager: Mounting plugin ArchVisCharacter
LogPluginManager: Mounting plugin AudioCapture
LogPluginManager: Mounting plugin CableComponent
LogPluginManager: Mounting plugin CustomMeshComponent
LogPluginManager: Mounting plugin EditableMesh
LogPluginManager: Mounting plugin ExampleDeviceProfileSelector
LogPluginManager: Mounting plugin GoogleCloudMessaging
LogPluginManager: Mounting plugin ImmediatePhysics
LogPluginManager: Mounting plugin IOSDeviceProfileSelector
LogPluginManager: Mounting plugin LinuxDeviceProfileSelector
LogPluginManager: Mounting plugin LocationServicesBPLibrary
LogPluginManager: Mounting plugin MobilePatchingUtils
LogPluginManager: Mounting plugin OculusVR
LogPluginManager: Plugin shader directory ../../../Engine/Plugins/Runtime/Oculus/OculusVR/Shaders found
LogPluginManager: Mapping shader source directory ../../../Engine/Plugins/Runtime/Oculus/OculusVR/Shaders to virtual directory /Plugin/OculusVR
LogPluginManager: Mounting plugin PhysXVehicles
LogPluginManager: Mounting plugin ProceduralMeshComponent
LogPluginManager: Mounting plugin RuntimePhysXCooking
LogPluginManager: Mounting plugin SteamVR
LogPluginManager: Mounting plugin WindowsMoviePlayer
LogStreaming: Display: Took  0.054s to configure plugins.
LogInit: Using libcurl 7.55.1-DEV
LogInit:  - built for x86_64-pc-win32
LogInit:  - supports SSL with OpenSSL/1.0.2h
LogInit:  - supports HTTP deflate (compression) using libz 1.2.8
LogInit:  - other features:
LogInit:      CURL_VERSION_SSL
LogInit:      CURL_VERSION_LIBZ
LogInit:      CURL_VERSION_IPV6
LogInit:      CURL_VERSION_ASYNCHDNS
LogInit:      CURL_VERSION_LARGEFILE
LogInit:      CURL_VERSION_IDN
LogInit:  CurlRequestOptions (configurable via config and command line):
LogInit:  - bVerifyPeer = false  - Libcurl will NOT verify peer certificate
LogInit:  - bUseHttpProxy = false  - Libcurl will NOT use HTTP proxy
LogInit:  - bDontReuseConnections = false  - Libcurl will reuse connections
LogInit:  - CertBundlePath = nullptr  - Libcurl will use whatever was configured at build time.
LogInit:  - MaxHostConnections = 16  - Libcurl will limit the number of connections to a host
LogInit:  - LocalHostAddr = Default
LogInit:  - BufferSize = 65536
LogOnline: Display: STEAM: Loading Steam SDK 1.39
LogOnline: Warning: STEAM: Steam API disabled!
LogOnline: Display: STEAM: OnlineSubsystemSteam::Shutdown()
LogInit: WinSock: version 1.1 (2.2), MaxSocks=32767, MaxUdp=65467
LogInit: Build: ++UE4+Release-4.20-CL-4369336
LogInit: Engine Version: 4.20.3-4369336+++UE4+Release-4.20
LogInit: Compatible Engine Version: 4.20.0-4212847+++UE4+Release-4.20
LogInit: Net CL: 4212847
LogInit: OS: Windows 10 (), CPU: Intel(R) Xeon(R) CPU E5-2630 v3 @ 2.40GHz, GPU: AMD FirePro W7000
LogInit: Compiled (64-bit): Sep 17 2018 12:26:19
LogInit: Compiled with Visual C++: 19.13.26129.00
LogInit: Build Configuration: Development
LogInit: Branch Name: ++UE4+Release-4.20
LogInit: Command Line:  127.0.0.1 -game -PIEVIACONSOLE -ResX=640 -ResY=480  -Multiprocess -messaging -SessionName="Play in Standalone Game" -windowed GameUserSettingsINI="F:/Users/cvega/Desktop/UE4_Projects/Networking/Saved/Config/Windows/PIEGameUserSettings1.ini" -MultiprocessSaveConfig  -MultiprocessOSS WinX=2495 WinY=5 SAVEWINPOS=1
LogInit: Base Directory: C:/Program Files (x86)/Epic Games/UE_4.20/Engine/Binaries/Win64/
LogInit: Installed Engine Build: 1
LogDevObjectVersion: Number of dev versions registered: 20
LogDevObjectVersion:   Dev-Blueprints (B0D832E4-1F89-4F0D-ACCF-7EB736FD4AA2): 10
LogDevObjectVersion:   Dev-Build (E1C64328-A22C-4D53-A36C-8E866417BD8C): 0
LogDevObjectVersion:   Dev-Core (375EC13C-06E4-48FB-B500-84F0262A717E): 2
LogDevObjectVersion:   Dev-Editor (E4B068ED-F494-42E9-A231-DA0B2E46BB41): 24
LogDevObjectVersion:   Dev-Framework (CFFC743F-43B0-4480-9391-14DF171D2073): 34
LogDevObjectVersion:   Dev-Mobile (B02B49B5-BB20-44E9-A304-32B752E40360): 2
LogDevObjectVersion:   Dev-Networking (A4E4105C-59A1-49B5-A7C5-40C4547EDFEE): 0
LogDevObjectVersion:   Dev-Online (39C831C9-5AE6-47DC-9A44-9C173E1C8E7C): 0
LogDevObjectVersion:   Dev-Physics (78F01B33-EBEA-4F98-B9B4-84EACCB95AA2): 0
LogDevObjectVersion:   Dev-Platform (6631380F-2D4D-43E0-8009-CF276956A95A): 0
LogDevObjectVersion:   Dev-Rendering (12F88B9F-8875-4AFC-A67C-D90C383ABD29): 26
LogDevObjectVersion:   Dev-Sequencer (7B5AE74C-D270-4C10-A958-57980B212A5A): 9
LogDevObjectVersion:   Dev-VR (D7296918-1DD6-4BDD-9DE2-64A83CC13884): 2
LogDevObjectVersion:   Dev-LoadTimes (C2A15278-BFE7-4AFE-6C17-90FF531DF755): 1
LogDevObjectVersion:   Private-Geometry (6EACA3D4-40EC-4CC1-B786-8BED09428FC5): 3
LogDevObjectVersion:   Dev-AnimPhys (29E575DD-E0A3-4627-9D10-D276232CDCEA): 17
LogDevObjectVersion:   Dev-ReflectionCapture (6B266CEC-1EC7-4B8F-A30B-E4D90942FC07): 1
LogDevObjectVersion:   Dev-Automation (0DF73D61-A23F-47EA-B727-89E90C41499A): 1
LogDevObjectVersion:   FortniteMain (601D1886-AC64-4F84-AA16-D3DE0DEAC7D6): 12
LogDevObjectVersion:   Dev-Enterprise (9DFFBCD6-494F-0158-E221-12823C92A888): 1
LogStreaming: Display: Took  0.003s to delete old logs.
LogInit: Presizing for max 8388607 objects, including 0 objects not considered by GC, pre-allocating 0 bytes for permanent pool.
LogInit: Object subsystem initialized
[2018.10.12-20.57.37:791][  0]LogInit: Selected Device Profile: [Windows]
[2018.10.12-20.57.37:791][  0]LogInit: Applying CVar settings loaded from the selected device profile: [Windows]
[2018.10.12-20.57.37:798][  0]LogHAL: Display: Platform has ~ 32 GB [34279821312 / 34359738368 / 32], which maps to Largest [LargestMinGB=32, LargerMinGB=12, DefaultMinGB=8, SmallerMinGB=6, SmallestMinGB=0)
[2018.10.12-20.57.37:798][  0]LogInit: Setting Device Profile CVar: [[r.Vulkan.UseRealUBs:1]]
[2018.10.12-20.57.37:798][  0]LogInit: Going up to parent DeviceProfile []
[2018.10.12-20.57.37:798][  0]LogInit: Computer: IS-WK-CVEGA
[2018.10.12-20.57.37:798][  0]LogInit: User: cvega
[2018.10.12-20.57.37:798][  0]LogInit: CPU Page size=4096, Cores=8
[2018.10.12-20.57.37:798][  0]LogInit: High frequency timer resolution =2.338335 MHz
[2018.10.12-20.57.37:799][  0]LogMemory: Memory total: Physical=31.9GB (32GB approx)
[2018.10.12-20.57.37:799][  0]LogMemory: Platform Memory Stats for Windows
[2018.10.12-20.57.37:799][  0]LogMemory: Process Physical Memory: 104.43 MB used, 104.43 MB peak
[2018.10.12-20.57.37:799][  0]LogMemory: Process Virtual Memory: 91.78 MB used, 91.78 MB peak
[2018.10.12-20.57.37:799][  0]LogMemory: Physical Memory: 18463.80 MB used,  14227.99 MB free, 32691.79 MB total
[2018.10.12-20.57.37:799][  0]LogMemory: Virtual Memory: 583.51 MB used,  14227.99 MB free, 134217728.00 MB total
[2018.10.12-20.57.37:821][  0]LogInit: Using OS detected language (en-US).
[2018.10.12-20.57.37:821][  0]LogInit: Using OS detected locale (en-US).
[2018.10.12-20.57.37:822][  0]LogTextLocalizationManager: No specific localization for 'en-US' exists, so the 'en' localization will be used.
[2018.10.12-20.57.38:339][  0]LogStreaming: Display: Took  0.518s to InitEngineTextLocalization.
[2018.10.12-20.57.38:645][  0]LogSlate: New Slate User Created.  User Index 0, Is Virtual User: 0
[2018.10.12-20.57.38:645][  0]LogSlate: Slate User Registered.  User Index 0, Is Virtual User: 0
[2018.10.12-20.57.38:744][  0]LogHMD: Failed to initialize OpenVR with code 110
[2018.10.12-20.57.38:744][  0]LogD3D11RHI: D3D11 adapters:
[2018.10.12-20.57.38:790][  0]LogD3D11RHI:    0. 'AMD FirePro W7000' (Feature Level 11_0)
[2018.10.12-20.57.38:790][  0]LogD3D11RHI:       4078/0/16345 MB DedicatedVideo/DedicatedSystem/SharedSystem, Outputs:4, VendorId:0x1002
[2018.10.12-20.57.38:793][  0]LogD3D11RHI:    1. 'Microsoft Basic Render Driver' (Feature Level 11_0)
[2018.10.12-20.57.38:793][  0]LogD3D11RHI:       0/0/16345 MB DedicatedVideo/DedicatedSystem/SharedSystem, Outputs:0, VendorId:0x1414
[2018.10.12-20.57.38:793][  0]LogD3D11RHI: Chosen D3D11 Adapter: 0
[2018.10.12-20.57.38:807][  0]LogD3D11RHI: Creating new Direct3DDevice
[2018.10.12-20.57.38:807][  0]LogD3D11RHI:     GPU DeviceId: 0x6808 (for the marketing name, search the web for "GPU Device Id")
[2018.10.12-20.57.38:807][  0]LogWindows: EnumDisplayDevices:
[2018.10.12-20.57.38:807][  0]LogWindows:    0. 'AMD FirePro W7000' (P:0 D:1)
[2018.10.12-20.57.38:807][  0]LogWindows:    1. 'AMD FirePro W7000' (P:0 D:1)
[2018.10.12-20.57.38:808][  0]LogWindows:    2. 'AMD FirePro W7000' (P:1 D:1)
[2018.10.12-20.57.38:808][  0]LogWindows:    3. 'AMD FirePro W7000' (P:0 D:1)
[2018.10.12-20.57.38:809][  0]LogWindows:    4. 'AMD FirePro W7000' (P:0 D:0)
[2018.10.12-20.57.38:809][  0]LogWindows:    5. 'AMD FirePro W7000' (P:0 D:0)
[2018.10.12-20.57.38:809][  0]LogWindows:    6. 'AMD FirePro W7000' (P:0 D:0)
[2018.10.12-20.57.38:810][  0]LogWindows:    7. 'AMD FirePro W7000' (P:0 D:0)
[2018.10.12-20.57.38:810][  0]LogWindows:    8. 'AMD FirePro W7000' (P:0 D:0)
[2018.10.12-20.57.38:811][  0]LogWindows:    9. 'AMD FirePro W7000' (P:0 D:0)
[2018.10.12-20.57.38:811][  0]LogWindows:    10. 'AMD FirePro W7000' (P:0 D:0)
[2018.10.12-20.57.38:812][  0]LogWindows:    11. 'AMD FirePro W7000' (P:0 D:0)
[2018.10.12-20.57.38:813][  0]LogWindows:    12. 'DameWare Development Mirror Driver 64-bit' (P:0 D:0)
[2018.10.12-20.57.38:813][  0]LogWindows: DebugString: GetVideoDriverDetailsInvalid PrimaryIsNotTheChoosenAdapter FoundDriverCount:12 
[2018.10.12-20.57.38:813][  0]LogD3D11RHI:     Adapter Name: AMD FirePro W7000
[2018.10.12-20.57.38:813][  0]LogD3D11RHI:   Driver Version: Crimson 15.11 (internal:15.300.1025.1001, unified:15.300.1025.1001)
[2018.10.12-20.57.38:813][  0]LogD3D11RHI:      Driver Date: 11-29-2015
[2018.10.12-20.57.38:813][  0]LogRHI: Texture pool is 2854 MB (70% of 4078 MB)
[2018.10.12-20.57.39:035][  0]LogD3D11RHI: Async texture creation enabled
[2018.10.12-20.57.39:052][  0]LogD3D11RHI: GPU Timing Frequency: 27.000000 (Debug: 2 1)
[2018.10.12-20.57.39:067][  0]LogWindowsTextInputMethodSystem: Display: IME system now deactivated.
[2018.10.12-20.57.39:067][  0]LogWindowsTextInputMethodSystem: Display: IME system now deactivated.
[2018.10.12-20.57.40:031][  0]LogWindowsTextInputMethodSystem: Display: IME system now deactivated.
[2018.10.12-20.57.40:031][  0]LogWindowsTextInputMethodSystem: Display: IME system now deactivated.
[2018.10.12-20.57.40:032][  0]LogWindowsTextInputMethodSystem: Display: IME system now deactivated.
[2018.10.12-20.57.40:032][  0]LogWindowsTextInputMethodSystem: Display: IME system now deactivated.
[2018.10.12-20.57.40:033][  0]LogShaderCompilers: Guid format shader working directory is 2 characters bigger than the processId version (F:/Users/cvega/Desktop/UE4_Projects/Networking/Intermediate/Shaders/WorkingDirectory/71372/).
[2018.10.12-20.57.40:033][  0]LogShaderCompilers: Cleaned the shader compiler working directory 'C:/Users/cvega.BI/AppData/Local/Temp/UnrealShaderWorkingDir/CAED78EE42AA58EC16C5119C9A36F082/'.
[2018.10.12-20.57.40:373][  0]LogTemp: Display: Loaded TP WindowsClientTargetPlatform
[2018.10.12-20.57.40:389][  0]LogTemp: Display: Loaded TP WindowsNoEditorTargetPlatform
[2018.10.12-20.57.40:405][  0]LogTemp: Display: Loaded TP WindowsServerTargetPlatform
[2018.10.12-20.57.40:413][  0]LogTemp: Display: Loaded TP WindowsTargetPlatform
[2018.10.12-20.57.40:413][  0]LogTargetPlatformManager: Display: Building Assets For Windows
[2018.10.12-20.57.40:478][  0]LogXGEController: Cannot use XGE Controller as Incredibuild is not installed on this machine.
[2018.10.12-20.57.40:478][  0]LogShaderCompilers: Cannot use XGE Shader Compiler as Incredibuild is not installed on this machine.
[2018.10.12-20.57.40:478][  0]LogShaderCompilers: Display: Using Local Shader Compiler.
[2018.10.12-20.57.41:541][  0]LogDerivedDataCache: Display: Max Cache Size: 512 MB
[2018.10.12-20.57.41:612][  0]LogDerivedDataCache: Loaded boot cache 0.07s 71MB C:/Users/cvega.BI/AppData/Local/UnrealEngine/4.20/DerivedDataCache/Boot.ddc.
[2018.10.12-20.57.41:613][  0]LogDerivedDataCache: Display: Loaded Boot cache: C:/Users/cvega.BI/AppData/Local/UnrealEngine/4.20/DerivedDataCache/Boot.ddc
[2018.10.12-20.57.41:613][  0]LogDerivedDataCache: FDerivedDataBackendGraph:  Pak pak cache file F:/Users/cvega/Desktop/UE4_Projects/Networking/DerivedDataCache/DDC.ddp not found, will not use a pak cache.
[2018.10.12-20.57.41:613][  0]LogDerivedDataCache: Unable to find inner node Pak for hierarchical cache Hierarchy.
[2018.10.12-20.57.41:613][  0]LogDerivedDataCache: FDerivedDataBackendGraph:  CompressedPak pak cache file F:/Users/cvega/Desktop/UE4_Projects/Networking/DerivedDataCache/Compressed.ddp not found, will not use a pak cache.
[2018.10.12-20.57.41:613][  0]LogDerivedDataCache: Unable to find inner node CompressedPak for hierarchical cache Hierarchy.
[2018.10.12-20.57.41:630][  0]LogDerivedDataCache: Display: Pak cache opened for reading ../../../Engine/DerivedDataCache/Compressed.ddp.
[2018.10.12-20.57.41:642][  0]LogDerivedDataCache: Using Local data cache path C:/Users/cvega.BI/AppData/Local/UnrealEngine/Common/DerivedDataCache: Writable
[2018.10.12-20.57.41:642][  0]LogDerivedDataCache: Shared data cache path not found in *engine.ini, will not use an Shared cache.
[2018.10.12-20.57.41:642][  0]LogDerivedDataCache: Unable to find inner node Shared for hierarchical cache Hierarchy.
[2018.10.12-20.57.41:668][  0]LogMaterial: Verifying Global Shaders for PCD3D_SM5
[2018.10.12-20.57.41:670][  0]LogSlate: Using FreeType 2.6.0
[2018.10.12-20.57.41:670][  0]LogSlate: SlateFontServices - WITH_FREETYPE: 1, WITH_HARFBUZZ: 1
[2018.10.12-20.57.41:732][  0]LogInit: Using OS detected language (en-US).
[2018.10.12-20.57.41:732][  0]LogInit: Using OS detected locale (en-US).
[2018.10.12-20.57.41:732][  0]LogTextLocalizationManager: No localization for 'en-US' exists, so 'en' will be used for the language.
[2018.10.12-20.57.41:732][  0]LogTextLocalizationManager: No localization for 'en-US' exists, so 'en' will be used for the locale.
[2018.10.12-20.57.42:122][  0]LogStreaming: Display: Took  0.390s to InitGameTextLocalization.
[2018.10.12-20.57.42:131][  0]LogAssetRegistry: FAssetRegistry took 0.0053 seconds to start up
[2018.10.12-20.57.42:400][  0]LogPackageLocalizationCache: Processed 11 localized package path(s) for 1 prioritized culture(s) in 0.014308 seconds
[2018.10.12-20.57.42:532][  0]LogInit: Selected Device Profile: [Windows]
[2018.10.12-20.57.42:706][  0]LogSimplygon: Simplygon DLL not present - disabling.
[2018.10.12-20.57.42:709][  0]LogMeshReduction: Using SimplygonSwarm for distributed automatic mesh merging
[2018.10.12-20.57.42:709][  0]LogMeshReduction: Using ProxyLODMeshReduction for automatic mesh merging
[2018.10.12-20.57.42:709][  0]LogMeshReduction: Using QuadricMeshReduction for automatic static mesh reduction
[2018.10.12-20.57.42:709][  0]LogMeshReduction: No automatic skeletal mesh reduction module available
[2018.10.12-20.57.42:808][  0]LogNetVersion: Networking 1.0.0, NetCL: 4212847, EngineNetVer: 5, GameNetVer: 0 (Checksum: 1027472705)
[2018.10.12-20.57.43:358][  0]LogMoviePlayer: Initializing movie player
[2018.10.12-20.57.43:640][  0]LogTcpMessaging: Initializing TcpMessaging bridge
[2018.10.12-20.57.43:652][  0]LogUdpMessaging: Initializing bridge on interface 0.0.0.0:0 to multicast group 230.0.0.1:6666.
[2018.10.12-20.57.43:750][  0]SourceControl: Source control is disabled
[2018.10.12-20.57.43:750][  0]SourceControl: Source control is disabled
[2018.10.12-20.57.43:751][  0]SourceControl: Source control is disabled
[2018.10.12-20.57.43:877][  0]LogAndroidPermission: UAndroidPermissionCallbackProxy::GetInstance
[2018.10.12-20.57.43:939][  0]LogOcInput: OculusInput pre-init called
[2018.10.12-20.57.43:952][  0]LogUObjectArray: 43230 objects as part of root set at end of initial load.
[2018.10.12-20.57.43:952][  0]LogUObjectAllocator: 7618384 out of 0 bytes used by permanent object pool.
[2018.10.12-20.57.43:952][  0]LogUObjectArray: CloseDisregardForGC: 0/0 objects in disregard for GC pool
[2018.10.12-20.57.44:019][  0]LogEngine: Initializing Engine...
[2018.10.12-20.57.44:021][  0]LogHMD: Failed to initialize OpenVR with code 110
[2018.10.12-20.57.44:033][  0]LogStats: UGameplayTagsManager::ConstructGameplayTagTree: ImportINI prefixes -  0.000 s
[2018.10.12-20.57.44:033][  0]LogStats: UGameplayTagsManager::ConstructGameplayTagTree: Construct from data asset -  0.000 s
[2018.10.12-20.57.44:033][  0]LogStats: UGameplayTagsManager::ConstructGameplayTagTree: ImportINI -  0.000 s
[2018.10.12-20.57.44:033][  0]LogStats: UGameplayTagsManager::ConstructGameplayTagTree: GameplayTagTreeChangedEvent.Broadcast -  0.000 s
[2018.10.12-20.57.44:235][  0]LogInit: Initializing FReadOnlyCVARCache
[2018.10.12-20.57.44:246][  0]LogInit: XAudio2 using 'Speakers (3- C-Media USB Audio Device   )' : 2 channels at 48 kHz using 16 bits per sample (channel mask 0x3)
[2018.10.12-20.57.44:258][  0]LogInit: FAudioDevice initialized.
[2018.10.12-20.57.44:269][  0]LogNetVersion: Set ProjectVersion to 1.0.0.0. Version Checksum will be recalculated on next use.
[2018.10.12-20.57.44:281][  0]LogInit: Texture streaming: Enabled
[2018.10.12-20.57.44:508][  0]LogSlate: Updating window title bar state: overlay mode, drag disabled, window buttons hidden, title bar hidden
[2018.10.12-20.57.44:509][  0]LogInit: Display: Game Engine Initialized.
[2018.10.12-20.57.44:509][  0]LogGameplayTags: Display: UGameplayTagsManager::DoneAddingNativeTags. DelegateIsBound: 0
[2018.10.12-20.57.44:509][  0]LogStats: UGameplayTagsManager::ConstructGameplayTagTree: ImportINI prefixes -  0.000 s
[2018.10.12-20.57.44:509][  0]LogStats: UGameplayTagsManager::ConstructGameplayTagTree: Construct from data asset -  0.000 s
[2018.10.12-20.57.44:509][  0]LogStats: UGameplayTagsManager::ConstructGameplayTagTree: ImportINI -  0.000 s
[2018.10.12-20.57.44:509][  0]LogStats: UGameplayTagsManager::ConstructGameplayTagTree: GameplayTagTreeChangedEvent.Broadcast -  0.000 s
[2018.10.12-20.57.44:525][  0]LogInit: Display: Starting Game.
[2018.10.12-20.57.44:525][  0]LogNet: Browse: 127.0.0.1//Game/Maps/Main?Name=Player
[2018.10.12-20.57.44:525][  0]LogOnline: Warning: STEAM: Steam API disabled!
[2018.10.12-20.57.44:525][  0]LogOnline: Display: STEAM: OnlineSubsystemSteam::Shutdown()
[2018.10.12-20.57.44:525][  0]LogTemp: Display: ParseSettings for GameNetDriver
[2018.10.12-20.57.44:525][  0]LogTemp: Display: ParseSettings for IpNetDriver_0
[2018.10.12-20.57.44:525][  0]LogTemp: Display: ParseSettings for PendingNetDriver
[2018.10.12-20.57.44:526][  0]LogInit: WinSock: Socket queue 32768 / 32768
[2018.10.12-20.57.44:527][  0]LogInit: WinSock: I am IS-WK-CVEGA (192.168.2.2:0)
[2018.10.12-20.57.44:527][  0]PacketHandlerLog: Loaded PacketHandler component: Engine.EngineHandlerComponentFactory (StatelessConnectHandlerComponent)
[2018.10.12-20.57.44:527][  0]LogNet: Game client on port 7777, rate 10000
[2018.10.12-20.57.44:964][  0]LogLoad: (Engine Initialization) Total time: 9.23 seconds
[2018.10.12-20.57.44:964][  0]LogLoad: (Engine Initialization) Total Blueprint compile time: 0.00 seconds
[2018.10.12-20.57.44:986][  0]LogContentStreaming: Texture pool size now 1000 MB
