Log file open, 10/12/18 17:03:49
LogWindows: Failed to load 'aqProf.dll' (GetLastError=126)
LogWindows: File 'aqProf.dll' does not exist
LogWindows: Failed to load 'VtuneApi.dll' (GetLastError=126)
LogWindows: File 'VtuneApi.dll' does not exist
LogWindows: Failed to load 'VtuneApi32e.dll' (GetLastError=126)
LogWindows: File 'VtuneApi32e.dll' does not exist
LogInit: Display: Running engine for game: Networking
LogPlatformFile: Not using cached read wrapper
LogTaskGraph: Started task graph with 5 named threads and 47 total threads with 3 sets of task threads.
LogStats: Stats thread started at 0.553956
LogD3D11RHI: Loaded GFSDK_Aftermath_Lib.x64.dll
LogICUInternationalization: Display: ICU TimeZone Detection - Raw Offset: -5:00, Platform Override: ''
LogPluginManager: Mounting plugin Paper2D
LogPluginManager: Mounting plugin AdvancedSessions
LogPluginManager: Mounting plugin AdvancedSteamSessions
LogPluginManager: Mounting plugin AISupport
LogPluginManager: Mounting plugin LightPropagationVolume
LogPluginManager: Mounting plugin CLionSourceCodeAccess
LogPluginManager: Mounting plugin CodeLiteSourceCodeAccess
LogPluginManager: Mounting plugin GitSourceControl
LogPluginManager: Mounting plugin KDevelopSourceCodeAccess
LogPluginManager: Mounting plugin NullSourceCodeAccess
LogPluginManager: Mounting plugin PerforceSourceControl
LogPluginManager: Mounting plugin SubversionSourceControl
LogPluginManager: Mounting plugin UObjectPlugin
LogPluginManager: Mounting plugin VisualStudioCodeSourceCodeAccess
LogPluginManager: Mounting plugin VisualStudioSourceCodeAccess
LogPluginManager: Mounting plugin XCodeSourceCodeAccess
LogPluginManager: Mounting plugin AssetManagerEditor
LogPluginManager: Mounting plugin CryptoKeys
LogPluginManager: Mounting plugin DataValidation
LogPluginManager: Mounting plugin FacialAnimation
LogPluginManager: Mounting plugin GameplayTagsEditor
LogPluginManager: Mounting plugin MacGraphicsSwitching
LogPluginManager: Mounting plugin MeshEditor
LogPluginManager: Mounting plugin MobileLauncherProfileWizard
LogPluginManager: Mounting plugin PluginBrowser
LogPluginManager: Mounting plugin SpeedTreeImporter
LogPluginManager: Mounting plugin DatasmithContent
LogPluginManager: Mounting plugin AlembicImporter
LogPluginManager: Mounting plugin AppleImageUtils
LogPluginManager: Mounting plugin AppleVision
LogPluginManager: Mounting plugin BackChannel
LogPluginManager: Mounting plugin CharacterAI
LogPluginManager: Mounting plugin GeometryCache
LogPluginManager: Mounting plugin HTML5Networking
LogPluginManager: Mounting plugin ProxyLODPlugin
LogPluginManager: Mounting plugin MagicLeap
LogPluginManager: Mounting plugin MagicLeapEmulator
LogPluginManager: Mounting plugin MagicLeapMedia
LogPluginManager: Mounting plugin JSONParser
LogPluginManager: Mounting plugin WebCommunication
LogPluginManager: Mounting plugin AndroidMedia
LogPluginManager: Mounting plugin AvfMedia
LogPluginManager: Mounting plugin ImgMedia
LogPluginManager: Mounting plugin LinearTimecode
LogPluginManager: Mounting plugin MediaCompositing
LogPluginManager: Mounting plugin MediaPlayerEditor
LogPluginManager: Mounting plugin WmfMedia
LogPluginManager: Mounting plugin TcpMessaging
LogPluginManager: Mounting plugin UdpMessaging
LogPluginManager: Mounting plugin ActorSequence
LogPluginManager: Mounting plugin LevelSequenceEditor
LogPluginManager: Mounting plugin MatineeToLevelSequence
LogPluginManager: Mounting plugin NetcodeUnitTest
LogPluginManager: Mounting plugin NUTUnrealEngine4
LogPluginManager: Mounting plugin OnlineSubsystemGooglePlay
LogPluginManager: Mounting plugin OnlineSubsystemIOS
LogPluginManager: Mounting plugin OnlineSubsystem
LogPluginManager: Mounting plugin OnlineSubsystemNull
LogPluginManager: Mounting plugin OnlineSubsystemSteam
LogPluginManager: Mounting plugin OnlineSubsystemUtils
LogPluginManager: Mounting plugin LauncherChunkInstaller
LogPluginManager: Mounting plugin AndroidDeviceProfileSelector
LogPluginManager: Mounting plugin AndroidMoviePlayer
LogPluginManager: Mounting plugin AndroidPermission
LogPluginManager: Mounting plugin AppleMoviePlayer
LogPluginManager: Mounting plugin ArchVisCharacter
LogPluginManager: Mounting plugin AudioCapture
LogPluginManager: Mounting plugin CableComponent
LogPluginManager: Mounting plugin CustomMeshComponent
LogPluginManager: Mounting plugin EditableMesh
LogPluginManager: Mounting plugin ExampleDeviceProfileSelector
LogPluginManager: Mounting plugin GoogleCloudMessaging
LogPluginManager: Mounting plugin ImmediatePhysics
LogPluginManager: Mounting plugin IOSDeviceProfileSelector
LogPluginManager: Mounting plugin LinuxDeviceProfileSelector
LogPluginManager: Mounting plugin LocationServicesBPLibrary
LogPluginManager: Mounting plugin MobilePatchingUtils
LogPluginManager: Mounting plugin OculusVR
LogPluginManager: Plugin shader directory ../../../Engine/Plugins/Runtime/Oculus/OculusVR/Shaders found
LogPluginManager: Mapping shader source directory ../../../Engine/Plugins/Runtime/Oculus/OculusVR/Shaders to virtual directory /Plugin/OculusVR
LogPluginManager: Mounting plugin PhysXVehicles
LogPluginManager: Mounting plugin ProceduralMeshComponent
LogPluginManager: Mounting plugin RuntimePhysXCooking
LogPluginManager: Mounting plugin SteamVR
LogPluginManager: Mounting plugin WindowsMoviePlayer
LogStreaming: Display: Took  0.081s to configure plugins.
LogInit: Using libcurl 7.55.1-DEV
LogInit:  - built for x86_64-pc-win32
LogInit:  - supports SSL with OpenSSL/1.0.2h
LogInit:  - supports HTTP deflate (compression) using libz 1.2.8
LogInit:  - other features:
LogInit:      CURL_VERSION_SSL
LogInit:      CURL_VERSION_LIBZ
LogInit:      CURL_VERSION_IPV6
LogInit:      CURL_VERSION_ASYNCHDNS
LogInit:      CURL_VERSION_LARGEFILE
LogInit:      CURL_VERSION_IDN
LogInit:  CurlRequestOptions (configurable via config and command line):
LogInit:  - bVerifyPeer = false  - Libcurl will NOT verify peer certificate
LogInit:  - bUseHttpProxy = false  - Libcurl will NOT use HTTP proxy
LogInit:  - bDontReuseConnections = false  - Libcurl will reuse connections
LogInit:  - CertBundlePath = nullptr  - Libcurl will use whatever was configured at build time.
LogInit:  - MaxHostConnections = 16  - Libcurl will limit the number of connections to a host
LogInit:  - LocalHostAddr = Default
LogInit:  - BufferSize = 65536
LogOnline: Display: STEAM: Loading Steam SDK 1.39
LogOnline: Warning: STEAM: Steam API disabled!
LogOnline: Display: STEAM: OnlineSubsystemSteam::Shutdown()
LogInit: WinSock: version 1.1 (2.2), MaxSocks=32767, MaxUdp=65467
LogInit: Build: ++UE4+Release-4.20-CL-4369336
LogInit: Engine Version: 4.20.3-4369336+++UE4+Release-4.20
LogInit: Compatible Engine Version: 4.20.0-4212847+++UE4+Release-4.20
LogInit: Net CL: 4212847
LogInit: OS: Windows 10 (), CPU: Intel(R) Xeon(R) CPU E5-2630 v3 @ 2.40GHz, GPU: AMD FirePro W7000
LogInit: Compiled (64-bit): Sep 17 2018 12:26:19
LogInit: Compiled with Visual C++: 19.13.26129.00
LogInit: Build Configuration: Development
LogInit: Branch Name: ++UE4+Release-4.20
LogInit: Command Line:  
LogInit: Base Directory: C:/Program Files (x86)/Epic Games/UE_4.20/Engine/Binaries/Win64/
LogInit: Installed Engine Build: 1
LogDevObjectVersion: Number of dev versions registered: 20
LogDevObjectVersion:   Dev-Blueprints (B0D832E4-1F89-4F0D-ACCF-7EB736FD4AA2): 10
LogDevObjectVersion:   Dev-Build (E1C64328-A22C-4D53-A36C-8E866417BD8C): 0
LogDevObjectVersion:   Dev-Core (375EC13C-06E4-48FB-B500-84F0262A717E): 2
LogDevObjectVersion:   Dev-Editor (E4B068ED-F494-42E9-A231-DA0B2E46BB41): 24
LogDevObjectVersion:   Dev-Framework (CFFC743F-43B0-4480-9391-14DF171D2073): 34
LogDevObjectVersion:   Dev-Mobile (B02B49B5-BB20-44E9-A304-32B752E40360): 2
LogDevObjectVersion:   Dev-Networking (A4E4105C-59A1-49B5-A7C5-40C4547EDFEE): 0
LogDevObjectVersion:   Dev-Online (39C831C9-5AE6-47DC-9A44-9C173E1C8E7C): 0
LogDevObjectVersion:   Dev-Physics (78F01B33-EBEA-4F98-B9B4-84EACCB95AA2): 0
LogDevObjectVersion:   Dev-Platform (6631380F-2D4D-43E0-8009-CF276956A95A): 0
LogDevObjectVersion:   Dev-Rendering (12F88B9F-8875-4AFC-A67C-D90C383ABD29): 26
LogDevObjectVersion:   Dev-Sequencer (7B5AE74C-D270-4C10-A958-57980B212A5A): 9
LogDevObjectVersion:   Dev-VR (D7296918-1DD6-4BDD-9DE2-64A83CC13884): 2
LogDevObjectVersion:   Dev-LoadTimes (C2A15278-BFE7-4AFE-6C17-90FF531DF755): 1
LogDevObjectVersion:   Private-Geometry (6EACA3D4-40EC-4CC1-B786-8BED09428FC5): 3
LogDevObjectVersion:   Dev-AnimPhys (29E575DD-E0A3-4627-9D10-D276232CDCEA): 17
LogDevObjectVersion:   Dev-ReflectionCapture (6B266CEC-1EC7-4B8F-A30B-E4D90942FC07): 1
LogDevObjectVersion:   Dev-Automation (0DF73D61-A23F-47EA-B727-89E90C41499A): 1
LogDevObjectVersion:   FortniteMain (601D1886-AC64-4F84-AA16-D3DE0DEAC7D6): 12
LogDevObjectVersion:   Dev-Enterprise (9DFFBCD6-494F-0158-E221-12823C92A888): 1
LogStreaming: Display: Took  0.003s to delete old logs.
LogInit: Presizing for max 8388607 objects, including 0 objects not considered by GC, pre-allocating 0 bytes for permanent pool.
LogInit: Object subsystem initialized
[2018.10.12-21.03.49:513][  0]LogInit: Selected Device Profile: [Windows]
[2018.10.12-21.03.49:513][  0]LogInit: Applying CVar settings loaded from the selected device profile: [Windows]
[2018.10.12-21.03.49:522][  0]LogHAL: Display: Platform has ~ 32 GB [34279821312 / 34359738368 / 32], which maps to Largest [LargestMinGB=32, LargerMinGB=12, DefaultMinGB=8, SmallerMinGB=6, SmallestMinGB=0)
[2018.10.12-21.03.49:522][  0]LogInit: Setting Device Profile CVar: [[r.Vulkan.UseRealUBs:1]]
[2018.10.12-21.03.49:522][  0]LogInit: Going up to parent DeviceProfile []
[2018.10.12-21.03.49:523][  0]LogInit: Computer: IS-WK-CVEGA
[2018.10.12-21.03.49:523][  0]LogInit: User: cvega
[2018.10.12-21.03.49:523][  0]LogInit: CPU Page size=4096, Cores=8
[2018.10.12-21.03.49:523][  0]LogInit: High frequency timer resolution =2.338335 MHz
[2018.10.12-21.03.49:523][  0]LogMemory: Memory total: Physical=31.9GB (32GB approx)
[2018.10.12-21.03.49:523][  0]LogMemory: Platform Memory Stats for Windows
[2018.10.12-21.03.49:523][  0]LogMemory: Process Physical Memory: 104.08 MB used, 104.08 MB peak
[2018.10.12-21.03.49:523][  0]LogMemory: Process Virtual Memory: 91.80 MB used, 91.80 MB peak
[2018.10.12-21.03.49:523][  0]LogMemory: Physical Memory: 18436.75 MB used,  14255.04 MB free, 32691.79 MB total
[2018.10.12-21.03.49:523][  0]LogMemory: Virtual Memory: 583.51 MB used,  14255.04 MB free, 134217728.00 MB total
[2018.10.12-21.03.49:544][  0]LogInit: Using OS detected language (en-US).
[2018.10.12-21.03.49:544][  0]LogInit: Using OS detected locale (en-US).
[2018.10.12-21.03.49:544][  0]LogTextLocalizationManager: No specific localization for 'en-US' exists, so the 'en' localization will be used.
[2018.10.12-21.03.50:046][  0]LogStreaming: Display: Took  0.502s to InitEngineTextLocalization.
[2018.10.12-21.03.50:046][  0]LogInit: Setting process to per monitor DPI aware
[2018.10.12-21.03.50:178][  0]LogSlate: New Slate User Created.  User Index 0, Is Virtual User: 0
[2018.10.12-21.03.50:178][  0]LogSlate: Slate User Registered.  User Index 0, Is Virtual User: 0
[2018.10.12-21.03.50:505][  0]LogHMD: Failed to initialize OpenVR with code 110
[2018.10.12-21.03.50:505][  0]LogD3D11RHI: D3D11 adapters:
[2018.10.12-21.03.50:589][  0]LogD3D11RHI:    0. 'AMD FirePro W7000' (Feature Level 11_0)
[2018.10.12-21.03.50:590][  0]LogD3D11RHI:       4078/0/16345 MB DedicatedVideo/DedicatedSystem/SharedSystem, Outputs:4, VendorId:0x1002
[2018.10.12-21.03.50:593][  0]LogD3D11RHI:    1. 'Microsoft Basic Render Driver' (Feature Level 11_0)
[2018.10.12-21.03.50:593][  0]LogD3D11RHI:       0/0/16345 MB DedicatedVideo/DedicatedSystem/SharedSystem, Outputs:0, VendorId:0x1414
[2018.10.12-21.03.50:593][  0]LogD3D11RHI: Chosen D3D11 Adapter: 0
[2018.10.12-21.03.50:609][  0]LogD3D11RHI: Creating new Direct3DDevice
[2018.10.12-21.03.50:609][  0]LogD3D11RHI:     GPU DeviceId: 0x6808 (for the marketing name, search the web for "GPU Device Id")
[2018.10.12-21.03.50:609][  0]LogWindows: EnumDisplayDevices:
[2018.10.12-21.03.50:609][  0]LogWindows:    0. 'AMD FirePro W7000' (P:0 D:1)
[2018.10.12-21.03.50:610][  0]LogWindows:    1. 'AMD FirePro W7000' (P:0 D:1)
[2018.10.12-21.03.50:610][  0]LogWindows:    2. 'AMD FirePro W7000' (P:1 D:1)
[2018.10.12-21.03.50:611][  0]LogWindows:    3. 'AMD FirePro W7000' (P:0 D:1)
[2018.10.12-21.03.50:611][  0]LogWindows:    4. 'AMD FirePro W7000' (P:0 D:0)
[2018.10.12-21.03.50:612][  0]LogWindows:    5. 'AMD FirePro W7000' (P:0 D:0)
[2018.10.12-21.03.50:612][  0]LogWindows:    6. 'AMD FirePro W7000' (P:0 D:0)
[2018.10.12-21.03.50:613][  0]LogWindows:    7. 'AMD FirePro W7000' (P:0 D:0)
[2018.10.12-21.03.50:613][  0]LogWindows:    8. 'AMD FirePro W7000' (P:0 D:0)
[2018.10.12-21.03.50:614][  0]LogWindows:    9. 'AMD FirePro W7000' (P:0 D:0)
[2018.10.12-21.03.50:615][  0]LogWindows:    10. 'AMD FirePro W7000' (P:0 D:0)
[2018.10.12-21.03.50:615][  0]LogWindows:    11. 'AMD FirePro W7000' (P:0 D:0)
[2018.10.12-21.03.50:615][  0]LogWindows:    12. 'DameWare Development Mirror Driver 64-bit' (P:0 D:0)
[2018.10.12-21.03.50:615][  0]LogWindows: DebugString: GetVideoDriverDetailsInvalid PrimaryIsNotTheChoosenAdapter FoundDriverCount:12 
[2018.10.12-21.03.50:615][  0]LogD3D11RHI:     Adapter Name: AMD FirePro W7000
[2018.10.12-21.03.50:615][  0]LogD3D11RHI:   Driver Version: Crimson 15.11 (internal:15.300.1025.1001, unified:15.300.1025.1001)
[2018.10.12-21.03.50:615][  0]LogD3D11RHI:      Driver Date: 11-29-2015
[2018.10.12-21.03.50:615][  0]LogRHI: Texture pool is 2854 MB (70% of 4078 MB)
[2018.10.12-21.03.50:746][  0]LogD3D11RHI: Async texture creation enabled
[2018.10.12-21.03.50:763][  0]LogD3D11RHI: GPU Timing Frequency: 27.000000 (Debug: 2 1)
[2018.10.12-21.03.53:505][  0]LogWindowsTextInputMethodSystem: Display: IME system now deactivated.
[2018.10.12-21.03.53:505][  0]LogWindowsTextInputMethodSystem: Display: IME system now deactivated.
[2018.10.12-21.03.53:508][  0]LogShaderCompilers: Guid format shader working directory is 2 characters bigger than the processId version (F:/Users/cvega/Desktop/UE4_Projects/Networking/Intermediate/Shaders/WorkingDirectory/77844/).
[2018.10.12-21.03.53:509][  0]LogShaderCompilers: Cleaned the shader compiler working directory 'C:/Users/cvega.BI/AppData/Local/Temp/UnrealShaderWorkingDir/ED4F02994DC2D86621983FB455653330/'.
[2018.10.12-21.03.53:845][  0]LogTemp: Display: Loaded TP AllDesktopTargetPlatform
[2018.10.12-21.03.53:862][  0]LogTemp: Display: Loaded TP MacClientTargetPlatform
[2018.10.12-21.03.53:879][  0]LogTemp: Display: Loaded TP MacNoEditorTargetPlatform
[2018.10.12-21.03.53:899][  0]LogTemp: Display: Loaded TP MacServerTargetPlatform
[2018.10.12-21.03.53:916][  0]LogTemp: Display: Loaded TP MacTargetPlatform
[2018.10.12-21.03.53:934][  0]LogTemp: Display: Loaded TP WindowsClientTargetPlatform
[2018.10.12-21.03.53:952][  0]LogTemp: Display: Loaded TP WindowsNoEditorTargetPlatform
[2018.10.12-21.03.53:973][  0]LogTemp: Display: Loaded TP WindowsServerTargetPlatform
[2018.10.12-21.03.53:984][  0]LogTemp: Display: Loaded TP WindowsTargetPlatform
[2018.10.12-21.03.54:100][  0]LogTemp: Display: Loaded TP AndroidTargetPlatform
[2018.10.12-21.03.54:100][  0]LogTemp: Display: Loaded TP AndroidTargetPlatform
[2018.10.12-21.03.54:100][  0]LogTemp: Display: Loaded TP AndroidTargetPlatform
[2018.10.12-21.03.54:100][  0]LogTemp: Display: Loaded TP AndroidTargetPlatform
[2018.10.12-21.03.54:100][  0]LogTemp: Display: Loaded TP AndroidTargetPlatform
[2018.10.12-21.03.54:100][  0]LogTemp: Display: Loaded TP AndroidTargetPlatform
[2018.10.12-21.03.54:100][  0]LogTemp: Display: Loaded TP AndroidTargetPlatform
[2018.10.12-21.03.54:100][  0]LogTemp: Display: Loaded TP AndroidTargetPlatform
[2018.10.12-21.03.54:100][  0]LogTemp: Display: Loaded TP AndroidTargetPlatform
[2018.10.12-21.03.54:100][  0]LogTemp: Display: Loaded TP AndroidTargetPlatform
[2018.10.12-21.03.54:100][  0]LogTemp: Display: Loaded TP AndroidTargetPlatform
[2018.10.12-21.03.54:100][  0]LogTemp: Display: Loaded TP AndroidTargetPlatform
[2018.10.12-21.03.54:100][  0]LogTemp: Display: Loaded TP AndroidTargetPlatform
[2018.10.12-21.03.54:100][  0]LogTemp: Display: Loaded TP AndroidTargetPlatform
[2018.10.12-21.03.54:101][  0]LogTemp: Display: Loaded TP AndroidTargetPlatform
[2018.10.12-21.03.54:101][  0]LogTemp: Display: Loaded TP AndroidTargetPlatform
[2018.10.12-21.03.54:101][  0]LogTemp: Display: Loaded TP AndroidTargetPlatform
[2018.10.12-21.03.54:101][  0]LogTemp: Display: Loaded TP AndroidTargetPlatform
[2018.10.12-21.03.54:102][  0]LogTemp: Display: Loaded TP HTML5TargetPlatform
[2018.10.12-21.03.54:170][  0]LogTemp: Display: Loaded TP IOSTargetPlatform
[2018.10.12-21.03.54:170][  0]LogTemp: Display: Loaded TP IOSTargetPlatform
[2018.10.12-21.03.54:201][  0]LogTemp: Display: Loaded TP TVOSTargetPlatform
[2018.10.12-21.03.54:201][  0]LogTemp: Display: Loaded TP TVOSTargetPlatform
[2018.10.12-21.03.54:217][  0]LogTemp: Display: Loaded TP LinuxClientTargetPlatform
[2018.10.12-21.03.54:239][  0]LogTemp: Display: Loaded TP LinuxNoEditorTargetPlatform
[2018.10.12-21.03.54:260][  0]LogTemp: Display: Loaded TP LinuxServerTargetPlatform
[2018.10.12-21.03.54:276][  0]LogTemp: Display: Loaded TP LinuxTargetPlatform
[2018.10.12-21.03.54:288][  0]LogTemp: Display: Loaded TP LuminTargetPlatform
[2018.10.12-21.03.54:288][  0]LogTargetPlatformManager: Display: Building Assets For Windows
[2018.10.12-21.03.54:351][  0]LogXGEController: Cannot use XGE Controller as Incredibuild is not installed on this machine.
[2018.10.12-21.03.54:351][  0]LogShaderCompilers: Cannot use XGE Shader Compiler as Incredibuild is not installed on this machine.
[2018.10.12-21.03.54:351][  0]LogShaderCompilers: Display: Using Local Shader Compiler.
[2018.10.12-21.03.55:387][  0]LogDerivedDataCache: Display: Max Cache Size: 512 MB
[2018.10.12-21.03.55:456][  0]LogDerivedDataCache: Loaded boot cache 0.07s 71MB C:/Users/cvega.BI/AppData/Local/UnrealEngine/4.20/DerivedDataCache/Boot.ddc.
[2018.10.12-21.03.55:456][  0]LogDerivedDataCache: Display: Loaded Boot cache: C:/Users/cvega.BI/AppData/Local/UnrealEngine/4.20/DerivedDataCache/Boot.ddc
[2018.10.12-21.03.55:456][  0]LogDerivedDataCache: FDerivedDataBackendGraph:  Pak pak cache file F:/Users/cvega/Desktop/UE4_Projects/Networking/DerivedDataCache/DDC.ddp not found, will not use a pak cache.
[2018.10.12-21.03.55:457][  0]LogDerivedDataCache: Unable to find inner node Pak for hierarchical cache Hierarchy.
[2018.10.12-21.03.55:457][  0]LogDerivedDataCache: FDerivedDataBackendGraph:  CompressedPak pak cache file F:/Users/cvega/Desktop/UE4_Projects/Networking/DerivedDataCache/Compressed.ddp not found, will not use a pak cache.
[2018.10.12-21.03.55:457][  0]LogDerivedDataCache: Unable to find inner node CompressedPak for hierarchical cache Hierarchy.
[2018.10.12-21.03.55:473][  0]LogDerivedDataCache: Display: Pak cache opened for reading ../../../Engine/DerivedDataCache/Compressed.ddp.
[2018.10.12-21.03.55:485][  0]LogDerivedDataCache: Using Local data cache path C:/Users/cvega.BI/AppData/Local/UnrealEngine/Common/DerivedDataCache: Writable
[2018.10.12-21.03.55:485][  0]LogDerivedDataCache: Shared data cache path not found in *engine.ini, will not use an Shared cache.
[2018.10.12-21.03.55:485][  0]LogDerivedDataCache: Unable to find inner node Shared for hierarchical cache Hierarchy.
[2018.10.12-21.03.55:515][  0]LogMaterial: Verifying Global Shaders for PCD3D_SM5
[2018.10.12-21.03.55:517][  0]LogSlate: Using FreeType 2.6.0
[2018.10.12-21.03.55:518][  0]LogSlate: SlateFontServices - WITH_FREETYPE: 1, WITH_HARFBUZZ: 1
[2018.10.12-21.03.55:606][  0]LogAssetRegistry: FAssetRegistry took 0.0269 seconds to start up
[2018.10.12-21.03.56:012][  0]LogInit: Selected Device Profile: [Windows]
[2018.10.12-21.03.56:173][  0]LogSimplygon: Simplygon DLL not present - disabling.
[2018.10.12-21.03.56:176][  0]LogMeshReduction: Using SimplygonSwarm for distributed automatic mesh merging
[2018.10.12-21.03.56:176][  0]LogMeshReduction: Using ProxyLODMeshReduction for automatic mesh merging
[2018.10.12-21.03.56:176][  0]LogMeshReduction: Using QuadricMeshReduction for automatic static mesh reduction
[2018.10.12-21.03.56:176][  0]LogMeshReduction: No automatic skeletal mesh reduction module available
[2018.10.12-21.03.56:275][  0]LogNetVersion: Networking 1.0.0, NetCL: 4212847, EngineNetVer: 5, GameNetVer: 0 (Checksum: 1027472705)
[2018.10.12-21.03.56:840][  0]LogPackageLocalizationCache: Processed 11 localized package path(s) for 2 prioritized culture(s) in 0.066515 seconds
[2018.10.12-21.03.56:845][  0]LogUObjectArray: 38434 objects as part of root set at end of initial load.
[2018.10.12-21.03.56:845][  0]LogUObjectAllocator: 6701144 out of 0 bytes used by permanent object pool.
[2018.10.12-21.03.56:845][  0]LogUObjectArray: CloseDisregardForGC: 0/0 objects in disregard for GC pool
[2018.10.12-21.04.08:711][  0]LogTcpMessaging: Initializing TcpMessaging bridge
[2018.10.12-21.04.08:724][  0]LogUdpMessaging: Initializing bridge on interface 0.0.0.0:0 to multicast group 230.0.0.1:6666.
[2018.10.12-21.04.08:959][  0]SourceControl: Source control is disabled
[2018.10.12-21.04.08:959][  0]SourceControl: Source control is disabled
[2018.10.12-21.04.08:960][  0]SourceControl: Source control is disabled
[2018.10.12-21.04.08:961][  0]SourceControl: Source control is disabled
[2018.10.12-21.04.09:188][  0]LogAndroidPermission: UAndroidPermissionCallbackProxy::GetInstance
[2018.10.12-21.04.09:241][  0]LogOcInput: OculusInput pre-init called
[2018.10.12-21.04.09:309][  0]LogEngine: Initializing Engine...
[2018.10.12-21.04.09:310][  0]LogHMD: Failed to initialize OpenVR with code 110
[2018.10.12-21.04.09:312][  0]LogStats: UGameplayTagsManager::ConstructGameplayTagTree: ImportINI prefixes -  0.000 s
[2018.10.12-21.04.09:312][  0]LogStats: UGameplayTagsManager::ConstructGameplayTagTree: Construct from data asset -  0.000 s
[2018.10.12-21.04.09:312][  0]LogStats: UGameplayTagsManager::ConstructGameplayTagTree: ImportINI -  0.000 s
[2018.10.12-21.04.09:312][  0]LogStats: UGameplayTagsManager::ConstructGameplayTagTree: GameplayTagTreeChangedEvent.Broadcast -  0.000 s
[2018.10.12-21.04.09:561][  0]LogInit: Initializing FReadOnlyCVARCache
[2018.10.12-21.04.09:576][  0]LogAIModule: Creating AISystem for world Untitled
[2018.10.12-21.04.09:604][  0]LogInit: XAudio2 using 'Speakers (3- C-Media USB Audio Device   )' : 2 channels at 48 kHz using 16 bits per sample (channel mask 0x3)
[2018.10.12-21.04.09:616][  0]LogInit: FAudioDevice initialized.
[2018.10.12-21.04.09:616][  0]LogNetVersion: Set ProjectVersion to 1.0.0.0. Version Checksum will be recalculated on next use.
[2018.10.12-21.04.09:828][  0]LogDerivedDataCache: Saved boot cache 0.21s 71MB C:/Users/cvega.BI/AppData/Local/UnrealEngine/4.20/DerivedDataCache/Boot.ddc.
[2018.10.12-21.04.09:838][  0]LogInit: Texture streaming: Enabled
[2018.10.12-21.04.09:858][  0]LogEngineSessionManager: EngineSessionManager initialized
[2018.10.12-21.04.09:880][  0]LogInit: Transaction tracking system initialized
[2018.10.12-21.04.09:904][  0]BlueprintLog: New page: Editor Load
[2018.10.12-21.04.10:003][  0]LocalizationService: Localization service is disabled
[2018.10.12-21.04.10:474][  0]LogLinker: Warning: Can't find file '/Game/FirstPersonBP/FirstPersonOverview'
[2018.10.12-21.04.10:474][  0]LogLinker: Warning: Can't find file '/Game/FirstPersonBP/FirstPersonOverview'
[2018.10.12-21.04.10:475][  0]LogUObjectGlobals: Warning: Failed to find object 'Class /Game/FirstPersonBP/FirstPersonOverview.FirstPersonOverview_C'
[2018.10.12-21.04.10:735][  0]LogCook: Display: Max memory allowance for cook 16384mb min free memory 0mb
[2018.10.12-21.04.10:735][  0]LogCook: Display: Mobile HDR setting 1
[2018.10.12-21.04.10:735][  0]LogGameplayTags: Display: UGameplayTagsManager::DoneAddingNativeTags. DelegateIsBound: 0
[2018.10.12-21.04.10:735][  0]LogStats: UGameplayTagsManager::ConstructGameplayTagTree: ImportINI prefixes -  0.000 s
[2018.10.12-21.04.10:735][  0]LogStats: UGameplayTagsManager::ConstructGameplayTagTree: Construct from data asset -  0.000 s
[2018.10.12-21.04.10:735][  0]LogStats: UGameplayTagsManager::ConstructGameplayTagTree: ImportINI -  0.000 s
[2018.10.12-21.04.10:735][  0]LogStats: UGameplayTagsManager::ConstructGameplayTagTree: GameplayTagTreeChangedEvent.Broadcast -  0.000 s
[2018.10.12-21.04.11:125][  0]LogFileCache: Scanning file cache for directory 'F:/Users/cvega/Desktop/UE4_Projects/Networking/Content/' took 0.01s
[2018.10.12-21.04.11:125][  0]SourceControl: Source control is disabled
[2018.10.12-21.04.11:125][  0]Cmd: MAP LOAD FILE="F:/Users/cvega/Desktop/UE4_Projects/Networking/Content/Maps/Main.umap" TEMPLATE=0 SHOWPROGRESS=1 FEATURELEVEL=3
[2018.10.12-21.04.11:125][  0]LightingResults: New page: Lighting Build
[2018.10.12-21.04.11:128][  0]MapCheck: New page: Map Check
[2018.10.12-21.04.11:128][  0]LightingResults: New page: Lighting Build
[2018.10.12-21.04.11:583][  0]LogAIModule: Creating AISystem for world Main
[2018.10.12-21.04.11:591][  0]LogEditorServer: Finished looking for orphan Actors (0.000 secs)
[2018.10.12-21.04.11:651][  0]Cmd: MAP CHECKDEP NOCLEARLOG
[2018.10.12-21.04.11:725][  0]MapCheck: Map check complete: 0 Error(s), 0 Warning(s), took 73.449ms to complete.
[2018.10.12-21.04.11:725][  0]LogFileHelpers: Loading map 'Main' took 0.600
[2018.10.12-21.04.11:971][  0]LogWindowsTextInputMethodSystem: Display: IME system now deactivated.
[2018.10.12-21.04.11:971][  0]LogWindowsTextInputMethodSystem: Display: IME system now deactivated.
[2018.10.12-21.04.12:184][  0]LogCollectionManager: Loaded 0 collections in 0.001581 seconds
[2018.10.12-21.04.12:312][  0]LogFileCache: Scanning file cache for directory 'F:/Users/cvega/Desktop/UE4_Projects/Networking/Saved/Collections/' took 0.01s
[2018.10.12-21.04.12:312][  0]LogFileCache: Scanning file cache for directory 'F:/Users/cvega/Desktop/UE4_Projects/Networking/Content/Developers/cvega/Collections/' took 0.01s
[2018.10.12-21.04.12:313][  0]LogFileCache: Scanning file cache for directory 'F:/Users/cvega/Desktop/UE4_Projects/Networking/Content/Collections/' took 0.01s
[2018.10.12-21.04.12:313][  0]LogCollectionManager: Rebuilt the GUID cache for 0 collections in 0.000000 seconds
[2018.10.12-21.04.12:327][  0]LogContentBrowser: Native class hierarchy populated in 0.0145 seconds. Added 2601 classes and 619 folders.
[2018.10.12-21.04.12:334][  0]LogContentBrowser: Native class hierarchy updated for 'WidgetCarousel' in 0.0003 seconds. Added 0 classes and 0 folders.
[2018.10.12-21.04.12:917][  0]LogContentBrowser: Native class hierarchy updated for 'AddContentDialog' in 0.0004 seconds. Added 0 classes and 0 folders.
[2018.10.12-21.04.12:922][  0]LogContentBrowser: Native class hierarchy updated for 'SceneOutliner' in 0.0003 seconds. Added 1 classes and 2 folders.
[2018.10.12-21.04.12:961][  0]LogSlate: Updating window title bar state: overlay mode, drag disabled, window buttons hidden, title bar hidden
[2018.10.12-21.04.12:971][  0]LogSlate: Updating window title bar state: overlay mode, drag disabled, window buttons hidden, title bar hidden
[2018.10.12-21.04.12:980][  0]LogSlate: Updating window title bar state: overlay mode, drag disabled, window buttons hidden, title bar hidden
[2018.10.12-21.04.12:992][  0]LogSlate: Updating window title bar state: overlay mode, drag disabled, window buttons hidden, title bar hidden
[2018.10.12-21.04.13:032][  0]LogContentBrowser: Native class hierarchy updated for 'HierarchicalLODOutliner' in 0.0003 seconds. Added 0 classes and 0 folders.
[2018.10.12-21.04.13:032][  0]LogLoad: (Engine Initialization) Total time: 25.64 seconds
[2018.10.12-21.04.13:032][  0]LogLoad: (Engine Initialization) Total Blueprint compile time: 0.00 seconds
[2018.10.12-21.04.13:063][  0]LogContentStreaming: Texture pool size now 800 MB
[2018.10.12-21.04.13:089][  0]LogSlate: Took 0.023907 seconds to synchronously load lazily loaded font '../../../Engine/Content/Slate/Fonts/Roboto-Regular.ttf' (155K)
[2018.10.12-21.04.13:105][  0]LogSlate: Took 0.013571 seconds to synchronously load lazily loaded font '../../../Engine/Content/Editor/Slate/Fonts/FontAwesome.ttf' (139K)
[2018.10.12-21.04.13:114][  0]LogSlate: Took 0.008197 seconds to synchronously load lazily loaded font '../../../Engine/Content/Slate/Fonts/Roboto-Bold.ttf' (160K)
[2018.10.12-21.04.13:136][  0]LogSlate: Took 0.000208 seconds to synchronously load lazily loaded font '../../../Engine/Content/Slate/Fonts/Roboto-Light.ttf' (167K)
[2018.10.12-21.04.13:328][  1]LogRenderer: Reallocating scene render targets to support 336x284 Format 9 NumSamples 1 (Frame:1).
[2018.10.12-21.04.13:469][  2]LogAssetRegistry: Asset discovery search completed in 17.8850 seconds
[2018.10.12-21.04.13:473][  2]LogCollectionManager: Rebuilt the object cache for 0 collections in 0.000001 seconds (found 0 objects)
[2018.10.12-21.04.13:473][  2]LogCollectionManager: Fixed up redirectors for 0 collections in 0.000147 seconds (updated 0 objects)
[2018.10.12-21.04.16:660][ 94]LogSlate: FSceneViewport::OnFocusLost() reason 0
[2018.10.12-21.04.16:838][105]LogTemp: Repeating last play command: Standalone Game
[2018.10.12-21.04.59:248][168]LogSlate: Window 'Editor Preferences' being destroyed
[2018.10.12-21.04.59:252][168]LogSlate: Window 'Editor Preferences' being destroyed
[2018.10.12-21.05.00:749][330]LogTemp: Repeating last play command: Standalone Game
[2018.10.12-21.05.18:613][ 59]LogSlate: Window 'Networking - Unreal Editor' being destroyed
[2018.10.12-21.05.18:614][ 59]LogWindowsTextInputMethodSystem: Display: IME system now deactivated.
[2018.10.12-21.05.18:614][ 59]LogWindowsTextInputMethodSystem: Display: IME system now deactivated.
[2018.10.12-21.05.18:782][ 60]Cmd: QUIT_EDITOR
[2018.10.12-21.05.18:811][ 60]LogExit: Preparing to exit.
[2018.10.12-21.05.19:781][ 60]LogExit: Editor shut down
[2018.10.12-21.05.19:781][ 60]LogExit: Transaction tracking system shut down
[2018.10.12-21.05.20:384][ 60]LogExit: Object subsystem successfully closed.
[2018.10.12-21.05.20:416][ 60]LogShaderCompilers: Display: Shaders left to compile 0
[2018.10.12-21.05.20:420][ 60]LogD3D11RHI: Shutdown
[2018.10.12-21.05.20:420][ 60]LogD3D11RHI: CleanupD3DDevice
[2018.10.12-21.05.20:422][ 60]LogD3D11RHI: ~FD3D11DynamicRHI
[2018.10.12-21.05.20:443][ 60]LogModuleManager: Shutting down and abandoning module HierarchicalLODOutliner (620)
[2018.10.12-21.05.20:443][ 60]LogModuleManager: Shutting down and abandoning module SceneOutliner (618)
[2018.10.12-21.05.20:443][ 60]LogModuleManager: Shutting down and abandoning module AddContentDialog (616)
[2018.10.12-21.05.20:444][ 60]LogModuleManager: Shutting down and abandoning module WidgetCarousel (615)
[2018.10.12-21.05.20:444][ 60]LogModuleManager: Shutting down and abandoning module EditorWidgets (612)
[2018.10.12-21.05.20:444][ 60]LogModuleManager: Shutting down and abandoning module CollectionManager (610)
[2018.10.12-21.05.20:444][ 60]LogModuleManager: Shutting down and abandoning module StatsViewer (608)
[2018.10.12-21.05.20:444][ 60]LogModuleManager: Shutting down and abandoning module FoliageEdit (606)
[2018.10.12-21.05.20:444][ 60]LogModuleManager: Shutting down and abandoning module LandscapeEditor (604)
[2018.10.12-21.05.20:444][ 60]LogModuleManager: Shutting down and abandoning module MeshPaintMode (602)
[2018.10.12-21.05.20:444][ 60]LogModuleManager: Shutting down and abandoning module SceneDepthPickerMode (600)
[2018.10.12-21.05.20:444][ 60]LogModuleManager: Shutting down and abandoning module ActorPickerMode (598)
[2018.10.12-21.05.20:444][ 60]LogModuleManager: Shutting down and abandoning module GeometryMode (596)
[2018.10.12-21.05.20:444][ 60]LogModuleManager: Shutting down and abandoning module TextureAlignMode (594)
[2018.10.12-21.05.20:444][ 60]LogModuleManager: Shutting down and abandoning module BspMode (592)
[2018.10.12-21.05.20:445][ 60]LogModuleManager: Shutting down and abandoning module PIEPreviewDeviceProfileSelector (590)
[2018.10.12-21.05.20:445][ 60]LogModuleManager: Shutting down and abandoning module SequenceRecorderSections (588)
[2018.10.12-21.05.20:445][ 60]LogModuleManager: Shutting down and abandoning module AutomationWorker (586)
[2018.10.12-21.05.20:445][ 60]LogModuleManager: Shutting down and abandoning module AudioCaptureEditor (584)
[2018.10.12-21.05.20:445][ 60]LogModuleManager: Shutting down and abandoning module SequenceRecorder (583)
[2018.10.12-21.05.20:445][ 60]LogModuleManager: Shutting down and abandoning module MatineeToLevelSequence (580)
[2018.10.12-21.05.20:445][ 60]LogModuleManager: Shutting down and abandoning module LevelSequenceEditor (578)
[2018.10.12-21.05.20:445][ 60]LogModuleManager: Shutting down and abandoning module PlacementMode (577)
[2018.10.12-21.05.20:445][ 60]LogModuleManager: Shutting down and abandoning module MaterialEditor (576)
[2018.10.12-21.05.20:445][ 60]LogModuleManager: Shutting down and abandoning module WmfMediaFactory (572)
[2018.10.12-21.05.20:445][ 60]LogModuleManager: Shutting down and abandoning module WmfMediaEditor (570)
[2018.10.12-21.05.20:445][ 60]LogModuleManager: Shutting down and abandoning module MediaPlayerEditor (568)
[2018.10.12-21.05.20:445][ 60]LogModuleManager: Shutting down and abandoning module OpenExrWrapper (566)
[2018.10.12-21.05.20:445][ 60]LogModuleManager: Shutting down and abandoning module ImgMediaFactory (564)
[2018.10.12-21.05.20:445][ 60]LogModuleManager: Shutting down and abandoning module ImgMediaEditor (562)
[2018.10.12-21.05.20:446][ 60]LogModuleManager: Shutting down and abandoning module AvfMediaFactory (560)
[2018.10.12-21.05.20:446][ 60]LogModuleManager: Shutting down and abandoning module AvfMediaEditor (558)
[2018.10.12-21.05.20:446][ 60]LogModuleManager: Shutting down and abandoning module AndroidMediaFactory (556)
[2018.10.12-21.05.20:446][ 60]LogModuleManager: Shutting down and abandoning module AndroidMediaEditor (554)
[2018.10.12-21.05.20:446][ 60]LogModuleManager: Shutting down and abandoning module MagicLeapCameraPreviewFactory (552)
[2018.10.12-21.05.20:446][ 60]LogModuleManager: Shutting down and abandoning module MagicLeapMediaFactory (550)
[2018.10.12-21.05.20:446][ 60]LogModuleManager: Shutting down and abandoning module MagicLeapMediaEditor (548)
[2018.10.12-21.05.20:446][ 60]LogModuleManager: Shutting down and abandoning module CharacterAI (546)
[2018.10.12-21.05.20:446][ 60]LogModuleManager: Shutting down and abandoning module SmartSnapping (544)
[2018.10.12-21.05.20:446][ 60]LogModuleManager: Shutting down and abandoning module SessionServices (542)
[2018.10.12-21.05.20:446][ 60]LogModuleManager: Shutting down and abandoning module ViewportSnapping (540)
[2018.10.12-21.05.20:446][ 60]LogModuleManager: Shutting down and abandoning module ViewportInteraction (538)
[2018.10.12-21.05.20:446][ 60]LogModuleManager: Shutting down and abandoning module ClothPainter (536)
[2018.10.12-21.05.20:446][ 60]LogModuleManager: Shutting down and abandoning module SkeletalMeshEditor (535)
[2018.10.12-21.05.20:446][ 60]LogModuleManager: Shutting down and abandoning module LogVisualizer (532)
[2018.10.12-21.05.20:446][ 60]LogModuleManager: Shutting down and abandoning module IntroTutorials (530)
[2018.10.12-21.05.20:446][ 60]LogModuleManager: Shutting down and abandoning module GameProjectGeneration (529)
[2018.10.12-21.05.20:446][ 60]LogModuleManager: Shutting down and abandoning module LuminPlatformEditor (526)
[2018.10.12-21.05.20:446][ 60]LogModuleManager: Shutting down and abandoning module IOSPlatformEditor (524)
[2018.10.12-21.05.20:446][ 60]LogModuleManager: Shutting down and abandoning module HTML5PlatformEditor (522)
[2018.10.12-21.05.20:446][ 60]LogModuleManager: Shutting down and abandoning module AndroidPlatformEditor (520)
[2018.10.12-21.05.20:446][ 60]LogModuleManager: Shutting down and abandoning module AndroidDeviceDetection (519)
[2018.10.12-21.05.21:370][ 60]LogModuleManager: Shutting down and abandoning module WindowsPlatformEditor (516)
[2018.10.12-21.05.21:370][ 60]LogModuleManager: Shutting down and abandoning module LuminRuntimeSettings (514)
[2018.10.12-21.05.21:370][ 60]LogModuleManager: Shutting down and abandoning module IOSRuntimeSettings (512)
[2018.10.12-21.05.21:370][ 60]LogModuleManager: Shutting down and abandoning module AndroidRuntimeSettings (510)
[2018.10.12-21.05.21:370][ 60]LogModuleManager: Shutting down and abandoning module InputBindingEditor (508)
[2018.10.12-21.05.21:370][ 60]LogModuleManager: Shutting down and abandoning module MergeActors (506)
[2018.10.12-21.05.21:370][ 60]LogModuleManager: Shutting down and abandoning module LocalizationDashboard (504)
[2018.10.12-21.05.21:370][ 60]LogModuleManager: Shutting down and abandoning module LocalizationService (503)
[2018.10.12-21.05.21:370][ 60]LogModuleManager: Shutting down and abandoning module HardwareTargeting (500)
[2018.10.12-21.05.21:371][ 60]LogModuleManager: Shutting down and abandoning module DeviceProfileEditor (498)
[2018.10.12-21.05.21:371][ 60]LogModuleManager: Shutting down and abandoning module UndoHistory (496)
[2018.10.12-21.05.21:371][ 60]LogModuleManager: Shutting down and abandoning module XmlParser (494)
[2018.10.12-21.05.21:371][ 60]LogModuleManager: Shutting down and abandoning module Blutility (492)
[2018.10.12-21.05.21:371][ 60]LogModuleManager: Shutting down and abandoning module ProjectSettingsViewer (490)
[2018.10.12-21.05.21:371][ 60]LogModuleManager: Shutting down and abandoning module ProjectTargetPlatformEditor (489)
[2018.10.12-21.05.21:371][ 60]LogModuleManager: Shutting down and abandoning module EditorSettingsViewer (486)
[2018.10.12-21.05.21:371][ 60]LogModuleManager: Shutting down and abandoning module SettingsEditor (484)
[2018.10.12-21.05.21:371][ 60]LogModuleManager: Shutting down and abandoning module ProjectLauncher (482)
[2018.10.12-21.05.21:371][ 60]LogModuleManager: Shutting down and abandoning module SessionFrontend (480)
[2018.10.12-21.05.21:371][ 60]LogModuleManager: Shutting down and abandoning module ProfilerClient (478)
[2018.10.12-21.05.21:371][ 60]LogModuleManager: Shutting down and abandoning module DeviceManager (476)
[2018.10.12-21.05.21:371][ 60]LogModuleManager: Shutting down and abandoning module TargetDeviceServices (475)
[2018.10.12-21.05.21:435][ 60]LogModuleManager: Shutting down and abandoning module AutomationController (472)
[2018.10.12-21.05.21:435][ 60]LogModuleManager: Shutting down and abandoning module AutomationWindow (470)
[2018.10.12-21.05.21:435][ 60]LogModuleManager: Shutting down and abandoning module Layers (468)
[2018.10.12-21.05.21:435][ 60]LogModuleManager: Shutting down and abandoning module ComponentVisualizers (466)
[2018.10.12-21.05.21:435][ 60]LogModuleManager: Shutting down and abandoning module DetailCustomizations (464)
[2018.10.12-21.05.21:435][ 60]LogModuleManager: Shutting down and abandoning module PackagesDialog (462)
[2018.10.12-21.05.21:435][ 60]LogModuleManager: Shutting down and abandoning module Persona (460)
[2018.10.12-21.05.21:435][ 60]LogModuleManager: Shutting down and abandoning module AdvancedPreviewScene (459)
[2018.10.12-21.05.21:435][ 60]LogModuleManager: Shutting down and abandoning module AnimGraph (457)
[2018.10.12-21.05.21:435][ 60]LogModuleManager: Shutting down and abandoning module Kismet (454)
[2018.10.12-21.05.21:435][ 60]LogModuleManager: Shutting down and abandoning module GraphEditor (452)
[2018.10.12-21.05.21:435][ 60]LogModuleManager: Shutting down and abandoning module ClassViewer (450)
[2018.10.12-21.05.21:435][ 60]LogModuleManager: Shutting down and abandoning module Toolbox (448)
[2018.10.12-21.05.21:435][ 60]LogModuleManager: Shutting down and abandoning module ModuleUI (446)
[2018.10.12-21.05.21:435][ 60]LogModuleManager: Shutting down and abandoning module MovieSceneTools (444)
[2018.10.12-21.05.21:436][ 60]LogModuleManager: Shutting down and abandoning module OutputLog (442)
[2018.10.12-21.05.21:436][ 60]LogModuleManager: Shutting down and abandoning module GammaUI (440)
[2018.10.12-21.05.21:436][ 60]LogModuleManager: Shutting down and abandoning module Documentation (438)
[2018.10.12-21.05.21:436][ 60]LogModuleManager: Shutting down and abandoning module MovieSceneTracks (436)
[2018.10.12-21.05.21:436][ 60]LogModuleManager: Shutting down and abandoning module MovieScene (434)
[2018.10.12-21.05.21:436][ 60]LogModuleManager: Shutting down and abandoning module StreamingPauseRendering (432)
[2018.10.12-21.05.21:436][ 60]LogModuleManager: Shutting down and abandoning module LauncherPlatform (430)
[2018.10.12-21.05.21:436][ 60]LogModuleManager: Shutting down and abandoning module AnalyticsET (428)
[2018.10.12-21.05.21:436][ 60]LogModuleManager: Shutting down and abandoning module PortalServices (426)
[2018.10.12-21.05.21:436][ 60]LogModuleManager: Shutting down and abandoning module PortalRpc (424)
[2018.10.12-21.05.21:436][ 60]LogModuleManager: Shutting down and abandoning module MessagingRpc (422)
[2018.10.12-21.05.21:436][ 60]LogModuleManager: Shutting down and abandoning module AIModule (420)
[2018.10.12-21.05.21:436][ 60]LogModuleManager: Shutting down and abandoning module GameplayDebugger (419)
[2018.10.12-21.05.21:436][ 60]LogModuleManager: Shutting down and abandoning module AITestSuite (417)
[2018.10.12-21.05.21:436][ 60]LogModuleManager: Shutting down and abandoning module NavigationSystem (415)
[2018.10.12-21.05.21:436][ 60]LogModuleManager: Shutting down and abandoning module DesktopPlatform (412)
[2018.10.12-21.05.21:436][ 60]LogModuleManager: Shutting down and abandoning module ProfilerService (410)
[2018.10.12-21.05.21:595][ 60]LogModuleManager: Shutting down and abandoning module TaskGraph (408)
[2018.10.12-21.05.21:596][ 60]LogModuleManager: Shutting down and abandoning module SteamVRController (406)
[2018.10.12-21.05.21:596][ 60]LogModuleManager: Shutting down and abandoning module ProceduralMeshComponentEditor (404)
[2018.10.12-21.05.21:596][ 60]LogModuleManager: Shutting down and abandoning module ProceduralMeshComponent (402)
[2018.10.12-21.05.21:596][ 60]LogModuleManager: Shutting down and abandoning module OculusInput (400)
[2018.10.12-21.05.21:596][ 60]LogModuleManager: Shutting down and abandoning module MobilePatchingUtils (398)
[2018.10.12-21.05.21:596][ 60]LogModuleManager: Shutting down and abandoning module EditableMesh (396)
[2018.10.12-21.05.21:596][ 60]LogModuleManager: Shutting down and abandoning module CustomMeshComponent (394)
[2018.10.12-21.05.21:596][ 60]LogModuleManager: Shutting down and abandoning module CableComponent (392)
[2018.10.12-21.05.21:596][ 60]LogModuleManager: Shutting down and abandoning module AudioCapture (390)
[2018.10.12-21.05.21:596][ 60]LogModuleManager: Shutting down and abandoning module ArchVisCharacter (388)
[2018.10.12-21.05.21:596][ 60]LogModuleManager: Shutting down and abandoning module AndroidPermission (386)
[2018.10.12-21.05.21:596][ 60]LogModuleManager: Shutting down and abandoning module NUTUnrealEngine4 (384)
[2018.10.12-21.05.21:596][ 60]LogModuleManager: Shutting down and abandoning module NetcodeUnitTest (382)
[2018.10.12-21.05.21:596][ 60]LogModuleManager: Shutting down and abandoning module MediaCompositingEditor (380)
[2018.10.12-21.05.21:596][ 60]LogModuleManager: Shutting down and abandoning module MediaCompositing (378)
[2018.10.12-21.05.21:596][ 60]LogModuleManager: Shutting down and abandoning module LinearTimecode (376)
[2018.10.12-21.05.21:596][ 60]LogModuleManager: Shutting down and abandoning module ImgMedia (374)
[2018.10.12-21.05.21:599][ 60]LogModuleManager: Shutting down and abandoning module HTML5Networking (372)
[2018.10.12-21.05.21:599][ 60]LogModuleManager: Shutting down and abandoning module GeometryCacheTracks (370)
[2018.10.12-21.05.21:599][ 60]LogModuleManager: Shutting down and abandoning module GeometryCacheSequencer (368)
[2018.10.12-21.05.21:599][ 60]LogModuleManager: Shutting down and abandoning module BackChannel (366)
[2018.10.12-21.05.21:599][ 60]LogModuleManager: Shutting down and abandoning module AppleVision (364)
[2018.10.12-21.05.21:599][ 60]LogModuleManager: Shutting down and abandoning module AppleImageUtils (362)
[2018.10.12-21.05.21:599][ 60]LogModuleManager: Shutting down and abandoning module AlembicImporter (360)
[2018.10.12-21.05.21:599][ 60]LogModuleManager: Shutting down and abandoning module AlembicLibrary (359)
[2018.10.12-21.05.21:599][ 60]LogModuleManager: Shutting down and abandoning module GeometryCache (358)
[2018.10.12-21.05.21:599][ 60]LogModuleManager: Shutting down and abandoning module GeometryCacheEd (357)
[2018.10.12-21.05.21:599][ 60]LogModuleManager: Shutting down and abandoning module DatasmithContentEditor (352)
[2018.10.12-21.05.21:599][ 60]LogModuleManager: Shutting down and abandoning module DatasmithContent (350)
[2018.10.12-21.05.21:600][ 60]LogModuleManager: Shutting down and abandoning module SpeedTreeImporter (348)
[2018.10.12-21.05.21:600][ 60]LogModuleManager: Shutting down and abandoning module PluginBrowser (346)
[2018.10.12-21.05.21:600][ 60]LogModuleManager: Shutting down and abandoning module MobileLauncherProfileWizard (344)
[2018.10.12-21.05.21:600][ 60]LogModuleManager: Shutting down and abandoning module PolygonModeling (342)
[2018.10.12-21.05.21:600][ 60]LogModuleManager: Shutting down and abandoning module MeshEditor (340)
[2018.10.12-21.05.21:600][ 60]LogModuleManager: Shutting down and abandoning module CryptoKeysOpenSSL (338)
[2018.10.12-21.05.21:600][ 60]LogModuleManager: Shutting down and abandoning module CryptoKeys (336)
[2018.10.12-21.05.21:600][ 60]LogModuleManager: Shutting down and abandoning module VisualStudioSourceCodeAccess (334)
[2018.10.12-21.05.21:600][ 60]LogModuleManager: Shutting down and abandoning module VisualStudioCodeSourceCodeAccess (332)
[2018.10.12-21.05.21:600][ 60]LogModuleManager: Shutting down and abandoning module UObjectPlugin (330)
[2018.10.12-21.05.21:600][ 60]LogModuleManager: Shutting down and abandoning module SubversionSourceControl (328)
[2018.10.12-21.05.21:600][ 60]LogModuleManager: Shutting down and abandoning module PerforceSourceControl (326)
[2018.10.12-21.05.21:600][ 60]LogModuleManager: Shutting down and abandoning module GitSourceControl (324)
[2018.10.12-21.05.21:600][ 60]LogModuleManager: Shutting down and abandoning module SourceControl (323)
[2018.10.12-21.05.21:601][ 60]LogModuleManager: Shutting down and abandoning module CLionSourceCodeAccess (320)
[2018.10.12-21.05.21:601][ 60]LogModuleManager: Shutting down and abandoning module LightPropagationVolumeEditor (318)
[2018.10.12-21.05.21:601][ 60]LogModuleManager: Shutting down and abandoning module PaperTiledImporter (316)
[2018.10.12-21.05.21:601][ 60]LogModuleManager: Shutting down and abandoning module PaperSpriteSheetImporter (314)
[2018.10.12-21.05.21:601][ 60]LogModuleManager: Shutting down and abandoning module Paper2DEditor (312)
[2018.10.12-21.05.21:601][ 60]LogModuleManager: Shutting down and abandoning module MeshPaint (311)
[2018.10.12-21.05.21:601][ 60]LogModuleManager: Shutting down and abandoning module RuntimePhysXCooking (308)
[2018.10.12-21.05.21:601][ 60]LogModuleManager: Shutting down and abandoning module PhysXVehiclesEditor (306)
[2018.10.12-21.05.21:601][ 60]LogModuleManager: Shutting down and abandoning module PhysXVehicles (304)
[2018.10.12-21.05.21:601][ 60]LogModuleManager: Shutting down and abandoning module OculusEditor (302)
[2018.10.12-21.05.21:601][ 60]LogModuleManager: Shutting down and abandoning module LocationServicesBPLibrary (300)
[2018.10.12-21.05.21:601][ 60]LogModuleManager: Shutting down and abandoning module ImmediatePhysicsEditor (298)
[2018.10.12-21.05.21:601][ 60]LogModuleManager: Shutting down and abandoning module ImmediatePhysics (296)
[2018.10.12-21.05.21:601][ 60]LogModuleManager: Shutting down and abandoning module ActorSequence (294)
[2018.10.12-21.05.21:601][ 60]LogModuleManager: Shutting down and abandoning module UdpMessaging (292)
[2018.10.12-21.05.21:701][ 60]LogModuleManager: Shutting down and abandoning module TcpMessaging (290)
[2018.10.12-21.05.21:802][ 60]LogModuleManager: Shutting down and abandoning module MagicLeapAudio (288)
[2018.10.12-21.05.21:802][ 60]LogModuleManager: Shutting down and abandoning module GameplayTagsEditor (286)
[2018.10.12-21.05.21:802][ 60]LogModuleManager: Shutting down and abandoning module FacialAnimationEditor (284)
[2018.10.12-21.05.21:802][ 60]LogModuleManager: Shutting down and abandoning module FacialAnimation (282)
[2018.10.12-21.05.21:802][ 60]LogModuleManager: Shutting down and abandoning module DataValidation (280)
[2018.10.12-21.05.21:802][ 60]LogModuleManager: Shutting down and abandoning module AssetManagerEditor (278)
[2018.10.12-21.05.21:802][ 60]LogModuleManager: Shutting down and abandoning module LevelEditor (277)
[2018.10.12-21.05.21:803][ 60]LogModuleManager: Shutting down and abandoning module PixelInspectorModule (276)
[2018.10.12-21.05.21:803][ 60]LogModuleManager: Shutting down and abandoning module CommonMenuExtensions (274)
[2018.10.12-21.05.21:803][ 60]LogModuleManager: Shutting down and abandoning module MainFrame (272)
[2018.10.12-21.05.21:803][ 60]LogModuleManager: Shutting down and abandoning module HotReload (271)
[2018.10.12-21.05.21:803][ 60]LogModuleManager: Shutting down and abandoning module ContentBrowser (267)
[2018.10.12-21.05.21:805][ 60]LogModuleManager: Shutting down and abandoning module TreeMap (265)
[2018.10.12-21.05.21:805][ 60]LogModuleManager: Shutting down and abandoning module LightPropagationVolumeRuntime (262)
[2018.10.12-21.05.21:805][ 60]LogModuleManager: Shutting down and abandoning module AISupportModule (260)
[2018.10.12-21.05.21:805][ 60]LogModuleManager: Shutting down and abandoning module AdvancedSteamSessions (258)
[2018.10.12-21.05.21:805][ 60]LogModuleManager: Shutting down and abandoning module AdvancedSessions (256)
[2018.10.12-21.05.21:805][ 60]LogModuleManager: Shutting down and abandoning module Paper2D (254)
[2018.10.12-21.05.21:805][ 60]LogModuleManager: Shutting down and abandoning module WindowsMoviePlayer (252)
[2018.10.12-21.05.21:805][ 60]LogModuleManager: Shutting down and abandoning module WmfMedia (250)
[2018.10.12-21.05.21:806][ 60]LogModuleManager: Shutting down and abandoning module Media (249)
[2018.10.12-21.05.21:812][ 60]LogModuleManager: Shutting down and abandoning module WebCommunication (246)
[2018.10.12-21.05.21:812][ 60]LogModuleManager: Shutting down and abandoning module JSONParser (244)
[2018.10.12-21.05.21:812][ 60]LogModuleManager: Shutting down and abandoning module PacketHandler (242)
[2018.10.12-21.05.21:812][ 60]LogModuleManager: Shutting down and abandoning module ClothingSystemEditor (240)
[2018.10.12-21.05.21:812][ 60]LogModuleManager: Shutting down and abandoning module ClothingSystemRuntime (238)
[2018.10.12-21.05.21:813][ 60]LogModuleManager: Shutting down and abandoning module MediaAssets (236)
[2018.10.12-21.05.21:813][ 60]LogModuleManager: Shutting down and abandoning module Overlay (234)
[2018.10.12-21.05.21:813][ 60]LogModuleManager: Shutting down and abandoning module OverlayEditor (233)
[2018.10.12-21.05.21:813][ 60]LogModuleManager: Shutting down and abandoning module VREditor (230)
[2018.10.12-21.05.21:813][ 60]LogModuleManager: Shutting down and abandoning module StringTableEditor (228)
[2018.10.12-21.05.21:813][ 60]LogModuleManager: Shutting down and abandoning module GameplayTasksEditor (226)
[2018.10.12-21.05.21:813][ 60]LogModuleManager: Shutting down and abandoning module BehaviorTreeEditor (224)
[2018.10.12-21.05.21:813][ 60]LogModuleManager: Shutting down and abandoning module FunctionalTesting (222)
[2018.10.12-21.05.21:813][ 60]LogModuleManager: Shutting down and abandoning module CollisionAnalyzer (220)
[2018.10.12-21.05.21:813][ 60]LogModuleManager: Shutting down and abandoning module WorkspaceMenuStructure (219)
[2018.10.12-21.05.21:813][ 60]LogModuleManager: Shutting down and abandoning module UMG (216)
[2018.10.12-21.05.21:813][ 60]LogModuleManager: Shutting down and abandoning module UMGEditor (215)
[2018.10.12-21.05.21:813][ 60]LogModuleManager: Shutting down and abandoning module Sequencer (214)
[2018.10.12-21.05.21:813][ 60]LogModuleManager: Shutting down and abandoning module MessageLog (211)
[2018.10.12-21.05.21:813][ 60]LogModuleManager: Shutting down and abandoning module SlateReflector (206)
[2018.10.12-21.05.21:813][ 60]LogModuleManager: Shutting down and abandoning module Slate (204)
[2018.10.12-21.05.21:813][ 60]LogModuleManager: Shutting down and abandoning module EditorStyle (202)
[2018.10.12-21.05.21:815][ 60]LogModuleManager: Shutting down and abandoning module MRMesh (200)
[2018.10.12-21.05.21:815][ 60]LogModuleManager: Shutting down and abandoning module SourceCodeAccess (198)
[2018.10.12-21.05.21:815][ 60]LogModuleManager: Shutting down and abandoning module HeadMountedDisplay (196)
[2018.10.12-21.05.21:815][ 60]LogModuleManager: Shutting down and abandoning module XAudio2 (194)
[2018.10.12-21.05.21:815][ 60]LogModuleManager: Shutting down and abandoning module Networking (192)
[2018.10.12-21.05.21:815][ 60]LogModuleManager: Shutting down and abandoning module Core (190)
[2018.10.12-21.05.21:815][ 60]LogModuleManager: Shutting down and abandoning module LevelSequence (188)
[2018.10.12-21.05.21:815][ 60]LogModuleManager: Shutting down and abandoning module KismetCompiler (186)
[2018.10.12-21.05.21:815][ 60]LogModuleManager: Shutting down and abandoning module MeshUtilities (184)
[2018.10.12-21.05.21:815][ 60]LogModuleManager: Shutting down and abandoning module MeshMergeUtilities (183)
[2018.10.12-21.05.21:815][ 60]LogModuleManager: Shutting down and abandoning module MeshReductionInterface (182)
[2018.10.12-21.05.21:815][ 60]LogModuleManager: Shutting down and abandoning module SimplygonSwarm (181)
[2018.10.12-21.05.21:815][ 60]LogModuleManager: Shutting down and abandoning module ProxyLODMeshReduction (179)
[2018.10.12-21.05.21:815][ 60]LogModuleManager: Shutting down and abandoning module SimplygonMeshReduction (177)
[2018.10.12-21.05.21:815][ 60]LogModuleManager: Shutting down and abandoning module QuadricMeshReduction (175)
[2018.10.12-21.05.21:815][ 60]LogModuleManager: Shutting down and abandoning module MaterialBaking (171)
[2018.10.12-21.05.21:815][ 60]LogModuleManager: Shutting down and abandoning module DirectoryWatcher (167)
[2018.10.12-21.05.21:815][ 60]LogModuleManager: Shutting down and abandoning module DerivedDataCache (164)
[2018.10.12-21.05.22:059][ 60]LogDerivedDataCache: Shutdown
[2018.10.12-21.05.22:059][ 60]LogModuleManager: Shutting down and abandoning module XGEController (162)
[2018.10.12-21.05.22:059][ 60]LogModuleManager: Shutting down and abandoning module TargetPlatform (160)
[2018.10.12-21.05.22:059][ 60]LogModuleManager: Shutting down and abandoning module VulkanShaderFormat (159)
[2018.10.12-21.05.22:059][ 60]LogModuleManager: Shutting down and abandoning module ShaderFormatVectorVM (157)
[2018.10.12-21.05.22:059][ 60]LogModuleManager: Shutting down and abandoning module ShaderFormatOpenGL (155)
[2018.10.12-21.05.22:060][ 60]LogModuleManager: Shutting down and abandoning module ShaderFormatD3D (153)
[2018.10.12-21.05.22:060][ 60]LogModuleManager: Shutting down and abandoning module MetalShaderFormat (151)
[2018.10.12-21.05.22:060][ 60]LogModuleManager: Shutting down and abandoning module TextureFormatUncompressed (149)
[2018.10.12-21.05.22:060][ 60]LogModuleManager: Shutting down and abandoning module TextureFormatPVR (147)
[2018.10.12-21.05.22:060][ 60]LogModuleManager: Shutting down and abandoning module TextureFormatDXT (145)
[2018.10.12-21.05.22:060][ 60]LogModuleManager: Shutting down and abandoning module TextureFormatIntelISPCTexComp (143)
[2018.10.12-21.05.22:060][ 60]LogModuleManager: Shutting down and abandoning module TextureFormatASTC (141)
[2018.10.12-21.05.22:060][ 60]LogModuleManager: Shutting down and abandoning module ImageWrapper (140)
[2018.10.12-21.05.22:060][ 60]LogModuleManager: Shutting down and abandoning module TextureFormatAndroid (137)
[2018.10.12-21.05.22:060][ 60]LogModuleManager: Shutting down and abandoning module AudioFormatOpus (135)
[2018.10.12-21.05.22:060][ 60]LogModuleManager: Shutting down and abandoning module AudioFormatOgg (133)
[2018.10.12-21.05.22:060][ 60]LogModuleManager: Shutting down and abandoning module AudioFormatADPCM (131)
[2018.10.12-21.05.22:060][ 60]LogModuleManager: Shutting down and abandoning module LuminTargetPlatform (129)
[2018.10.12-21.05.22:060][ 60]LogModuleManager: Shutting down and abandoning module LinuxTargetPlatform (127)
[2018.10.12-21.05.22:060][ 60]LogModuleManager: Shutting down and abandoning module LinuxServerTargetPlatform (125)
[2018.10.12-21.05.22:060][ 60]LogModuleManager: Shutting down and abandoning module LinuxNoEditorTargetPlatform (123)
[2018.10.12-21.05.22:060][ 60]LogModuleManager: Shutting down and abandoning module LinuxClientTargetPlatform (121)
[2018.10.12-21.05.22:060][ 60]LogModuleManager: Shutting down and abandoning module TVOSTargetPlatform (119)
[2018.10.12-21.05.22:061][ 60]LogModuleManager: Shutting down and abandoning module Messaging (117)
[2018.10.12-21.05.22:061][ 60]LogModuleManager: Shutting down and abandoning module IOSTargetPlatform (115)
[2018.10.12-21.05.22:062][ 60]LogModuleManager: Shutting down and abandoning module HTML5TargetPlatform (113)
[2018.10.12-21.05.22:062][ 60]LogModuleManager: Shutting down and abandoning module AndroidTargetPlatform (111)
[2018.10.12-21.05.22:068][ 60]LogModuleManager: Shutting down and abandoning module WindowsTargetPlatform (109)
[2018.10.12-21.05.22:069][ 60]LogModuleManager: Shutting down and abandoning module WindowsServerTargetPlatform (107)
[2018.10.12-21.05.22:069][ 60]LogModuleManager: Shutting down and abandoning module WindowsNoEditorTargetPlatform (105)
[2018.10.12-21.05.22:069][ 60]LogModuleManager: Shutting down and abandoning module WindowsClientTargetPlatform (103)
[2018.10.12-21.05.22:069][ 60]LogModuleManager: Shutting down and abandoning module MacTargetPlatform (101)
[2018.10.12-21.05.22:069][ 60]LogModuleManager: Shutting down and abandoning module MacServerTargetPlatform (99)
[2018.10.12-21.05.22:069][ 60]LogModuleManager: Shutting down and abandoning module MacNoEditorTargetPlatform (97)
[2018.10.12-21.05.22:069][ 60]LogModuleManager: Shutting down and abandoning module MacClientTargetPlatform (95)
[2018.10.12-21.05.22:069][ 60]LogModuleManager: Shutting down and abandoning module AllDesktopTargetPlatform (93)
[2018.10.12-21.05.22:069][ 60]LogModuleManager: Shutting down and abandoning module InputCore (90)
[2018.10.12-21.05.22:069][ 60]LogModuleManager: Shutting down and abandoning module Settings (88)
[2018.10.12-21.05.22:069][ 60]LogModuleManager: Shutting down and abandoning module PhysXCooking (86)
[2018.10.12-21.05.22:069][ 60]LogModuleManager: Shutting down and abandoning module SteamVR (84)
[2018.10.12-21.05.22:069][ 60]LogModuleManager: Shutting down and abandoning module OculusHMD (82)
[2018.10.12-21.05.22:069][ 60]LogModuleManager: Shutting down and abandoning module ExampleDeviceProfileSelector (80)
[2018.10.12-21.05.22:069][ 60]LogModuleManager: Shutting down and abandoning module LauncherChunkInstaller (78)
[2018.10.12-21.05.22:069][ 60]LogModuleManager: Shutting down and abandoning module OnlineBlueprintSupport (76)
[2018.10.12-21.05.22:069][ 60]LogModuleManager: Shutting down and abandoning module OnlineSubsystem (72)
[2018.10.12-21.05.22:070][ 60]LogModuleManager: Shutting down and abandoning module XMPP (65)
[2018.10.12-21.05.22:070][ 60]LogModuleManager: Shutting down and abandoning module WebSockets (64)
[2018.10.12-21.05.22:097][ 60]LogModuleManager: Shutting down and abandoning module HTTP (61)
[2018.10.12-21.05.22:097][ 60]LogHttp: Display: Http module shutting down, but needs to wait on 1 outstanding Http requests:
[2018.10.12-21.05.22:097][ 60]LogHttp: Display: 	verb=[POST] url=[https://datarouter.ol.epicgames.com/datarouter/api/v1/public/data?SessionID=%7B433DA931-4C96-5813-91D6-FCB4FC5D3BF9%7D&AppID=UEEditor.Rocket.Release&AppVersion=4.20.3-4369336%2B%2B%2BUE4%2BRelease-4.20&UserID=b28317b3480a652ced2cb6a728a38bd4%7C8edfda56962345a49e19abb6d0d3acc4%7C28d82ddd-7fdb-4397-860f-aba300c6733d&AppEnvironment=datacollector-binary&UploadType=eteventstream] status=Processing
[2018.10.12-21.05.22:130][ 60]LogModuleManager: Shutting down and abandoning module SSL (60)
[2018.10.12-21.05.22:131][ 60]LogModuleManager: Shutting down and abandoning module MagicLeapEmulator (56)
[2018.10.12-21.05.22:131][ 60]LogModuleManager: Shutting down and abandoning module MagicLeapPrivileges (54)
[2018.10.12-21.05.22:131][ 60]LogModuleManager: Shutting down and abandoning module MagicLeapIdentity (52)
[2018.10.12-21.05.22:131][ 60]LogModuleManager: Shutting down and abandoning module MagicLeapHelperVulkan (50)
[2018.10.12-21.05.22:131][ 60]LogModuleManager: Shutting down and abandoning module MagicLeapHelperOpenGL (48)
[2018.10.12-21.05.22:131][ 60]LogModuleManager: Shutting down and abandoning module MagicLeapSecureStorage (46)
[2018.10.12-21.05.22:131][ 60]LogModuleManager: Shutting down and abandoning module MagicLeapGestures (44)
[2018.10.12-21.05.22:131][ 60]LogModuleManager: Shutting down and abandoning module MagicLeapEyeTracker (42)
[2018.10.12-21.05.22:131][ 60]LogModuleManager: Shutting down and abandoning module MagicLeapController (40)
[2018.10.12-21.05.22:131][ 60]LogSlate: Slate User Destroyed.  User Index 0, Is Virtual User: 0
[2018.10.12-21.05.22:131][ 60]LogModuleManager: Shutting down and abandoning module MagicLeap (38)
[2018.10.12-21.05.22:132][ 60]LogModuleManager: Shutting down and abandoning module AnimationModifiers (36)
[2018.10.12-21.05.22:132][ 60]LogModuleManager: Shutting down and abandoning module PropertyEditor (35)
[2018.10.12-21.05.22:132][ 60]LogModuleManager: Shutting down and abandoning module AudioEditor (32)
[2018.10.12-21.05.22:132][ 60]LogModuleManager: Shutting down and abandoning module TextureCompressor (30)
[2018.10.12-21.05.22:132][ 60]LogModuleManager: Shutting down and abandoning module ShaderCore (28)
[2018.10.12-21.05.22:132][ 60]LogModuleManager: Shutting down and abandoning module Landscape (26)
[2018.10.12-21.05.22:132][ 60]LogModuleManager: Shutting down and abandoning module SlateRHIRenderer (24)
[2018.10.12-21.05.22:132][ 60]LogModuleManager: Shutting down and abandoning module OpenGLDrv (22)
[2018.10.12-21.05.22:132][ 60]LogModuleManager: Shutting down and abandoning module D3D11RHI (20)
[2018.10.12-21.05.22:132][ 60]LogModuleManager: Shutting down and abandoning module AnimGraphRuntime (18)
[2018.10.12-21.05.22:132][ 60]LogModuleManager: Shutting down and abandoning module Renderer (16)
[2018.10.12-21.05.22:132][ 60]LogModuleManager: Shutting down and abandoning module Engine (14)
[2018.10.12-21.05.22:132][ 60]LogModuleManager: Shutting down and abandoning module CoreUObject (12)
[2018.10.12-21.05.22:132][ 60]LogModuleManager: Shutting down and abandoning module NetworkFile (10)
[2018.10.12-21.05.22:132][ 60]LogModuleManager: Shutting down and abandoning module CookedIterativeFile (8)
[2018.10.12-21.05.22:132][ 60]LogModuleManager: Shutting down and abandoning module StreamingFile (6)
[2018.10.12-21.05.22:132][ 60]LogModuleManager: Shutting down and abandoning module SandboxFile (4)
[2018.10.12-21.05.22:132][ 60]LogModuleManager: Shutting down and abandoning module PakFile (2)
[2018.10.12-21.05.22:145][ 60]LogExit: Exiting.
[2018.10.12-21.05.22:155][ 60]Log file closed, 10/12/18 17:05:22
