Log file open, 10/12/18 17:05:42
LogWindows: Failed to load 'aqProf.dll' (GetLastError=126)
LogWindows: File 'aqProf.dll' does not exist
LogWindows: Failed to load 'VtuneApi.dll' (GetLastError=126)
LogWindows: File 'VtuneApi.dll' does not exist
LogWindows: Failed to load 'VtuneApi32e.dll' (GetLastError=126)
LogWindows: File 'VtuneApi32e.dll' does not exist
LogInit: Display: Running engine for game: Networking
LogPlatformFile: Not using cached read wrapper
LogTaskGraph: Started task graph with 5 named threads and 47 total threads with 3 sets of task threads.
LogStats: Stats thread started at 0.563928
LogD3D11RHI: Loaded GFSDK_Aftermath_Lib.x64.dll
LogICUInternationalization: Display: ICU TimeZone Detection - Raw Offset: -5:00, Platform Override: ''
LogPluginManager: Mounting plugin Paper2D
LogPluginManager: Mounting plugin AdvancedSessions
LogPluginManager: Mounting plugin AdvancedSteamSessions
LogPluginManager: Mounting plugin AISupport
LogPluginManager: Mounting plugin LightPropagationVolume
LogPluginManager: Mounting plugin CLionSourceCodeAccess
LogPluginManager: Mounting plugin CodeLiteSourceCodeAccess
LogPluginManager: Mounting plugin GitSourceControl
LogPluginManager: Mounting plugin KDevelopSourceCodeAccess
LogPluginManager: Mounting plugin NullSourceCodeAccess
LogPluginManager: Mounting plugin PerforceSourceControl
LogPluginManager: Mounting plugin SubversionSourceControl
LogPluginManager: Mounting plugin UObjectPlugin
LogPluginManager: Mounting plugin VisualStudioCodeSourceCodeAccess
LogPluginManager: Mounting plugin VisualStudioSourceCodeAccess
LogPluginManager: Mounting plugin XCodeSourceCodeAccess
LogPluginManager: Mounting plugin AssetManagerEditor
LogPluginManager: Mounting plugin CryptoKeys
LogPluginManager: Mounting plugin DataValidation
LogPluginManager: Mounting plugin FacialAnimation
LogPluginManager: Mounting plugin GameplayTagsEditor
LogPluginManager: Mounting plugin MacGraphicsSwitching
LogPluginManager: Mounting plugin MeshEditor
LogPluginManager: Mounting plugin MobileLauncherProfileWizard
LogPluginManager: Mounting plugin PluginBrowser
LogPluginManager: Mounting plugin SpeedTreeImporter
LogPluginManager: Mounting plugin DatasmithContent
LogPluginManager: Mounting plugin AlembicImporter
LogPluginManager: Mounting plugin AppleImageUtils
LogPluginManager: Mounting plugin AppleVision
LogPluginManager: Mounting plugin BackChannel
LogPluginManager: Mounting plugin CharacterAI
LogPluginManager: Mounting plugin GeometryCache
LogPluginManager: Mounting plugin HTML5Networking
LogPluginManager: Mounting plugin ProxyLODPlugin
LogPluginManager: Mounting plugin MagicLeap
LogPluginManager: Mounting plugin MagicLeapEmulator
LogPluginManager: Mounting plugin MagicLeapMedia
LogPluginManager: Mounting plugin JSONParser
LogPluginManager: Mounting plugin WebCommunication
LogPluginManager: Mounting plugin AndroidMedia
LogPluginManager: Mounting plugin AvfMedia
LogPluginManager: Mounting plugin ImgMedia
LogPluginManager: Mounting plugin LinearTimecode
LogPluginManager: Mounting plugin MediaCompositing
LogPluginManager: Mounting plugin MediaPlayerEditor
LogPluginManager: Mounting plugin WmfMedia
LogPluginManager: Mounting plugin TcpMessaging
LogPluginManager: Mounting plugin UdpMessaging
LogPluginManager: Mounting plugin ActorSequence
LogPluginManager: Mounting plugin LevelSequenceEditor
LogPluginManager: Mounting plugin MatineeToLevelSequence
LogPluginManager: Mounting plugin NetcodeUnitTest
LogPluginManager: Mounting plugin NUTUnrealEngine4
LogPluginManager: Mounting plugin OnlineSubsystemGooglePlay
LogPluginManager: Mounting plugin OnlineSubsystemIOS
LogPluginManager: Mounting plugin OnlineSubsystem
LogPluginManager: Mounting plugin OnlineSubsystemNull
LogPluginManager: Mounting plugin OnlineSubsystemSteam
LogPluginManager: Mounting plugin OnlineSubsystemUtils
LogPluginManager: Mounting plugin LauncherChunkInstaller
LogPluginManager: Mounting plugin AndroidDeviceProfileSelector
LogPluginManager: Mounting plugin AndroidMoviePlayer
LogPluginManager: Mounting plugin AndroidPermission
LogPluginManager: Mounting plugin AppleMoviePlayer
LogPluginManager: Mounting plugin ArchVisCharacter
LogPluginManager: Mounting plugin AudioCapture
LogPluginManager: Mounting plugin CableComponent
LogPluginManager: Mounting plugin CustomMeshComponent
LogPluginManager: Mounting plugin EditableMesh
LogPluginManager: Mounting plugin ExampleDeviceProfileSelector
LogPluginManager: Mounting plugin GoogleCloudMessaging
LogPluginManager: Mounting plugin ImmediatePhysics
LogPluginManager: Mounting plugin IOSDeviceProfileSelector
LogPluginManager: Mounting plugin LinuxDeviceProfileSelector
LogPluginManager: Mounting plugin LocationServicesBPLibrary
LogPluginManager: Mounting plugin MobilePatchingUtils
LogPluginManager: Mounting plugin OculusVR
LogPluginManager: Plugin shader directory ../../../Engine/Plugins/Runtime/Oculus/OculusVR/Shaders found
LogPluginManager: Mapping shader source directory ../../../Engine/Plugins/Runtime/Oculus/OculusVR/Shaders to virtual directory /Plugin/OculusVR
LogPluginManager: Mounting plugin PhysXVehicles
LogPluginManager: Mounting plugin ProceduralMeshComponent
LogPluginManager: Mounting plugin RuntimePhysXCooking
LogPluginManager: Mounting plugin SteamVR
LogPluginManager: Mounting plugin WindowsMoviePlayer
LogStreaming: Display: Took  0.062s to configure plugins.
LogInit: Using libcurl 7.55.1-DEV
LogInit:  - built for x86_64-pc-win32
LogInit:  - supports SSL with OpenSSL/1.0.2h
LogInit:  - supports HTTP deflate (compression) using libz 1.2.8
LogInit:  - other features:
LogInit:      CURL_VERSION_SSL
LogInit:      CURL_VERSION_LIBZ
LogInit:      CURL_VERSION_IPV6
LogInit:      CURL_VERSION_ASYNCHDNS
LogInit:      CURL_VERSION_LARGEFILE
LogInit:      CURL_VERSION_IDN
LogInit:  CurlRequestOptions (configurable via config and command line):
LogInit:  - bVerifyPeer = false  - Libcurl will NOT verify peer certificate
LogInit:  - bUseHttpProxy = false  - Libcurl will NOT use HTTP proxy
LogInit:  - bDontReuseConnections = false  - Libcurl will reuse connections
LogInit:  - CertBundlePath = nullptr  - Libcurl will use whatever was configured at build time.
LogInit:  - MaxHostConnections = 16  - Libcurl will limit the number of connections to a host
LogInit:  - LocalHostAddr = Default
LogInit:  - BufferSize = 65536
LogOnline: Display: STEAM: Loading Steam SDK 1.39
LogOnline: Warning: STEAM: Steam API disabled!
LogOnline: Display: STEAM: OnlineSubsystemSteam::Shutdown()
LogInit: WinSock: version 1.1 (2.2), MaxSocks=32767, MaxUdp=65467
LogInit: Build: ++UE4+Release-4.20-CL-4369336
LogInit: Engine Version: 4.20.3-4369336+++UE4+Release-4.20
LogInit: Compatible Engine Version: 4.20.0-4212847+++UE4+Release-4.20
LogInit: Net CL: 4212847
LogInit: OS: Windows 10 (), CPU: Intel(R) Xeon(R) CPU E5-2630 v3 @ 2.40GHz, GPU: AMD FirePro W7000
LogInit: Compiled (64-bit): Sep 17 2018 12:26:19
LogInit: Compiled with Visual C++: 19.13.26129.00
LogInit: Build Configuration: Development
LogInit: Branch Name: ++UE4+Release-4.20
LogInit: Command Line:  /Game/Maps/Menu?Listen -game -PIEVIACONSOLE -ResX=640 -ResY=480  -Multiprocess -messaging -SessionName="Play in Standalone Game" -port=17777 -windowed GameUserSettingsINI="F:/Users/cvega/Desktop/UE4_Projects/Networking/Saved/Config/Windows/PIEGameUserSettings0.ini" -MultiprocessSaveConfig  -MultiprocessOSS WinX=1845 WinY=5 SAVEWINPOS=1
LogInit: Base Directory: C:/Program Files (x86)/Epic Games/UE_4.20/Engine/Binaries/Win64/
LogInit: Installed Engine Build: 1
LogDevObjectVersion: Number of dev versions registered: 20
LogDevObjectVersion:   Dev-Blueprints (B0D832E4-1F89-4F0D-ACCF-7EB736FD4AA2): 10
LogDevObjectVersion:   Dev-Build (E1C64328-A22C-4D53-A36C-8E866417BD8C): 0
LogDevObjectVersion:   Dev-Core (375EC13C-06E4-48FB-B500-84F0262A717E): 2
LogDevObjectVersion:   Dev-Editor (E4B068ED-F494-42E9-A231-DA0B2E46BB41): 24
LogDevObjectVersion:   Dev-Framework (CFFC743F-43B0-4480-9391-14DF171D2073): 34
LogDevObjectVersion:   Dev-Mobile (B02B49B5-BB20-44E9-A304-32B752E40360): 2
LogDevObjectVersion:   Dev-Networking (A4E4105C-59A1-49B5-A7C5-40C4547EDFEE): 0
LogDevObjectVersion:   Dev-Online (39C831C9-5AE6-47DC-9A44-9C173E1C8E7C): 0
LogDevObjectVersion:   Dev-Physics (78F01B33-EBEA-4F98-B9B4-84EACCB95AA2): 0
LogDevObjectVersion:   Dev-Platform (6631380F-2D4D-43E0-8009-CF276956A95A): 0
LogDevObjectVersion:   Dev-Rendering (12F88B9F-8875-4AFC-A67C-D90C383ABD29): 26
LogDevObjectVersion:   Dev-Sequencer (7B5AE74C-D270-4C10-A958-57980B212A5A): 9
LogDevObjectVersion:   Dev-VR (D7296918-1DD6-4BDD-9DE2-64A83CC13884): 2
LogDevObjectVersion:   Dev-LoadTimes (C2A15278-BFE7-4AFE-6C17-90FF531DF755): 1
LogDevObjectVersion:   Private-Geometry (6EACA3D4-40EC-4CC1-B786-8BED09428FC5): 3
LogDevObjectVersion:   Dev-AnimPhys (29E575DD-E0A3-4627-9D10-D276232CDCEA): 17
LogDevObjectVersion:   Dev-ReflectionCapture (6B266CEC-1EC7-4B8F-A30B-E4D90942FC07): 1
LogDevObjectVersion:   Dev-Automation (0DF73D61-A23F-47EA-B727-89E90C41499A): 1
LogDevObjectVersion:   FortniteMain (601D1886-AC64-4F84-AA16-D3DE0DEAC7D6): 12
LogDevObjectVersion:   Dev-Enterprise (9DFFBCD6-494F-0158-E221-12823C92A888): 1
LogStreaming: Display: Took  0.004s to delete old logs.
LogInit: Presizing for max 8388607 objects, including 0 objects not considered by GC, pre-allocating 0 bytes for permanent pool.
LogInit: Object subsystem initialized
[2018.10.12-21.05.42:902][  0]LogInit: Selected Device Profile: [Windows]
[2018.10.12-21.05.42:902][  0]LogInit: Applying CVar settings loaded from the selected device profile: [Windows]
[2018.10.12-21.05.42:908][  0]LogHAL: Display: Platform has ~ 32 GB [34279821312 / 34359738368 / 32], which maps to Largest [LargestMinGB=32, LargerMinGB=12, DefaultMinGB=8, SmallerMinGB=6, SmallestMinGB=0)
[2018.10.12-21.05.42:909][  0]LogInit: Setting Device Profile CVar: [[r.Vulkan.UseRealUBs:1]]
[2018.10.12-21.05.42:909][  0]LogInit: Going up to parent DeviceProfile []
[2018.10.12-21.05.42:909][  0]LogInit: Computer: IS-WK-CVEGA
[2018.10.12-21.05.42:909][  0]LogInit: User: cvega
[2018.10.12-21.05.42:909][  0]LogInit: CPU Page size=4096, Cores=8
[2018.10.12-21.05.42:909][  0]LogInit: High frequency timer resolution =2.338335 MHz
[2018.10.12-21.05.42:909][  0]LogMemory: Memory total: Physical=31.9GB (32GB approx)
[2018.10.12-21.05.42:909][  0]LogMemory: Platform Memory Stats for Windows
[2018.10.12-21.05.42:909][  0]LogMemory: Process Physical Memory: 104.57 MB used, 104.57 MB peak
[2018.10.12-21.05.42:909][  0]LogMemory: Process Virtual Memory: 91.74 MB used, 91.74 MB peak
[2018.10.12-21.05.42:909][  0]LogMemory: Physical Memory: 18108.13 MB used,  14583.66 MB free, 32691.79 MB total
[2018.10.12-21.05.42:909][  0]LogMemory: Virtual Memory: 583.51 MB used,  14583.66 MB free, 134217728.00 MB total
[2018.10.12-21.05.42:928][  0]LogInit: Using OS detected language (en-US).
[2018.10.12-21.05.42:928][  0]LogInit: Using OS detected locale (en-US).
[2018.10.12-21.05.42:928][  0]LogTextLocalizationManager: No specific localization for 'en-US' exists, so the 'en' localization will be used.
[2018.10.12-21.05.43:443][  0]LogStreaming: Display: Took  0.515s to InitEngineTextLocalization.
[2018.10.12-21.05.43:583][  0]LogSlate: New Slate User Created.  User Index 0, Is Virtual User: 0
[2018.10.12-21.05.43:583][  0]LogSlate: Slate User Registered.  User Index 0, Is Virtual User: 0
[2018.10.12-21.05.43:683][  0]LogHMD: Failed to initialize OpenVR with code 110
[2018.10.12-21.05.43:683][  0]LogD3D11RHI: D3D11 adapters:
[2018.10.12-21.05.43:743][  0]LogD3D11RHI:    0. 'AMD FirePro W7000' (Feature Level 11_0)
[2018.10.12-21.05.43:743][  0]LogD3D11RHI:       4078/0/16345 MB DedicatedVideo/DedicatedSystem/SharedSystem, Outputs:4, VendorId:0x1002
[2018.10.12-21.05.43:760][  0]LogD3D11RHI:    1. 'Microsoft Basic Render Driver' (Feature Level 11_0)
[2018.10.12-21.05.43:760][  0]LogD3D11RHI:       0/0/16345 MB DedicatedVideo/DedicatedSystem/SharedSystem, Outputs:0, VendorId:0x1414
[2018.10.12-21.05.43:760][  0]LogD3D11RHI: Chosen D3D11 Adapter: 0
[2018.10.12-21.05.43:809][  0]LogD3D11RHI: Creating new Direct3DDevice
[2018.10.12-21.05.43:809][  0]LogD3D11RHI:     GPU DeviceId: 0x6808 (for the marketing name, search the web for "GPU Device Id")
[2018.10.12-21.05.43:809][  0]LogWindows: EnumDisplayDevices:
[2018.10.12-21.05.43:818][  0]LogWindows:    0. 'AMD FirePro W7000' (P:0 D:1)
[2018.10.12-21.05.43:819][  0]LogWindows:    1. 'AMD FirePro W7000' (P:0 D:1)
[2018.10.12-21.05.43:820][  0]LogWindows:    2. 'AMD FirePro W7000' (P:1 D:1)
[2018.10.12-21.05.43:831][  0]LogWindows:    3. 'AMD FirePro W7000' (P:0 D:1)
[2018.10.12-21.05.43:832][  0]LogWindows:    4. 'AMD FirePro W7000' (P:0 D:0)
[2018.10.12-21.05.43:833][  0]LogWindows:    5. 'AMD FirePro W7000' (P:0 D:0)
[2018.10.12-21.05.43:833][  0]LogWindows:    6. 'AMD FirePro W7000' (P:0 D:0)
[2018.10.12-21.05.43:834][  0]LogWindows:    7. 'AMD FirePro W7000' (P:0 D:0)
[2018.10.12-21.05.43:835][  0]LogWindows:    8. 'AMD FirePro W7000' (P:0 D:0)
[2018.10.12-21.05.43:835][  0]LogWindows:    9. 'AMD FirePro W7000' (P:0 D:0)
[2018.10.12-21.05.43:836][  0]LogWindows:    10. 'AMD FirePro W7000' (P:0 D:0)
[2018.10.12-21.05.43:837][  0]LogWindows:    11. 'AMD FirePro W7000' (P:0 D:0)
[2018.10.12-21.05.43:837][  0]LogWindows:    12. 'DameWare Development Mirror Driver 64-bit' (P:0 D:0)
[2018.10.12-21.05.43:837][  0]LogWindows: DebugString: GetVideoDriverDetailsInvalid PrimaryIsNotTheChoosenAdapter FoundDriverCount:12 
[2018.10.12-21.05.43:837][  0]LogD3D11RHI:     Adapter Name: AMD FirePro W7000
[2018.10.12-21.05.43:837][  0]LogD3D11RHI:   Driver Version: Crimson 15.11 (internal:15.300.1025.1001, unified:15.300.1025.1001)
[2018.10.12-21.05.43:837][  0]LogD3D11RHI:      Driver Date: 11-29-2015
[2018.10.12-21.05.43:837][  0]LogRHI: Texture pool is 2854 MB (70% of 4078 MB)
[2018.10.12-21.05.44:136][  0]LogD3D11RHI: Async texture creation enabled
[2018.10.12-21.05.44:153][  0]LogD3D11RHI: GPU Timing Frequency: 27.000000 (Debug: 2 1)
[2018.10.12-21.05.44:174][  0]LogWindowsTextInputMethodSystem: Display: IME system now deactivated.
[2018.10.12-21.05.44:175][  0]LogWindowsTextInputMethodSystem: Display: IME system now deactivated.
[2018.10.12-21.05.46:651][  0]LogWindowsTextInputMethodSystem: Display: IME system now deactivated.
[2018.10.12-21.05.46:651][  0]LogWindowsTextInputMethodSystem: Display: IME system now deactivated.
[2018.10.12-21.05.46:653][  0]LogShaderCompilers: Guid format shader working directory is 2 characters bigger than the processId version (F:/Users/cvega/Desktop/UE4_Projects/Networking/Intermediate/Shaders/WorkingDirectory/73024/).
[2018.10.12-21.05.46:653][  0]LogShaderCompilers: Cleaned the shader compiler working directory 'C:/Users/cvega.BI/AppData/Local/Temp/UnrealShaderWorkingDir/C471FA934D8625BE250E8BB186140E33/'.
[2018.10.12-21.05.47:030][  0]LogTemp: Display: Loaded TP WindowsClientTargetPlatform
[2018.10.12-21.05.47:048][  0]LogTemp: Display: Loaded TP WindowsNoEditorTargetPlatform
[2018.10.12-21.05.47:069][  0]LogTemp: Display: Loaded TP WindowsServerTargetPlatform
[2018.10.12-21.05.47:081][  0]LogTemp: Display: Loaded TP WindowsTargetPlatform
[2018.10.12-21.05.47:081][  0]LogTargetPlatformManager: Display: Building Assets For Windows
[2018.10.12-21.05.47:159][  0]LogXGEController: Cannot use XGE Controller as Incredibuild is not installed on this machine.
[2018.10.12-21.05.47:159][  0]LogShaderCompilers: Cannot use XGE Shader Compiler as Incredibuild is not installed on this machine.
[2018.10.12-21.05.47:159][  0]LogShaderCompilers: Display: Using Local Shader Compiler.
[2018.10.12-21.05.48:290][  0]LogDerivedDataCache: Display: Max Cache Size: 512 MB
[2018.10.12-21.05.48:363][  0]LogDerivedDataCache: Loaded boot cache 0.07s 71MB C:/Users/cvega.BI/AppData/Local/UnrealEngine/4.20/DerivedDataCache/Boot.ddc.
[2018.10.12-21.05.48:363][  0]LogDerivedDataCache: Display: Loaded Boot cache: C:/Users/cvega.BI/AppData/Local/UnrealEngine/4.20/DerivedDataCache/Boot.ddc
[2018.10.12-21.05.48:363][  0]LogDerivedDataCache: FDerivedDataBackendGraph:  Pak pak cache file F:/Users/cvega/Desktop/UE4_Projects/Networking/DerivedDataCache/DDC.ddp not found, will not use a pak cache.
[2018.10.12-21.05.48:363][  0]LogDerivedDataCache: Unable to find inner node Pak for hierarchical cache Hierarchy.
[2018.10.12-21.05.48:363][  0]LogDerivedDataCache: FDerivedDataBackendGraph:  CompressedPak pak cache file F:/Users/cvega/Desktop/UE4_Projects/Networking/DerivedDataCache/Compressed.ddp not found, will not use a pak cache.
[2018.10.12-21.05.48:363][  0]LogDerivedDataCache: Unable to find inner node CompressedPak for hierarchical cache Hierarchy.
[2018.10.12-21.05.48:380][  0]LogDerivedDataCache: Display: Pak cache opened for reading ../../../Engine/DerivedDataCache/Compressed.ddp.
[2018.10.12-21.05.48:392][  0]LogDerivedDataCache: Using Local data cache path C:/Users/cvega.BI/AppData/Local/UnrealEngine/Common/DerivedDataCache: Writable
[2018.10.12-21.05.48:392][  0]LogDerivedDataCache: Shared data cache path not found in *engine.ini, will not use an Shared cache.
[2018.10.12-21.05.48:392][  0]LogDerivedDataCache: Unable to find inner node Shared for hierarchical cache Hierarchy.
[2018.10.12-21.05.48:422][  0]LogMaterial: Verifying Global Shaders for PCD3D_SM5
[2018.10.12-21.05.48:424][  0]LogSlate: Using FreeType 2.6.0
[2018.10.12-21.05.48:425][  0]LogSlate: SlateFontServices - WITH_FREETYPE: 1, WITH_HARFBUZZ: 1
[2018.10.12-21.05.48:480][  0]LogInit: Using OS detected language (en-US).
[2018.10.12-21.05.48:480][  0]LogInit: Using OS detected locale (en-US).
[2018.10.12-21.05.48:480][  0]LogTextLocalizationManager: No localization for 'en-US' exists, so 'en' will be used for the language.
[2018.10.12-21.05.48:480][  0]LogTextLocalizationManager: No localization for 'en-US' exists, so 'en' will be used for the locale.
[2018.10.12-21.05.48:888][  0]LogStreaming: Display: Took  0.408s to InitGameTextLocalization.
[2018.10.12-21.05.48:898][  0]LogAssetRegistry: FAssetRegistry took 0.0069 seconds to start up
[2018.10.12-21.05.49:197][  0]LogPackageLocalizationCache: Processed 11 localized package path(s) for 1 prioritized culture(s) in 0.017852 seconds
[2018.10.12-21.05.49:345][  0]LogInit: Selected Device Profile: [Windows]
[2018.10.12-21.05.49:528][  0]LogSimplygon: Simplygon DLL not present - disabling.
[2018.10.12-21.05.49:532][  0]LogMeshReduction: Using SimplygonSwarm for distributed automatic mesh merging
[2018.10.12-21.05.49:532][  0]LogMeshReduction: Using ProxyLODMeshReduction for automatic mesh merging
[2018.10.12-21.05.49:532][  0]LogMeshReduction: Using QuadricMeshReduction for automatic static mesh reduction
[2018.10.12-21.05.49:532][  0]LogMeshReduction: No automatic skeletal mesh reduction module available
[2018.10.12-21.05.49:635][  0]LogNetVersion: Networking 1.0.0, NetCL: 4212847, EngineNetVer: 5, GameNetVer: 0 (Checksum: 1027472705)
[2018.10.12-21.05.50:234][  0]LogMoviePlayer: Initializing movie player
[2018.10.12-21.05.50:403][  0]LogWindowsTextInputMethodSystem: Display: IME system now deactivated.
[2018.10.12-21.05.50:403][  0]LogWindowsTextInputMethodSystem: Display: IME system now deactivated.
[2018.10.12-21.05.50:516][  0]LogTcpMessaging: Initializing TcpMessaging bridge
[2018.10.12-21.05.50:528][  0]LogUdpMessaging: Initializing bridge on interface 0.0.0.0:0 to multicast group 230.0.0.1:6666.
[2018.10.12-21.05.50:616][  0]SourceControl: Source control is disabled
[2018.10.12-21.05.50:616][  0]SourceControl: Source control is disabled
[2018.10.12-21.05.50:617][  0]SourceControl: Source control is disabled
[2018.10.12-21.05.50:740][  0]LogAndroidPermission: UAndroidPermissionCallbackProxy::GetInstance
[2018.10.12-21.05.50:830][  0]LogOcInput: OculusInput pre-init called
[2018.10.12-21.05.50:843][  0]LogUObjectArray: 43230 objects as part of root set at end of initial load.
[2018.10.12-21.05.50:843][  0]LogUObjectAllocator: 7618384 out of 0 bytes used by permanent object pool.
[2018.10.12-21.05.50:843][  0]LogUObjectArray: CloseDisregardForGC: 0/0 objects in disregard for GC pool
[2018.10.12-21.05.50:912][  0]LogEngine: Initializing Engine...
[2018.10.12-21.05.50:913][  0]LogHMD: Failed to initialize OpenVR with code 110
[2018.10.12-21.05.50:926][  0]LogStats: UGameplayTagsManager::ConstructGameplayTagTree: ImportINI prefixes -  0.000 s
[2018.10.12-21.05.50:926][  0]LogStats: UGameplayTagsManager::ConstructGameplayTagTree: Construct from data asset -  0.000 s
[2018.10.12-21.05.50:926][  0]LogStats: UGameplayTagsManager::ConstructGameplayTagTree: ImportINI -  0.000 s
[2018.10.12-21.05.50:926][  0]LogStats: UGameplayTagsManager::ConstructGameplayTagTree: GameplayTagTreeChangedEvent.Broadcast -  0.000 s
[2018.10.12-21.05.51:130][  0]LogInit: Initializing FReadOnlyCVARCache
[2018.10.12-21.05.51:140][  0]LogInit: XAudio2 using 'Speakers (3- C-Media USB Audio Device   )' : 2 channels at 48 kHz using 16 bits per sample (channel mask 0x3)
[2018.10.12-21.05.51:151][  0]LogInit: FAudioDevice initialized.
[2018.10.12-21.05.51:162][  0]LogNetVersion: Set ProjectVersion to 1.0.0.0. Version Checksum will be recalculated on next use.
[2018.10.12-21.05.51:172][  0]LogInit: Texture streaming: Enabled
[2018.10.12-21.05.51:404][  0]LogSlate: Updating window title bar state: overlay mode, drag disabled, window buttons hidden, title bar hidden
[2018.10.12-21.05.51:405][  0]LogInit: Display: Game Engine Initialized.
[2018.10.12-21.05.51:405][  0]LogGameplayTags: Display: UGameplayTagsManager::DoneAddingNativeTags. DelegateIsBound: 0
[2018.10.12-21.05.51:405][  0]LogStats: UGameplayTagsManager::ConstructGameplayTagTree: ImportINI prefixes -  0.000 s
[2018.10.12-21.05.51:405][  0]LogStats: UGameplayTagsManager::ConstructGameplayTagTree: Construct from data asset -  0.000 s
[2018.10.12-21.05.51:405][  0]LogStats: UGameplayTagsManager::ConstructGameplayTagTree: ImportINI -  0.000 s
[2018.10.12-21.05.51:406][  0]LogStats: UGameplayTagsManager::ConstructGameplayTagTree: GameplayTagTreeChangedEvent.Broadcast -  0.000 s
[2018.10.12-21.05.51:422][  0]LogInit: Display: Starting Game.
[2018.10.12-21.05.51:422][  0]LogNet: Browse: /Game/Maps/Menu?Name=Player?Listen
[2018.10.12-21.05.51:422][  0]LogLoad: LoadMap: /Game/Maps/Menu?Name=Player?Listen
[2018.10.12-21.05.51:577][  0]LogAIModule: Creating AISystem for world Menu
[2018.10.12-21.05.51:734][  0]LogLoad: Game class is 'BP_GameMode_C'
[2018.10.12-21.05.51:734][  0]LogOnline: Warning: STEAM: Steam API disabled!
[2018.10.12-21.05.51:734][  0]LogOnline: Display: STEAM: OnlineSubsystemSteam::Shutdown()
[2018.10.12-21.05.51:734][  0]LogTemp: Display: ParseSettings for GameNetDriver
[2018.10.12-21.05.51:734][  0]LogTemp: Display: ParseSettings for IpNetDriver_0
[2018.10.12-21.05.51:734][  0]LogTemp: Display: ParseSettings for GameNetDriver
[2018.10.12-21.05.51:735][  0]LogNet: ReplicationDriverClass is null! Not using ReplicationDriver.
[2018.10.12-21.05.51:735][  0]LogInit: WinSock: Socket queue 131072 / 131072
[2018.10.12-21.05.51:736][  0]LogInit: WinSock: I am IS-WK-CVEGA (192.168.2.2:0)
[2018.10.12-21.05.51:736][  0]PacketHandlerLog: Loaded PacketHandler component: Engine.EngineHandlerComponentFactory (StatelessConnectHandlerComponent)
[2018.10.12-21.05.51:737][  0]LogNet: GameNetDriver IpNetDriver_0 IpNetDriver listening on port 17777
[2018.10.12-21.05.51:739][  0]LogWorld: Bringing World /Game/Maps/Menu.Menu up for play (max tick rate 0) at 2018.10.12-17.05.51
[2018.10.12-21.05.51:739][  0]LogWorld: Bringing up level for play took: 0.002264
[2018.10.12-21.05.51:740][  0]LogOnline: Warning: OSS: No game present to join for session (GameSession)
[2018.10.12-21.05.51:750][  0]LogLoad: Took 0.327797 seconds to LoadMap(/Game/Maps/Menu)
[2018.10.12-21.05.52:209][  0]LogRenderer: Reallocating scene render targets to support 640x480 Format 10 NumSamples 1 (Frame:1).
[2018.10.12-21.05.52:209][  0]LogLoad: (Engine Initialization) Total time: 11.41 seconds
[2018.10.12-21.05.52:209][  0]LogLoad: (Engine Initialization) Total Blueprint compile time: 0.00 seconds
[2018.10.12-21.05.52:239][  0]LogContentStreaming: Texture pool size now 1000 MB
[2018.10.12-21.05.52:524][ 13]LogNet: NotifyAcceptingConnection accepted from: 127.0.0.1:62877
[2018.10.12-21.05.52:524][ 13]LogHandshake: SendConnectChallenge. Timestamp: 0.307579, Cookie: 018110043221042018101166019241160042108194006244123247234154
[2018.10.12-21.05.52:540][ 14]LogNet: NotifyAcceptingConnection accepted from: 127.0.0.1:62877
[2018.10.12-21.05.52:540][ 14]LogHandshake: SendChallengeAck. InCookie: 018110043221042018101166019241160042108194006244123247234154
[2018.10.12-21.05.52:540][ 14]LogNet: Server accepting post-challenge connection from: 127.0.0.1:62877
[2018.10.12-21.05.52:540][ 14]PacketHandlerLog: Loaded PacketHandler component: Engine.EngineHandlerComponentFactory (StatelessConnectHandlerComponent)
[2018.10.12-21.05.52:541][ 14]LogNet: NotifyAcceptedConnection: Name: Menu, TimeStamp: 10/12/18 17:05:52, [UNetConnection] RemoteAddr: 127.0.0.1:62877, Name: IpConnection_0, Driver: GameNetDriver IpNetDriver_0, IsServer: YES, PC: NULL, Owner: NULL, UniqueId: INVALID
[2018.10.12-21.05.52:541][ 14]LogNet: AddClientConnection: Added client connection: [UNetConnection] RemoteAddr: 127.0.0.1:62877, Name: IpConnection_0, Driver: GameNetDriver IpNetDriver_0, IsServer: YES, PC: NULL, Owner: NULL, UniqueId: INVALID
[2018.10.12-21.05.52:556][ 15]LogNet: NotifyAcceptingChannel Control 0 server World /Game/Maps/Menu.Menu: Accepted
[2018.10.12-21.05.52:556][ 15]LogNet: Remote platform little endian=1
[2018.10.12-21.05.52:556][ 15]LogNet: This platform little endian=1
[2018.10.12-21.05.52:556][ 15]LogNetVersion: Networking 1.0.0.0, NetCL: 4212847, EngineNetVer: 5, GameNetVer: 0 (Checksum: 2909429235)
[2018.10.12-21.05.52:572][ 16]LogNet: Login request: /Game/Maps/Main?Name=IS-WK-CVEGA-0500DDC6403F5D6D0F14DF88B4C04123 userId: IS-WK-CVEGA-0500DDC6403F5D6D0F14DF88B4C04123
[2018.10.12-21.05.52:588][ 17]LogNet: Client netspeed is 10000
[2018.10.12-21.05.52:750][ 27]LogNet: Join request: /Game/Maps/Main?Name=IS-WK-CVEGA-0500DDC6403F5D6D0F14DF88B4C04123?SplitscreenCount=1
[2018.10.12-21.05.52:750][ 27]LogOnline: Warning: OSS: No game present to join for session (GameSession)
[2018.10.12-21.05.52:753][ 27]LogNet: Join succeeded: IS-WK-CVEGA-0500DDC6
[2018.10.12-21.05.59:366][437]LogSlate: FSceneViewport::OnFocusLost() reason 0
[2018.10.12-21.06.01:347][560]LogSlate: FSceneViewport::OnFocusLost() reason 0
[2018.10.12-21.06.03:073][662]LogPackageName: SearchForPackageOnDisk took   0.080s to resolve Online.umap.
[2018.10.12-21.06.03:146][662]LogPackageName: SearchForPackageOnDisk took   0.072s to resolve Online.umap.
[2018.10.12-21.06.03:146][662]LogNet: Browse: /Game/Maps/Online?Listen
[2018.10.12-21.06.03:146][662]LogLoad: LoadMap: /Game/Maps/Online?Listen
[2018.10.12-21.06.03:146][662]LogNet: World NetDriver shutdown IpNetDriver_0 [GameNetDriver]
[2018.10.12-21.06.03:146][662]LogNet: DestroyNamedNetDriver IpNetDriver_0 [GameNetDriver]
[2018.10.12-21.06.03:147][662]LogNet: UNetConnection::Cleanup: Closing open connection. [UNetConnection] RemoteAddr: 127.0.0.1:62877, Name: IpConnection_0, Driver: GameNetDriver IpNetDriver_0, IsServer: YES, PC: PlayerController_1, Owner: PlayerController_1, UniqueId: NULL:IS-WK-CVEGA-0500DDC6403F5D6D0F14DF88B4C04123
[2018.10.12-21.06.03:147][662]LogNet: UNetConnection::Close: [UNetConnection] RemoteAddr: 127.0.0.1:62877, Name: IpConnection_0, Driver: GameNetDriver IpNetDriver_0, IsServer: YES, PC: PlayerController_1, Owner: PlayerController_1, UniqueId: NULL:IS-WK-CVEGA-0500DDC6403F5D6D0F14DF88B4C04123, Channels: 11, Time: 2018.10.12-21.06.03
[2018.10.12-21.06.03:147][662]LogNet: UChannel::Close: Sending CloseBunch. ChIndex == 0. Name: [UChannel] ChIndex: 0, Closing: 0 [UNetConnection] RemoteAddr: 127.0.0.1:62877, Name: IpConnection_0, Driver: GameNetDriver IpNetDriver_0, IsServer: YES, PC: PlayerController_1, Owner: PlayerController_1, UniqueId: NULL:IS-WK-CVEGA-0500DDC6403F5D6D0F14DF88B4C04123
[2018.10.12-21.06.03:147][662]LogExit: GameNetDriver IpNetDriver_0 shut down
[2018.10.12-21.06.03:297][662]LogAIModule: Creating AISystem for world Online
[2018.10.12-21.06.03:444][662]LogLoad: Game class is 'BP_GameMode_C'
[2018.10.12-21.06.03:444][662]LogOnline: Warning: STEAM: Steam API disabled!
[2018.10.12-21.06.03:444][662]LogOnline: Display: STEAM: OnlineSubsystemSteam::Shutdown()
[2018.10.12-21.06.03:444][662]LogTemp: Display: ParseSettings for GameNetDriver
[2018.10.12-21.06.03:444][662]LogTemp: Display: ParseSettings for IpNetDriver_1
[2018.10.12-21.06.03:444][662]LogTemp: Display: ParseSettings for GameNetDriver
[2018.10.12-21.06.03:444][662]LogNet: ReplicationDriverClass is null! Not using ReplicationDriver.
[2018.10.12-21.06.03:444][662]LogInit: WinSock: Socket queue 131072 / 131072
[2018.10.12-21.06.03:445][662]PacketHandlerLog: Loaded PacketHandler component: Engine.EngineHandlerComponentFactory (StatelessConnectHandlerComponent)
[2018.10.12-21.06.03:445][662]LogNet: GameNetDriver IpNetDriver_1 IpNetDriver listening on port 17777
[2018.10.12-21.06.03:446][662]LogWorld: Bringing World /Game/Maps/Online.Online up for play (max tick rate 0) at 2018.10.12-17.06.03
[2018.10.12-21.06.03:446][662]LogWorld: Bringing up level for play took: 0.001087
[2018.10.12-21.06.03:447][662]LogOnline: Warning: OSS: No game present to join for session (GameSession)
[2018.10.12-21.06.03:449][662]LogPlayerManagement: Error: Failed to Create Player: A local player already exists for controller ID 0,
[2018.10.12-21.06.03:450][662]LogSlate: New Slate User Created.  User Index 1, Is Virtual User: 0
[2018.10.12-21.06.03:450][662]LogSlate: Slate User Registered.  User Index 1, Is Virtual User: 0
[2018.10.12-21.06.03:453][662]LogLoad: Took 0.307661 seconds to LoadMap(/Game/Maps/Online)
[2018.10.12-21.06.08:244][948]LogSlate: Window 'Networking (64-bit Development PCD3D_SM5) ' being destroyed
[2018.10.12-21.06.08:244][948]LogWindowsTextInputMethodSystem: Display: IME system now deactivated.
[2018.10.12-21.06.08:244][948]LogWindowsTextInputMethodSystem: Display: IME system now deactivated.
[2018.10.12-21.06.08:248][948]LogOnline: Warning: OSS: No game present to leave for session (GameSession)
[2018.10.12-21.06.08:248][948]LogSlate: Updating window title bar state: overlay mode, drag disabled, window buttons hidden, title bar hidden
[2018.10.12-21.06.08:248][948]LogEngine: All Windows Closed
[2018.10.12-21.06.08:248][948]LogWindows: FPlatformMisc::RequestExit(0)
[2018.10.12-21.06.08:291][949]LogNet: World NetDriver shutdown IpNetDriver_1 [GameNetDriver]
[2018.10.12-21.06.08:291][949]LogNet: DestroyNamedNetDriver IpNetDriver_1 [GameNetDriver]
[2018.10.12-21.06.08:291][949]LogExit: GameNetDriver IpNetDriver_1 shut down
[2018.10.12-21.06.08:932][949]LogExit: Preparing to exit.
[2018.10.12-21.06.08:932][949]LogMoviePlayer: Shutting down movie player
[2018.10.12-21.06.09:551][949]LogSlate: Updating window title bar state: overlay mode, drag disabled, window buttons hidden, title bar hidden
[2018.10.12-21.06.09:561][949]LogExit: Game engine shut down
[2018.10.12-21.06.09:631][949]LogExit: Object subsystem successfully closed.
[2018.10.12-21.06.09:657][949]LogShaderCompilers: Display: Shaders left to compile 0
[2018.10.12-21.06.09:661][949]LogD3D11RHI: Shutdown
[2018.10.12-21.06.09:661][949]LogD3D11RHI: CleanupD3DDevice
[2018.10.12-21.06.09:664][949]LogD3D11RHI: ~FD3D11DynamicRHI
[2018.10.12-21.06.09:682][949]LogModuleManager: Shutting down and abandoning module SequenceRecorderSections (386)
[2018.10.12-21.06.09:682][949]LogModuleManager: Shutting down and abandoning module SequenceRecorder (384)
[2018.10.12-21.06.09:682][949]LogModuleManager: Shutting down and abandoning module AutomationController (382)
[2018.10.12-21.06.09:682][949]LogModuleManager: Shutting down and abandoning module AutomationWorker (380)
[2018.10.12-21.06.09:682][949]LogModuleManager: Shutting down and abandoning module Voice (378)
[2018.10.12-21.06.09:682][949]LogModuleManager: Shutting down and abandoning module AIModule (376)
[2018.10.12-21.06.09:682][949]LogModuleManager: Shutting down and abandoning module GameplayDebugger (375)
[2018.10.12-21.06.09:682][949]LogModuleManager: Shutting down and abandoning module AITestSuite (373)
[2018.10.12-21.06.09:682][949]LogModuleManager: Shutting down and abandoning module NavigationSystem (371)
[2018.10.12-21.06.09:682][949]LogModuleManager: Shutting down and abandoning module WmfMediaFactory (368)
[2018.10.12-21.06.09:682][949]LogModuleManager: Shutting down and abandoning module OpenExrWrapper (366)
[2018.10.12-21.06.09:682][949]LogModuleManager: Shutting down and abandoning module ImgMediaFactory (364)
[2018.10.12-21.06.09:682][949]LogModuleManager: Shutting down and abandoning module AvfMediaFactory (362)
[2018.10.12-21.06.09:682][949]LogModuleManager: Shutting down and abandoning module MagicLeapCameraPreviewFactory (360)
[2018.10.12-21.06.09:682][949]LogModuleManager: Shutting down and abandoning module MagicLeapMediaFactory (358)
[2018.10.12-21.06.09:683][949]LogModuleManager: Shutting down and abandoning module CharacterAI (356)
[2018.10.12-21.06.09:683][949]LogModuleManager: Shutting down and abandoning module SessionServices (354)
[2018.10.12-21.06.09:683][949]LogModuleManager: Shutting down and abandoning module MovieSceneCapture (352)
[2018.10.12-21.06.09:683][949]LogModuleManager: Shutting down and abandoning module MovieSceneTracks (350)
[2018.10.12-21.06.09:683][949]LogModuleManager: Shutting down and abandoning module MovieScene (348)
[2018.10.12-21.06.09:683][949]LogModuleManager: Shutting down and abandoning module StreamingPauseRendering (346)
[2018.10.12-21.06.09:683][949]LogModuleManager: Shutting down and abandoning module PortalServices (344)
[2018.10.12-21.06.09:683][949]LogModuleManager: Shutting down and abandoning module PortalRpc (342)
[2018.10.12-21.06.09:683][949]LogModuleManager: Shutting down and abandoning module MessagingRpc (340)
[2018.10.12-21.06.09:683][949]LogModuleManager: Shutting down and abandoning module ProfilerService (338)
[2018.10.12-21.06.09:877][949]LogModuleManager: Shutting down and abandoning module TaskGraph (336)
[2018.10.12-21.06.09:877][949]LogModuleManager: Shutting down and abandoning module SteamVRController (334)
[2018.10.12-21.06.09:877][949]LogModuleManager: Shutting down and abandoning module ProceduralMeshComponent (332)
[2018.10.12-21.06.09:877][949]LogModuleManager: Shutting down and abandoning module OculusInput (330)
[2018.10.12-21.06.09:877][949]LogModuleManager: Shutting down and abandoning module MobilePatchingUtils (328)
[2018.10.12-21.06.09:877][949]LogModuleManager: Shutting down and abandoning module EditableMesh (326)
[2018.10.12-21.06.09:877][949]LogModuleManager: Shutting down and abandoning module CustomMeshComponent (324)
[2018.10.12-21.06.09:877][949]LogModuleManager: Shutting down and abandoning module CableComponent (322)
[2018.10.12-21.06.09:877][949]LogModuleManager: Shutting down and abandoning module AudioCapture (320)
[2018.10.12-21.06.09:877][949]LogModuleManager: Shutting down and abandoning module ArchVisCharacter (318)
[2018.10.12-21.06.09:877][949]LogModuleManager: Shutting down and abandoning module AndroidPermission (316)
[2018.10.12-21.06.09:877][949]LogModuleManager: Shutting down and abandoning module NUTUnrealEngine4 (314)
[2018.10.12-21.06.09:877][949]LogModuleManager: Shutting down and abandoning module NetcodeUnitTest (312)
[2018.10.12-21.06.09:877][949]LogModuleManager: Shutting down and abandoning module MediaCompositing (310)
[2018.10.12-21.06.09:877][949]LogModuleManager: Shutting down and abandoning module LinearTimecode (308)
[2018.10.12-21.06.09:877][949]LogModuleManager: Shutting down and abandoning module ImgMedia (306)
[2018.10.12-21.06.09:880][949]LogModuleManager: Shutting down and abandoning module HTML5Networking (304)
[2018.10.12-21.06.09:880][949]LogModuleManager: Shutting down and abandoning module GeometryCacheTracks (302)
[2018.10.12-21.06.09:880][949]LogModuleManager: Shutting down and abandoning module GeometryCacheSequencer (301)
[2018.10.12-21.06.09:880][949]LogModuleManager: Shutting down and abandoning module GeometryCache (298)
[2018.10.12-21.06.09:880][949]LogModuleManager: Shutting down and abandoning module GeometryCacheEd (297)
[2018.10.12-21.06.09:880][949]LogModuleManager: Shutting down and abandoning module BackChannel (294)
[2018.10.12-21.06.09:880][949]LogModuleManager: Shutting down and abandoning module AppleVision (292)
[2018.10.12-21.06.09:880][949]LogModuleManager: Shutting down and abandoning module AppleImageUtils (290)
[2018.10.12-21.06.09:880][949]LogModuleManager: Shutting down and abandoning module DatasmithContent (288)
[2018.10.12-21.06.09:880][949]LogModuleManager: Shutting down and abandoning module CryptoKeysOpenSSL (286)
[2018.10.12-21.06.09:880][949]LogModuleManager: Shutting down and abandoning module CryptoKeys (284)
[2018.10.12-21.06.09:880][949]LogModuleManager: Shutting down and abandoning module VisualStudioSourceCodeAccess (282)
[2018.10.12-21.06.09:880][949]LogModuleManager: Shutting down and abandoning module HotReload (281)
[2018.10.12-21.06.09:880][949]LogModuleManager: Shutting down and abandoning module DirectoryWatcher (280)
[2018.10.12-21.06.09:880][949]LogModuleManager: Shutting down and abandoning module VisualStudioCodeSourceCodeAccess (276)
[2018.10.12-21.06.09:880][949]LogModuleManager: Shutting down and abandoning module UObjectPlugin (274)
[2018.10.12-21.06.09:880][949]LogModuleManager: Shutting down and abandoning module SubversionSourceControl (272)
[2018.10.12-21.06.09:880][949]LogModuleManager: Shutting down and abandoning module PerforceSourceControl (270)
[2018.10.12-21.06.09:880][949]LogModuleManager: Shutting down and abandoning module SourceControl (269)
[2018.10.12-21.06.09:880][949]LogModuleManager: Shutting down and abandoning module CLionSourceCodeAccess (266)
[2018.10.12-21.06.09:880][949]LogModuleManager: Shutting down and abandoning module RuntimePhysXCooking (264)
[2018.10.12-21.06.09:880][949]LogModuleManager: Shutting down and abandoning module PhysXVehiclesEditor (262)
[2018.10.12-21.06.09:880][949]LogModuleManager: Shutting down and abandoning module PhysXVehicles (260)
[2018.10.12-21.06.09:880][949]LogModuleManager: Shutting down and abandoning module LocationServicesBPLibrary (258)
[2018.10.12-21.06.09:880][949]LogModuleManager: Shutting down and abandoning module ImmediatePhysicsEditor (256)
[2018.10.12-21.06.09:880][949]LogModuleManager: Shutting down and abandoning module ImmediatePhysics (254)
[2018.10.12-21.06.09:880][949]LogModuleManager: Shutting down and abandoning module ActorSequence (252)
[2018.10.12-21.06.09:880][949]LogModuleManager: Shutting down and abandoning module UdpMessaging (250)
[2018.10.12-21.06.09:981][949]LogModuleManager: Shutting down and abandoning module TcpMessaging (248)
[2018.10.12-21.06.10:526][949]LogModuleManager: Shutting down and abandoning module MagicLeapAudio (246)
[2018.10.12-21.06.10:526][949]LogModuleManager: Shutting down and abandoning module GameplayTagsEditor (244)
[2018.10.12-21.06.10:526][949]LogModuleManager: Shutting down and abandoning module FacialAnimation (242)
[2018.10.12-21.06.10:526][949]LogModuleManager: Shutting down and abandoning module DataValidation (240)
[2018.10.12-21.06.10:526][949]LogModuleManager: Shutting down and abandoning module AssetManagerEditor (238)
[2018.10.12-21.06.10:526][949]LogModuleManager: Shutting down and abandoning module TreeMap (237)
[2018.10.12-21.06.10:526][949]LogModuleManager: Shutting down and abandoning module LightPropagationVolumeRuntime (234)
[2018.10.12-21.06.10:526][949]LogModuleManager: Shutting down and abandoning module AISupportModule (232)
[2018.10.12-21.06.10:526][949]LogModuleManager: Shutting down and abandoning module AdvancedSteamSessions (230)
[2018.10.12-21.06.10:526][949]LogModuleManager: Shutting down and abandoning module AdvancedSessions (228)
[2018.10.12-21.06.10:526][949]LogModuleManager: Shutting down and abandoning module Paper2D (226)
[2018.10.12-21.06.10:526][949]LogModuleManager: Shutting down and abandoning module PIEPreviewDeviceProfileSelector (224)
[2018.10.12-21.06.10:526][949]LogModuleManager: Shutting down and abandoning module WindowsMoviePlayer (222)
[2018.10.12-21.06.10:526][949]LogModuleManager: Shutting down and abandoning module WmfMedia (220)
[2018.10.12-21.06.10:527][949]LogModuleManager: Shutting down and abandoning module Media (219)
[2018.10.12-21.06.10:533][949]LogModuleManager: Shutting down and abandoning module WebCommunication (216)
[2018.10.12-21.06.10:533][949]LogModuleManager: Shutting down and abandoning module JSONParser (214)
[2018.10.12-21.06.10:533][949]LogModuleManager: Shutting down and abandoning module PacketHandler (212)
[2018.10.12-21.06.10:533][949]LogModuleManager: Shutting down and abandoning module ClothingSystemEditor (210)
[2018.10.12-21.06.10:533][949]LogModuleManager: Shutting down and abandoning module ClothingSystemRuntime (208)
[2018.10.12-21.06.10:533][949]LogModuleManager: Shutting down and abandoning module MediaAssets (206)
[2018.10.12-21.06.10:533][949]LogModuleManager: Shutting down and abandoning module Overlay (204)
[2018.10.12-21.06.10:533][949]LogModuleManager: Shutting down and abandoning module OverlayEditor (203)
[2018.10.12-21.06.10:533][949]LogModuleManager: Shutting down and abandoning module VREditor (200)
[2018.10.12-21.06.10:533][949]LogModuleManager: Shutting down and abandoning module StringTableEditor (198)
[2018.10.12-21.06.10:533][949]LogModuleManager: Shutting down and abandoning module GameplayTasksEditor (196)
[2018.10.12-21.06.10:533][949]LogModuleManager: Shutting down and abandoning module BehaviorTreeEditor (194)
[2018.10.12-21.06.10:533][949]LogModuleManager: Shutting down and abandoning module FunctionalTesting (192)
[2018.10.12-21.06.10:533][949]LogModuleManager: Shutting down and abandoning module CollisionAnalyzer (190)
[2018.10.12-21.06.10:533][949]LogModuleManager: Shutting down and abandoning module WorkspaceMenuStructure (189)
[2018.10.12-21.06.10:533][949]LogModuleManager: Shutting down and abandoning module UMG (186)
[2018.10.12-21.06.10:533][949]LogModuleManager: Shutting down and abandoning module UMGEditor (185)
[2018.10.12-21.06.10:533][949]LogModuleManager: Shutting down and abandoning module Sequencer (184)
[2018.10.12-21.06.10:533][949]LogModuleManager: Shutting down and abandoning module MessageLog (181)
[2018.10.12-21.06.10:534][949]LogModuleManager: Shutting down and abandoning module SlateReflector (176)
[2018.10.12-21.06.10:534][949]LogModuleManager: Shutting down and abandoning module Slate (174)
[2018.10.12-21.06.10:534][949]LogModuleManager: Shutting down and abandoning module EditorStyle (172)
[2018.10.12-21.06.10:535][949]LogModuleManager: Shutting down and abandoning module MRMesh (170)
[2018.10.12-21.06.10:535][949]LogModuleManager: Shutting down and abandoning module Messaging (168)
[2018.10.12-21.06.10:535][949]LogModuleManager: Shutting down and abandoning module SourceCodeAccess (166)
[2018.10.12-21.06.10:535][949]LogModuleManager: Shutting down and abandoning module HeadMountedDisplay (164)
[2018.10.12-21.06.10:535][949]LogModuleManager: Shutting down and abandoning module XAudio2 (162)
[2018.10.12-21.06.10:535][949]LogModuleManager: Shutting down and abandoning module Networking (160)
[2018.10.12-21.06.10:535][949]LogModuleManager: Shutting down and abandoning module Core (158)
[2018.10.12-21.06.10:535][949]LogModuleManager: Shutting down and abandoning module LevelSequence (156)
[2018.10.12-21.06.10:535][949]LogModuleManager: Shutting down and abandoning module KismetCompiler (154)
[2018.10.12-21.06.10:535][949]LogModuleManager: Shutting down and abandoning module MeshUtilities (152)
[2018.10.12-21.06.10:535][949]LogModuleManager: Shutting down and abandoning module MeshMergeUtilities (151)
[2018.10.12-21.06.10:535][949]LogModuleManager: Shutting down and abandoning module MeshReductionInterface (150)
[2018.10.12-21.06.10:535][949]LogModuleManager: Shutting down and abandoning module SimplygonSwarm (149)
[2018.10.12-21.06.10:535][949]LogModuleManager: Shutting down and abandoning module ProxyLODMeshReduction (147)
[2018.10.12-21.06.10:535][949]LogModuleManager: Shutting down and abandoning module SimplygonMeshReduction (145)
[2018.10.12-21.06.10:535][949]LogModuleManager: Shutting down and abandoning module QuadricMeshReduction (143)
[2018.10.12-21.06.10:535][949]LogModuleManager: Shutting down and abandoning module MaterialBaking (139)
[2018.10.12-21.06.10:535][949]LogModuleManager: Shutting down and abandoning module DerivedDataCache (134)
[2018.10.12-21.06.10:903][949]LogDerivedDataCache: Shutdown
[2018.10.12-21.06.10:903][949]LogModuleManager: Shutting down and abandoning module XGEController (132)
[2018.10.12-21.06.10:903][949]LogModuleManager: Shutting down and abandoning module TargetPlatform (130)
[2018.10.12-21.06.10:903][949]LogModuleManager: Shutting down and abandoning module VulkanShaderFormat (129)
[2018.10.12-21.06.10:903][949]LogModuleManager: Shutting down and abandoning module ShaderFormatVectorVM (127)
[2018.10.12-21.06.10:903][949]LogModuleManager: Shutting down and abandoning module ShaderFormatOpenGL (125)
[2018.10.12-21.06.10:903][949]LogModuleManager: Shutting down and abandoning module ShaderFormatD3D (123)
[2018.10.12-21.06.10:903][949]LogModuleManager: Shutting down and abandoning module MetalShaderFormat (121)
[2018.10.12-21.06.10:903][949]LogModuleManager: Shutting down and abandoning module TextureFormatUncompressed (119)
[2018.10.12-21.06.10:903][949]LogModuleManager: Shutting down and abandoning module TextureFormatPVR (117)
[2018.10.12-21.06.10:903][949]LogModuleManager: Shutting down and abandoning module TextureFormatDXT (115)
[2018.10.12-21.06.10:903][949]LogModuleManager: Shutting down and abandoning module TextureFormatIntelISPCTexComp (113)
[2018.10.12-21.06.10:903][949]LogModuleManager: Shutting down and abandoning module TextureFormatASTC (111)
[2018.10.12-21.06.10:903][949]LogModuleManager: Shutting down and abandoning module ImageWrapper (110)
[2018.10.12-21.06.10:903][949]LogModuleManager: Shutting down and abandoning module TextureFormatAndroid (107)
[2018.10.12-21.06.10:903][949]LogModuleManager: Shutting down and abandoning module AudioFormatOpus (105)
[2018.10.12-21.06.10:903][949]LogModuleManager: Shutting down and abandoning module AudioFormatOgg (103)
[2018.10.12-21.06.10:903][949]LogModuleManager: Shutting down and abandoning module AudioFormatADPCM (101)
[2018.10.12-21.06.10:903][949]LogModuleManager: Shutting down and abandoning module WindowsTargetPlatform (99)
[2018.10.12-21.06.10:903][949]LogModuleManager: Shutting down and abandoning module WindowsServerTargetPlatform (97)
[2018.10.12-21.06.10:903][949]LogModuleManager: Shutting down and abandoning module WindowsNoEditorTargetPlatform (95)
[2018.10.12-21.06.10:903][949]LogModuleManager: Shutting down and abandoning module WindowsClientTargetPlatform (93)
[2018.10.12-21.06.10:903][949]LogModuleManager: Shutting down and abandoning module InputCore (90)
[2018.10.12-21.06.10:903][949]LogModuleManager: Shutting down and abandoning module Settings (88)
[2018.10.12-21.06.10:903][949]LogModuleManager: Shutting down and abandoning module PhysXCooking (86)
[2018.10.12-21.06.10:903][949]LogModuleManager: Shutting down and abandoning module SteamVR (84)
[2018.10.12-21.06.10:903][949]LogModuleManager: Shutting down and abandoning module OculusHMD (82)
[2018.10.12-21.06.10:903][949]LogModuleManager: Shutting down and abandoning module ExampleDeviceProfileSelector (80)
[2018.10.12-21.06.10:903][949]LogModuleManager: Shutting down and abandoning module LauncherChunkInstaller (78)
[2018.10.12-21.06.10:903][949]LogModuleManager: Shutting down and abandoning module OnlineBlueprintSupport (76)
[2018.10.12-21.06.10:903][949]LogModuleManager: Shutting down and abandoning module OnlineSubsystem (72)
[2018.10.12-21.06.10:904][949]LogModuleManager: Shutting down and abandoning module XMPP (65)
[2018.10.12-21.06.10:904][949]LogModuleManager: Shutting down and abandoning module WebSockets (64)
[2018.10.12-21.06.10:928][949]LogModuleManager: Shutting down and abandoning module HTTP (61)
[2018.10.12-21.06.10:947][949]LogModuleManager: Shutting down and abandoning module SSL (60)
[2018.10.12-21.06.10:948][949]LogModuleManager: Shutting down and abandoning module MagicLeapEmulator (56)
[2018.10.12-21.06.10:948][949]LogModuleManager: Shutting down and abandoning module MagicLeapPrivileges (54)
[2018.10.12-21.06.10:948][949]LogModuleManager: Shutting down and abandoning module MagicLeapIdentity (52)
[2018.10.12-21.06.10:948][949]LogModuleManager: Shutting down and abandoning module MagicLeapHelperVulkan (50)
[2018.10.12-21.06.10:948][949]LogModuleManager: Shutting down and abandoning module MagicLeapHelperOpenGL (48)
[2018.10.12-21.06.10:948][949]LogModuleManager: Shutting down and abandoning module MagicLeapSecureStorage (46)
[2018.10.12-21.06.10:948][949]LogModuleManager: Shutting down and abandoning module MagicLeapGestures (44)
[2018.10.12-21.06.10:948][949]LogModuleManager: Shutting down and abandoning module MagicLeapEyeTracker (42)
[2018.10.12-21.06.10:948][949]LogModuleManager: Shutting down and abandoning module MagicLeapController (40)
[2018.10.12-21.06.10:948][949]LogSlate: Slate User Destroyed.  User Index 0, Is Virtual User: 0
[2018.10.12-21.06.10:948][949]LogSlate: Slate User Destroyed.  User Index 1, Is Virtual User: 0
[2018.10.12-21.06.10:948][949]LogModuleManager: Shutting down and abandoning module MagicLeap (38)
[2018.10.12-21.06.10:948][949]LogModuleManager: Shutting down and abandoning module AnimationModifiers (36)
[2018.10.12-21.06.10:948][949]LogModuleManager: Shutting down and abandoning module PropertyEditor (35)
[2018.10.12-21.06.10:949][949]LogModuleManager: Shutting down and abandoning module AudioEditor (32)
[2018.10.12-21.06.10:949][949]LogModuleManager: Shutting down and abandoning module TextureCompressor (30)
[2018.10.12-21.06.10:949][949]LogModuleManager: Shutting down and abandoning module ShaderCore (28)
[2018.10.12-21.06.10:949][949]LogModuleManager: Shutting down and abandoning module Landscape (26)
[2018.10.12-21.06.10:949][949]LogModuleManager: Shutting down and abandoning module SlateRHIRenderer (24)
[2018.10.12-21.06.10:949][949]LogModuleManager: Shutting down and abandoning module OpenGLDrv (22)
[2018.10.12-21.06.10:949][949]LogModuleManager: Shutting down and abandoning module D3D11RHI (20)
[2018.10.12-21.06.10:949][949]LogModuleManager: Shutting down and abandoning module AnimGraphRuntime (18)
[2018.10.12-21.06.10:949][949]LogModuleManager: Shutting down and abandoning module Renderer (16)
[2018.10.12-21.06.10:949][949]LogModuleManager: Shutting down and abandoning module Engine (14)
[2018.10.12-21.06.10:949][949]LogModuleManager: Shutting down and abandoning module CoreUObject (12)
[2018.10.12-21.06.10:949][949]LogModuleManager: Shutting down and abandoning module NetworkFile (10)
[2018.10.12-21.06.10:949][949]LogModuleManager: Shutting down and abandoning module CookedIterativeFile (8)
[2018.10.12-21.06.10:949][949]LogModuleManager: Shutting down and abandoning module StreamingFile (6)
[2018.10.12-21.06.10:949][949]LogModuleManager: Shutting down and abandoning module SandboxFile (4)
[2018.10.12-21.06.10:949][949]LogModuleManager: Shutting down and abandoning module PakFile (2)
[2018.10.12-21.06.10:958][949]LogExit: Exiting.
[2018.10.12-21.06.10:978][949]Log file closed, 10/12/18 17:06:10
