Log file open, 10/12/18 16:57:08
LogWindows: Failed to load 'aqProf.dll' (GetLastError=126)
LogWindows: File 'aqProf.dll' does not exist
LogWindows: Failed to load 'VtuneApi.dll' (GetLastError=126)
LogWindows: File 'VtuneApi.dll' does not exist
LogWindows: Failed to load 'VtuneApi32e.dll' (GetLastError=126)
LogWindows: File 'VtuneApi32e.dll' does not exist
LogInit: Display: Running engine for game: Networking
LogPlatformFile: Not using cached read wrapper
LogTaskGraph: Started task graph with 5 named threads and 17 total threads with 3 sets of task threads.
LogStats: Stats thread started at 0.246090
LogD3D11RHI: Loaded GFSDK_Aftermath_Lib.x64.dll
LogICUInternationalization: Display: ICU TimeZone Detection - Raw Offset: -5:00, Platform Override: ''
LogPluginManager: Mounting plugin Paper2D
LogPluginManager: Mounting plugin AdvancedSessions
LogPluginManager: Mounting plugin AdvancedSteamSessions
LogPluginManager: Mounting plugin AISupport
LogPluginManager: Mounting plugin LightPropagationVolume
LogPluginManager: Mounting plugin CLionSourceCodeAccess
LogPluginManager: Mounting plugin CodeLiteSourceCodeAccess
LogPluginManager: Mounting plugin GitSourceControl
LogPluginManager: Mounting plugin KDevelopSourceCodeAccess
LogPluginManager: Mounting plugin NullSourceCodeAccess
LogPluginManager: Mounting plugin PerforceSourceControl
LogPluginManager: Mounting plugin SubversionSourceControl
LogPluginManager: Mounting plugin UObjectPlugin
LogPluginManager: Mounting plugin VisualStudioCodeSourceCodeAccess
LogPluginManager: Mounting plugin VisualStudioSourceCodeAccess
LogPluginManager: Mounting plugin XCodeSourceCodeAccess
LogPluginManager: Mounting plugin AssetManagerEditor
LogPluginManager: Mounting plugin CryptoKeys
LogPluginManager: Mounting plugin DataValidation
LogPluginManager: Mounting plugin FacialAnimation
LogPluginManager: Mounting plugin GameplayTagsEditor
LogPluginManager: Mounting plugin MacGraphicsSwitching
LogPluginManager: Mounting plugin MeshEditor
LogPluginManager: Mounting plugin MobileLauncherProfileWizard
LogPluginManager: Mounting plugin PluginBrowser
LogPluginManager: Mounting plugin SpeedTreeImporter
LogPluginManager: Mounting plugin DatasmithContent
LogPluginManager: Mounting plugin AlembicImporter
LogPluginManager: Mounting plugin AppleImageUtils
LogPluginManager: Mounting plugin AppleVision
LogPluginManager: Mounting plugin BackChannel
LogPluginManager: Mounting plugin CharacterAI
LogPluginManager: Mounting plugin GeometryCache
LogPluginManager: Mounting plugin HTML5Networking
LogPluginManager: Mounting plugin ProxyLODPlugin
LogPluginManager: Mounting plugin MagicLeap
LogPluginManager: Mounting plugin MagicLeapEmulator
LogPluginManager: Mounting plugin MagicLeapMedia
LogPluginManager: Mounting plugin JSONParser
LogPluginManager: Mounting plugin WebCommunication
LogPluginManager: Mounting plugin AndroidMedia
LogPluginManager: Mounting plugin AvfMedia
LogPluginManager: Mounting plugin ImgMedia
LogPluginManager: Mounting plugin LinearTimecode
LogPluginManager: Mounting plugin MediaCompositing
LogPluginManager: Mounting plugin MediaPlayerEditor
LogPluginManager: Mounting plugin WmfMedia
LogPluginManager: Mounting plugin TcpMessaging
LogPluginManager: Mounting plugin UdpMessaging
LogPluginManager: Mounting plugin ActorSequence
LogPluginManager: Mounting plugin LevelSequenceEditor
LogPluginManager: Mounting plugin MatineeToLevelSequence
LogPluginManager: Mounting plugin NetcodeUnitTest
LogPluginManager: Mounting plugin NUTUnrealEngine4
LogPluginManager: Mounting plugin OnlineSubsystemGooglePlay
LogPluginManager: Mounting plugin OnlineSubsystemIOS
LogPluginManager: Mounting plugin OnlineSubsystem
LogPluginManager: Mounting plugin OnlineSubsystemNull
LogPluginManager: Mounting plugin OnlineSubsystemSteam
LogPluginManager: Mounting plugin OnlineSubsystemUtils
LogPluginManager: Mounting plugin LauncherChunkInstaller
LogPluginManager: Mounting plugin AndroidDeviceProfileSelector
LogPluginManager: Mounting plugin AndroidMoviePlayer
LogPluginManager: Mounting plugin AndroidPermission
LogPluginManager: Mounting plugin AppleMoviePlayer
LogPluginManager: Mounting plugin ArchVisCharacter
LogPluginManager: Mounting plugin AudioCapture
LogPluginManager: Mounting plugin CableComponent
LogPluginManager: Mounting plugin CustomMeshComponent
LogPluginManager: Mounting plugin EditableMesh
LogPluginManager: Mounting plugin ExampleDeviceProfileSelector
LogPluginManager: Mounting plugin GoogleCloudMessaging
LogPluginManager: Mounting plugin ImmediatePhysics
LogPluginManager: Mounting plugin IOSDeviceProfileSelector
LogPluginManager: Mounting plugin LinuxDeviceProfileSelector
LogPluginManager: Mounting plugin LocationServicesBPLibrary
LogPluginManager: Mounting plugin MobilePatchingUtils
LogPluginManager: Mounting plugin OculusVR
LogPluginManager: Plugin shader directory ../../../Engine/Plugins/Runtime/Oculus/OculusVR/Shaders found
LogPluginManager: Mapping shader source directory ../../../Engine/Plugins/Runtime/Oculus/OculusVR/Shaders to virtual directory /Plugin/OculusVR
LogPluginManager: Mounting plugin PhysXVehicles
LogPluginManager: Mounting plugin ProceduralMeshComponent
LogPluginManager: Mounting plugin RuntimePhysXCooking
LogPluginManager: Mounting plugin SteamVR
LogPluginManager: Mounting plugin WindowsMoviePlayer
LogStreaming: Display: Took  0.062s to configure plugins.
LogInit: Using libcurl 7.55.1-DEV
LogInit:  - built for x86_64-pc-win32
LogInit:  - supports SSL with OpenSSL/1.0.2h
LogInit:  - supports HTTP deflate (compression) using libz 1.2.8
LogInit:  - other features:
LogInit:      CURL_VERSION_SSL
LogInit:      CURL_VERSION_LIBZ
LogInit:      CURL_VERSION_IPV6
LogInit:      CURL_VERSION_ASYNCHDNS
LogInit:      CURL_VERSION_LARGEFILE
LogInit:      CURL_VERSION_IDN
LogInit:  CurlRequestOptions (configurable via config and command line):
LogInit:  - bVerifyPeer = false  - Libcurl will NOT verify peer certificate
LogInit:  - bUseHttpProxy = false  - Libcurl will NOT use HTTP proxy
LogInit:  - bDontReuseConnections = false  - Libcurl will reuse connections
LogInit:  - CertBundlePath = nullptr  - Libcurl will use whatever was configured at build time.
LogInit:  - MaxHostConnections = 16  - Libcurl will limit the number of connections to a host
LogInit:  - LocalHostAddr = Default
LogInit:  - BufferSize = 65536
LogOnline: Display: STEAM: Loading Steam SDK 1.39
LogOnline: Warning: STEAM: Steam API disabled!
LogOnline: Display: STEAM: OnlineSubsystemSteam::Shutdown()
LogInit: WinSock: version 1.1 (2.2), MaxSocks=32767, MaxUdp=65467
LogInit: Build: ++UE4+Release-4.20-CL-4369336
LogInit: Engine Version: 4.20.3-4369336+++UE4+Release-4.20
LogInit: Compatible Engine Version: 4.20.0-4212847+++UE4+Release-4.20
LogInit: Net CL: 4212847
LogInit: OS: Windows 10 (), CPU: Intel(R) Xeon(R) CPU E5-2630 v3 @ 2.40GHz, GPU: AMD FirePro W7000
LogInit: Compiled (64-bit): Sep 17 2018 12:26:19
LogInit: Compiled with Visual C++: 19.13.26129.00
LogInit: Build Configuration: Development
LogInit: Branch Name: ++UE4+Release-4.20
LogInit: Command Line:  /Game/Maps/Menu -game -PIEVIACONSOLE -ResX=640 -ResY=480  -Multiprocess -messaging -SessionName="Play in Standalone Game" -port=17777 -windowed GameUserSettingsINI="F:/Users/cvega/Desktop/UE4_Projects/Networking/Saved/Config/Windows/PIEGameUserSettings0.ini" -MultiprocessSaveConfig  -MultiprocessOSS -server -log 
LogInit: Base Directory: C:/Program Files (x86)/Epic Games/UE_4.20/Engine/Binaries/Win64/
LogInit: Installed Engine Build: 1
LogDevObjectVersion: Number of dev versions registered: 20
LogDevObjectVersion:   Dev-Blueprints (B0D832E4-1F89-4F0D-ACCF-7EB736FD4AA2): 10
LogDevObjectVersion:   Dev-Build (E1C64328-A22C-4D53-A36C-8E866417BD8C): 0
LogDevObjectVersion:   Dev-Core (375EC13C-06E4-48FB-B500-84F0262A717E): 2
LogDevObjectVersion:   Dev-Editor (E4B068ED-F494-42E9-A231-DA0B2E46BB41): 24
LogDevObjectVersion:   Dev-Framework (CFFC743F-43B0-4480-9391-14DF171D2073): 34
LogDevObjectVersion:   Dev-Mobile (B02B49B5-BB20-44E9-A304-32B752E40360): 2
LogDevObjectVersion:   Dev-Networking (A4E4105C-59A1-49B5-A7C5-40C4547EDFEE): 0
LogDevObjectVersion:   Dev-Online (39C831C9-5AE6-47DC-9A44-9C173E1C8E7C): 0
LogDevObjectVersion:   Dev-Physics (78F01B33-EBEA-4F98-B9B4-84EACCB95AA2): 0
LogDevObjectVersion:   Dev-Platform (6631380F-2D4D-43E0-8009-CF276956A95A): 0
LogDevObjectVersion:   Dev-Rendering (12F88B9F-8875-4AFC-A67C-D90C383ABD29): 26
LogDevObjectVersion:   Dev-Sequencer (7B5AE74C-D270-4C10-A958-57980B212A5A): 9
LogDevObjectVersion:   Dev-VR (D7296918-1DD6-4BDD-9DE2-64A83CC13884): 2
LogDevObjectVersion:   Dev-LoadTimes (C2A15278-BFE7-4AFE-6C17-90FF531DF755): 1
LogDevObjectVersion:   Private-Geometry (6EACA3D4-40EC-4CC1-B786-8BED09428FC5): 3
LogDevObjectVersion:   Dev-AnimPhys (29E575DD-E0A3-4627-9D10-D276232CDCEA): 17
LogDevObjectVersion:   Dev-ReflectionCapture (6B266CEC-1EC7-4B8F-A30B-E4D90942FC07): 1
LogDevObjectVersion:   Dev-Automation (0DF73D61-A23F-47EA-B727-89E90C41499A): 1
LogDevObjectVersion:   FortniteMain (601D1886-AC64-4F84-AA16-D3DE0DEAC7D6): 12
LogDevObjectVersion:   Dev-Enterprise (9DFFBCD6-494F-0158-E221-12823C92A888): 1
LogStreaming: Display: Took  0.003s to delete old logs.
LogInit: Presizing for max 8388607 objects, including 0 objects not considered by GC, pre-allocating 0 bytes for permanent pool.
LogInit: Object subsystem initialized
[2018.10.12-20.57.09:342][  0]LogInit: Selected Device Profile: [Windows]
[2018.10.12-20.57.09:342][  0]LogInit: Applying CVar settings loaded from the selected device profile: [Windows]
[2018.10.12-20.57.09:350][  0]LogHAL: Display: Platform has ~ 32 GB [34279821312 / 34359738368 / 32], which maps to Largest [LargestMinGB=32, LargerMinGB=12, DefaultMinGB=8, SmallerMinGB=6, SmallestMinGB=0)
[2018.10.12-20.57.09:350][  0]LogInit: Setting Device Profile CVar: [[r.Vulkan.UseRealUBs:1]]
[2018.10.12-20.57.09:350][  0]LogInit: Going up to parent DeviceProfile []
[2018.10.12-20.57.09:351][  0]LogInit: Computer: IS-WK-CVEGA
[2018.10.12-20.57.09:353][  0]LogInit: User: cvega
[2018.10.12-20.57.09:354][  0]LogInit: CPU Page size=4096, Cores=8
[2018.10.12-20.57.09:355][  0]LogInit: High frequency timer resolution =2.338335 MHz
[2018.10.12-20.57.09:356][  0]LogMemory: Memory total: Physical=31.9GB (32GB approx)
[2018.10.12-20.57.09:356][  0]LogMemory: Platform Memory Stats for Windows
[2018.10.12-20.57.09:357][  0]LogMemory: Process Physical Memory: 102.71 MB used, 102.71 MB peak
[2018.10.12-20.57.09:358][  0]LogMemory: Process Virtual Memory: 89.57 MB used, 89.57 MB peak
[2018.10.12-20.57.09:358][  0]LogMemory: Physical Memory: 18291.09 MB used,  14400.70 MB free, 32691.79 MB total
[2018.10.12-20.57.09:359][  0]LogMemory: Virtual Memory: 541.67 MB used,  14400.70 MB free, 134217728.00 MB total
[2018.10.12-20.57.09:379][  0]LogInit: Using OS detected language (en-US).
[2018.10.12-20.57.09:379][  0]LogInit: Using OS detected locale (en-US).
[2018.10.12-20.57.09:382][  0]LogTextLocalizationManager: No specific localization for 'en-US' exists, so the 'en' localization will be used.
[2018.10.12-20.57.09:875][  0]LogStreaming: Display: Took  0.496s to InitEngineTextLocalization.
[2018.10.12-20.57.09:895][  0]LogShaderCompilers: Guid format shader working directory is 2 characters bigger than the processId version (F:/Users/cvega/Desktop/UE4_Projects/Networking/Intermediate/Shaders/WorkingDirectory/87828/).
[2018.10.12-20.57.09:925][  0]LogShaderCompilers: Cleaned the shader compiler working directory 'C:/Users/cvega.BI/AppData/Local/Temp/UnrealShaderWorkingDir/34197BEA4BFC64E76C569486431764AC/'.
[2018.10.12-20.57.10:507][  0]LogTemp: Display: Loaded TP WindowsClientTargetPlatform
[2018.10.12-20.57.10:530][  0]LogTemp: Display: Loaded TP WindowsNoEditorTargetPlatform
[2018.10.12-20.57.10:574][  0]LogTemp: Display: Loaded TP WindowsServerTargetPlatform
[2018.10.12-20.57.10:598][  0]LogTemp: Display: Loaded TP WindowsTargetPlatform
[2018.10.12-20.57.10:629][  0]LogTargetPlatformManager: Display: Building Assets For Windows
[2018.10.12-20.57.10:747][  0]LogXGEController: Cannot use XGE Controller as Incredibuild is not installed on this machine.
[2018.10.12-20.57.10:751][  0]LogShaderCompilers: Cannot use XGE Shader Compiler as Incredibuild is not installed on this machine.
[2018.10.12-20.57.10:752][  0]LogShaderCompilers: Display: Using Local Shader Compiler.
[2018.10.12-20.57.11:988][  0]LogDerivedDataCache: Display: Max Cache Size: 512 MB
[2018.10.12-20.57.12:060][  0]LogDerivedDataCache: Loaded boot cache 0.07s 71MB C:/Users/cvega.BI/AppData/Local/UnrealEngine/4.20/DerivedDataCache/Boot.ddc.
[2018.10.12-20.57.12:060][  0]LogDerivedDataCache: Display: Loaded Boot cache: C:/Users/cvega.BI/AppData/Local/UnrealEngine/4.20/DerivedDataCache/Boot.ddc
[2018.10.12-20.57.12:062][  0]LogDerivedDataCache: FDerivedDataBackendGraph:  Pak pak cache file F:/Users/cvega/Desktop/UE4_Projects/Networking/DerivedDataCache/DDC.ddp not found, will not use a pak cache.
[2018.10.12-20.57.12:063][  0]LogDerivedDataCache: Unable to find inner node Pak for hierarchical cache Hierarchy.
[2018.10.12-20.57.12:065][  0]LogDerivedDataCache: FDerivedDataBackendGraph:  CompressedPak pak cache file F:/Users/cvega/Desktop/UE4_Projects/Networking/DerivedDataCache/Compressed.ddp not found, will not use a pak cache.
[2018.10.12-20.57.12:066][  0]LogDerivedDataCache: Unable to find inner node CompressedPak for hierarchical cache Hierarchy.
[2018.10.12-20.57.12:087][  0]LogDerivedDataCache: Display: Pak cache opened for reading ../../../Engine/DerivedDataCache/Compressed.ddp.
[2018.10.12-20.57.12:099][  0]LogDerivedDataCache: Using Local data cache path C:/Users/cvega.BI/AppData/Local/UnrealEngine/Common/DerivedDataCache: Writable
[2018.10.12-20.57.12:099][  0]LogDerivedDataCache: Shared data cache path not found in *engine.ini, will not use an Shared cache.
[2018.10.12-20.57.12:101][  0]LogDerivedDataCache: Unable to find inner node Shared for hierarchical cache Hierarchy.
[2018.10.12-20.57.12:102][  0]LogInit: Using OS detected language (en-US).
[2018.10.12-20.57.12:103][  0]LogInit: Using OS detected locale (en-US).
[2018.10.12-20.57.12:104][  0]LogTextLocalizationManager: No localization for 'en-US' exists, so 'en' will be used for the language.
[2018.10.12-20.57.12:106][  0]LogTextLocalizationManager: No localization for 'en-US' exists, so 'en' will be used for the locale.
[2018.10.12-20.57.12:512][  0]LogStreaming: Display: Took  0.410s to InitGameTextLocalization.
[2018.10.12-20.57.12:521][  0]LogAssetRegistry: FAssetRegistry took 0.0058 seconds to start up
[2018.10.12-20.57.12:830][  0]LogPackageLocalizationCache: Processed 11 localized package path(s) for 1 prioritized culture(s) in 0.014683 seconds
[2018.10.12-20.57.12:968][  0]LogInit: Selected Device Profile: [Windows]
[2018.10.12-20.57.13:074][  0]LogSimplygon: Simplygon DLL not present - disabling.
[2018.10.12-20.57.13:079][  0]LogMeshReduction: Using SimplygonSwarm for distributed automatic mesh merging
[2018.10.12-20.57.13:079][  0]LogMeshReduction: Using ProxyLODMeshReduction for automatic mesh merging
[2018.10.12-20.57.13:080][  0]LogMeshReduction: Using QuadricMeshReduction for automatic static mesh reduction
[2018.10.12-20.57.13:081][  0]LogMeshReduction: No automatic skeletal mesh reduction module available
[2018.10.12-20.57.13:095][  0]LogNetVersion: Networking 1.0.0, NetCL: 4212847, EngineNetVer: 5, GameNetVer: 0 (Checksum: 1027472705)
[2018.10.12-20.57.13:485][  0]LogTcpMessaging: Initializing TcpMessaging bridge
[2018.10.12-20.57.13:497][  0]LogUdpMessaging: Initializing bridge on interface 0.0.0.0:0 to multicast group 230.0.0.1:6666.
[2018.10.12-20.57.13:577][  0]SourceControl: Source control is disabled
[2018.10.12-20.57.13:579][  0]SourceControl: Source control is disabled
[2018.10.12-20.57.13:581][  0]SourceControl: Source control is disabled
[2018.10.12-20.57.13:711][  0]LogAndroidPermission: UAndroidPermissionCallbackProxy::GetInstance
[2018.10.12-20.57.13:777][  0]LogOcInput: OculusInput pre-init called
[2018.10.12-20.57.13:791][  0]LogUObjectArray: 42911 objects as part of root set at end of initial load.
[2018.10.12-20.57.13:791][  0]LogUObjectAllocator: 7523488 out of 0 bytes used by permanent object pool.
[2018.10.12-20.57.13:792][  0]LogUObjectArray: CloseDisregardForGC: 0/0 objects in disregard for GC pool
[2018.10.12-20.57.13:837][  0]LogEngine: Initializing Engine...
[2018.10.12-20.57.13:839][  0]LogStats: UGameplayTagsManager::ConstructGameplayTagTree: ImportINI prefixes -  0.000 s
[2018.10.12-20.57.13:840][  0]LogStats: UGameplayTagsManager::ConstructGameplayTagTree: Construct from data asset -  0.000 s
[2018.10.12-20.57.13:841][  0]LogStats: UGameplayTagsManager::ConstructGameplayTagTree: ImportINI -  0.000 s
[2018.10.12-20.57.13:841][  0]LogStats: UGameplayTagsManager::ConstructGameplayTagTree: GameplayTagTreeChangedEvent.Broadcast -  0.000 s
[2018.10.12-20.57.13:871][  0]LogInit: Initializing FReadOnlyCVARCache
[2018.10.12-20.57.13:871][  0]LogNetVersion: Set ProjectVersion to 1.0.0.0. Version Checksum will be recalculated on next use.
[2018.10.12-20.57.13:877][  0]LogInit: Texture streaming: Disabled
[2018.10.12-20.57.14:062][  0]LogInit: Display: Game Engine Initialized.
[2018.10.12-20.57.14:063][  0]LogGameplayTags: Display: UGameplayTagsManager::DoneAddingNativeTags. DelegateIsBound: 0
[2018.10.12-20.57.14:064][  0]LogStats: UGameplayTagsManager::ConstructGameplayTagTree: ImportINI prefixes -  0.000 s
[2018.10.12-20.57.14:065][  0]LogStats: UGameplayTagsManager::ConstructGameplayTagTree: Construct from data asset -  0.000 s
[2018.10.12-20.57.14:066][  0]LogStats: UGameplayTagsManager::ConstructGameplayTagTree: ImportINI -  0.000 s
[2018.10.12-20.57.14:067][  0]LogStats: UGameplayTagsManager::ConstructGameplayTagTree: GameplayTagTreeChangedEvent.Broadcast -  0.000 s
[2018.10.12-20.57.14:083][  0]LogInit: Display: Starting Game.
[2018.10.12-20.57.14:083][  0]LogNet: Browse: /Game/Maps/Menu?Name=Player
[2018.10.12-20.57.14:085][  0]LogLoad: LoadMap: /Game/Maps/Menu?Name=Player
[2018.10.12-20.57.14:239][  0]LogAIModule: Creating AISystem for world Menu
[2018.10.12-20.57.14:377][  0]LogLoad: Game class is 'BP_GameMode_C'
[2018.10.12-20.57.14:378][  0]LogOnline: Warning: STEAM: Steam API disabled!
[2018.10.12-20.57.14:380][  0]LogOnline: Display: STEAM: OnlineSubsystemSteam::Shutdown()
[2018.10.12-20.57.14:381][  0]LogTemp: Display: ParseSettings for GameNetDriver
[2018.10.12-20.57.14:381][  0]LogTemp: Display: ParseSettings for IpNetDriver_0
[2018.10.12-20.57.14:382][  0]LogTemp: Display: ParseSettings for GameNetDriver
[2018.10.12-20.57.14:382][  0]LogNet: ReplicationDriverClass is null! Not using ReplicationDriver.
[2018.10.12-20.57.14:383][  0]LogInit: WinSock: Socket queue 131072 / 131072
[2018.10.12-20.57.14:385][  0]LogInit: WinSock: I am IS-WK-CVEGA (192.168.2.2:0)
[2018.10.12-20.57.14:385][  0]PacketHandlerLog: Loaded PacketHandler component: Engine.EngineHandlerComponentFactory (StatelessConnectHandlerComponent)
[2018.10.12-20.57.14:386][  0]LogNet: GameNetDriver IpNetDriver_0 IpNetDriver listening on port 17777
[2018.10.12-20.57.14:389][  0]LogWorld: Bringing World /Game/Maps/Menu.Menu up for play (max tick rate 30) at 2018.10.12-16.57.14
[2018.10.12-20.57.14:389][  0]LogWorld: Bringing up level for play took: 0.001897
[2018.10.12-20.57.14:390][  0]LogScript: Warning: Accessed None trying to read property CallFunc_Create_ReturnValue
	BP_GameInstance_C /Engine/Transient.GameEngine_0:BP_GameInstance_C_0
	Function /Game/Blueprints/BP_GameINstance.BP_GameInstance_C:ExecuteUbergraph_BP_GameInstance:0081
[2018.10.12-20.57.14:391][  0]LogScript: Warning: Script call stack:
	Function /Game/Maps/Menu.Menu_C:ReceiveBeginPlay
	Function /Game/Maps/Menu.Menu_C:ExecuteUbergraph_Menu
	Function /Game/Blueprints/BP_GameINstance.BP_GameInstance_C:AddWidget
	Function /Game/Blueprints/BP_GameINstance.BP_GameInstance_C:ExecuteUbergraph_BP_GameInstance

[2018.10.12-20.57.14:392][  0]LogScript: Warning: Accessed None trying to read property CallFunc_GetPlayerController_ReturnValue
	BP_GameInstance_C /Engine/Transient.GameEngine_0:BP_GameInstance_C_0
	Function /Game/Blueprints/BP_GameINstance.BP_GameInstance_C:ExecuteUbergraph_BP_GameInstance:00D7
[2018.10.12-20.57.14:393][  0]LogScript: Warning: Script call stack:
	Function /Game/Maps/Menu.Menu_C:ReceiveBeginPlay
	Function /Game/Maps/Menu.Menu_C:ExecuteUbergraph_Menu
	Function /Game/Blueprints/BP_GameINstance.BP_GameInstance_C:AddWidget
	Function /Game/Blueprints/BP_GameINstance.BP_GameInstance_C:ExecuteUbergraph_BP_GameInstance

[2018.10.12-20.57.14:394][  0]LogLoad: Took 0.308478 seconds to LoadMap(/Game/Maps/Menu)
[2018.10.12-20.57.14:417][  0]LogLoad: (Engine Initialization) Total time: 6.83 seconds
[2018.10.12-20.57.14:417][  0]LogLoad: (Engine Initialization) Total Blueprint compile time: 0.00 seconds
