Log file open, 10/12/18 16:58:28
LogWindows: Failed to load 'aqProf.dll' (GetLastError=126)
LogWindows: File 'aqProf.dll' does not exist
LogWindows: Failed to load 'VtuneApi.dll' (GetLastError=126)
LogWindows: File 'VtuneApi.dll' does not exist
LogWindows: Failed to load 'VtuneApi32e.dll' (GetLastError=126)
LogWindows: File 'VtuneApi32e.dll' does not exist
LogInit: Display: Running engine for game: Networking
LogPlatformFile: Not using cached read wrapper
LogTaskGraph: Started task graph with 5 named threads and 47 total threads with 3 sets of task threads.
LogStats: Stats thread started at 0.566769
LogD3D11RHI: Loaded GFSDK_Aftermath_Lib.x64.dll
LogICUInternationalization: Display: ICU TimeZone Detection - Raw Offset: -5:00, Platform Override: ''
LogPluginManager: Mounting plugin Paper2D
LogPluginManager: Mounting plugin AdvancedSessions
LogPluginManager: Mounting plugin AdvancedSteamSessions
LogPluginManager: Mounting plugin AISupport
LogPluginManager: Mounting plugin LightPropagationVolume
LogPluginManager: Mounting plugin CLionSourceCodeAccess
LogPluginManager: Mounting plugin CodeLiteSourceCodeAccess
LogPluginManager: Mounting plugin GitSourceControl
LogPluginManager: Mounting plugin KDevelopSourceCodeAccess
LogPluginManager: Mounting plugin NullSourceCodeAccess
LogPluginManager: Mounting plugin PerforceSourceControl
LogPluginManager: Mounting plugin SubversionSourceControl
LogPluginManager: Mounting plugin UObjectPlugin
LogPluginManager: Mounting plugin VisualStudioCodeSourceCodeAccess
LogPluginManager: Mounting plugin VisualStudioSourceCodeAccess
LogPluginManager: Mounting plugin XCodeSourceCodeAccess
LogPluginManager: Mounting plugin AssetManagerEditor
LogPluginManager: Mounting plugin CryptoKeys
LogPluginManager: Mounting plugin DataValidation
LogPluginManager: Mounting plugin FacialAnimation
LogPluginManager: Mounting plugin GameplayTagsEditor
LogPluginManager: Mounting plugin MacGraphicsSwitching
LogPluginManager: Mounting plugin MeshEditor
LogPluginManager: Mounting plugin MobileLauncherProfileWizard
LogPluginManager: Mounting plugin PluginBrowser
LogPluginManager: Mounting plugin SpeedTreeImporter
LogPluginManager: Mounting plugin DatasmithContent
LogPluginManager: Mounting plugin AlembicImporter
LogPluginManager: Mounting plugin AppleImageUtils
LogPluginManager: Mounting plugin AppleVision
LogPluginManager: Mounting plugin BackChannel
LogPluginManager: Mounting plugin CharacterAI
LogPluginManager: Mounting plugin GeometryCache
LogPluginManager: Mounting plugin HTML5Networking
LogPluginManager: Mounting plugin ProxyLODPlugin
LogPluginManager: Mounting plugin MagicLeap
LogPluginManager: Mounting plugin MagicLeapEmulator
LogPluginManager: Mounting plugin MagicLeapMedia
LogPluginManager: Mounting plugin JSONParser
LogPluginManager: Mounting plugin WebCommunication
LogPluginManager: Mounting plugin AndroidMedia
LogPluginManager: Mounting plugin AvfMedia
LogPluginManager: Mounting plugin ImgMedia
LogPluginManager: Mounting plugin LinearTimecode
LogPluginManager: Mounting plugin MediaCompositing
LogPluginManager: Mounting plugin MediaPlayerEditor
LogPluginManager: Mounting plugin WmfMedia
LogPluginManager: Mounting plugin TcpMessaging
LogPluginManager: Mounting plugin UdpMessaging
LogPluginManager: Mounting plugin ActorSequence
LogPluginManager: Mounting plugin LevelSequenceEditor
LogPluginManager: Mounting plugin MatineeToLevelSequence
LogPluginManager: Mounting plugin NetcodeUnitTest
LogPluginManager: Mounting plugin NUTUnrealEngine4
LogPluginManager: Mounting plugin OnlineSubsystemGooglePlay
LogPluginManager: Mounting plugin OnlineSubsystemIOS
LogPluginManager: Mounting plugin OnlineSubsystem
LogPluginManager: Mounting plugin OnlineSubsystemNull
LogPluginManager: Mounting plugin OnlineSubsystemSteam
LogPluginManager: Mounting plugin OnlineSubsystemUtils
LogPluginManager: Mounting plugin LauncherChunkInstaller
LogPluginManager: Mounting plugin AndroidDeviceProfileSelector
LogPluginManager: Mounting plugin AndroidMoviePlayer
LogPluginManager: Mounting plugin AndroidPermission
LogPluginManager: Mounting plugin AppleMoviePlayer
LogPluginManager: Mounting plugin ArchVisCharacter
LogPluginManager: Mounting plugin AudioCapture
LogPluginManager: Mounting plugin CableComponent
LogPluginManager: Mounting plugin CustomMeshComponent
LogPluginManager: Mounting plugin EditableMesh
LogPluginManager: Mounting plugin ExampleDeviceProfileSelector
LogPluginManager: Mounting plugin GoogleCloudMessaging
LogPluginManager: Mounting plugin ImmediatePhysics
LogPluginManager: Mounting plugin IOSDeviceProfileSelector
LogPluginManager: Mounting plugin LinuxDeviceProfileSelector
LogPluginManager: Mounting plugin LocationServicesBPLibrary
LogPluginManager: Mounting plugin MobilePatchingUtils
LogPluginManager: Mounting plugin OculusVR
LogPluginManager: Plugin shader directory ../../../Engine/Plugins/Runtime/Oculus/OculusVR/Shaders found
LogPluginManager: Mapping shader source directory ../../../Engine/Plugins/Runtime/Oculus/OculusVR/Shaders to virtual directory /Plugin/OculusVR
LogPluginManager: Mounting plugin PhysXVehicles
LogPluginManager: Mounting plugin ProceduralMeshComponent
LogPluginManager: Mounting plugin RuntimePhysXCooking
LogPluginManager: Mounting plugin SteamVR
LogPluginManager: Mounting plugin WindowsMoviePlayer
LogStreaming: Display: Took  0.059s to configure plugins.
LogInit: Using libcurl 7.55.1-DEV
LogInit:  - built for x86_64-pc-win32
LogInit:  - supports SSL with OpenSSL/1.0.2h
LogInit:  - supports HTTP deflate (compression) using libz 1.2.8
LogInit:  - other features:
LogInit:      CURL_VERSION_SSL
LogInit:      CURL_VERSION_LIBZ
LogInit:      CURL_VERSION_IPV6
LogInit:      CURL_VERSION_ASYNCHDNS
LogInit:      CURL_VERSION_LARGEFILE
LogInit:      CURL_VERSION_IDN
LogInit:  CurlRequestOptions (configurable via config and command line):
LogInit:  - bVerifyPeer = false  - Libcurl will NOT verify peer certificate
LogInit:  - bUseHttpProxy = false  - Libcurl will NOT use HTTP proxy
LogInit:  - bDontReuseConnections = false  - Libcurl will reuse connections
LogInit:  - CertBundlePath = nullptr  - Libcurl will use whatever was configured at build time.
LogInit:  - MaxHostConnections = 16  - Libcurl will limit the number of connections to a host
LogInit:  - LocalHostAddr = Default
LogInit:  - BufferSize = 65536
LogOnline: Display: STEAM: Loading Steam SDK 1.39
LogOnline: Warning: STEAM: Steam API disabled!
LogOnline: Display: STEAM: OnlineSubsystemSteam::Shutdown()
LogInit: WinSock: version 1.1 (2.2), MaxSocks=32767, MaxUdp=65467
LogInit: Build: ++UE4+Release-4.20-CL-4369336
LogInit: Engine Version: 4.20.3-4369336+++UE4+Release-4.20
LogInit: Compatible Engine Version: 4.20.0-4212847+++UE4+Release-4.20
LogInit: Net CL: 4212847
LogInit: OS: Windows 10 (), CPU: Intel(R) Xeon(R) CPU E5-2630 v3 @ 2.40GHz, GPU: AMD FirePro W7000
LogInit: Compiled (64-bit): Sep 17 2018 12:26:19
LogInit: Compiled with Visual C++: 19.13.26129.00
LogInit: Build Configuration: Development
LogInit: Branch Name: ++UE4+Release-4.20
LogInit: Command Line:  127.0.0.1 -game -PIEVIACONSOLE -ResX=640 -ResY=480  -Multiprocess -messaging -SessionName="Play in Standalone Game" -windowed GameUserSettingsINI="F:/Users/cvega/Desktop/UE4_Projects/Networking/Saved/Config/Windows/PIEGameUserSettings0.ini" -MultiprocessSaveConfig  -MultiprocessOSS WinX=1845 WinY=5 SAVEWINPOS=1
LogInit: Base Directory: C:/Program Files (x86)/Epic Games/UE_4.20/Engine/Binaries/Win64/
LogInit: Installed Engine Build: 1
LogDevObjectVersion: Number of dev versions registered: 20
LogDevObjectVersion:   Dev-Blueprints (B0D832E4-1F89-4F0D-ACCF-7EB736FD4AA2): 10
LogDevObjectVersion:   Dev-Build (E1C64328-A22C-4D53-A36C-8E866417BD8C): 0
LogDevObjectVersion:   Dev-Core (375EC13C-06E4-48FB-B500-84F0262A717E): 2
LogDevObjectVersion:   Dev-Editor (E4B068ED-F494-42E9-A231-DA0B2E46BB41): 24
LogDevObjectVersion:   Dev-Framework (CFFC743F-43B0-4480-9391-14DF171D2073): 34
LogDevObjectVersion:   Dev-Mobile (B02B49B5-BB20-44E9-A304-32B752E40360): 2
LogDevObjectVersion:   Dev-Networking (A4E4105C-59A1-49B5-A7C5-40C4547EDFEE): 0
LogDevObjectVersion:   Dev-Online (39C831C9-5AE6-47DC-9A44-9C173E1C8E7C): 0
LogDevObjectVersion:   Dev-Physics (78F01B33-EBEA-4F98-B9B4-84EACCB95AA2): 0
LogDevObjectVersion:   Dev-Platform (6631380F-2D4D-43E0-8009-CF276956A95A): 0
LogDevObjectVersion:   Dev-Rendering (12F88B9F-8875-4AFC-A67C-D90C383ABD29): 26
LogDevObjectVersion:   Dev-Sequencer (7B5AE74C-D270-4C10-A958-57980B212A5A): 9
LogDevObjectVersion:   Dev-VR (D7296918-1DD6-4BDD-9DE2-64A83CC13884): 2
LogDevObjectVersion:   Dev-LoadTimes (C2A15278-BFE7-4AFE-6C17-90FF531DF755): 1
LogDevObjectVersion:   Private-Geometry (6EACA3D4-40EC-4CC1-B786-8BED09428FC5): 3
LogDevObjectVersion:   Dev-AnimPhys (29E575DD-E0A3-4627-9D10-D276232CDCEA): 17
LogDevObjectVersion:   Dev-ReflectionCapture (6B266CEC-1EC7-4B8F-A30B-E4D90942FC07): 1
LogDevObjectVersion:   Dev-Automation (0DF73D61-A23F-47EA-B727-89E90C41499A): 1
LogDevObjectVersion:   FortniteMain (601D1886-AC64-4F84-AA16-D3DE0DEAC7D6): 12
LogDevObjectVersion:   Dev-Enterprise (9DFFBCD6-494F-0158-E221-12823C92A888): 1
LogStreaming: Display: Took  0.003s to delete old logs.
LogInit: Presizing for max 8388607 objects, including 0 objects not considered by GC, pre-allocating 0 bytes for permanent pool.
LogInit: Object subsystem initialized
[2018.10.12-20.58.28:533][  0]LogInit: Selected Device Profile: [Windows]
[2018.10.12-20.58.28:533][  0]LogInit: Applying CVar settings loaded from the selected device profile: [Windows]
[2018.10.12-20.58.28:539][  0]LogHAL: Display: Platform has ~ 32 GB [34279821312 / 34359738368 / 32], which maps to Largest [LargestMinGB=32, LargerMinGB=12, DefaultMinGB=8, SmallerMinGB=6, SmallestMinGB=0)
[2018.10.12-20.58.28:539][  0]LogInit: Setting Device Profile CVar: [[r.Vulkan.UseRealUBs:1]]
[2018.10.12-20.58.28:539][  0]LogInit: Going up to parent DeviceProfile []
[2018.10.12-20.58.28:539][  0]LogInit: Computer: IS-WK-CVEGA
[2018.10.12-20.58.28:539][  0]LogInit: User: cvega
[2018.10.12-20.58.28:539][  0]LogInit: CPU Page size=4096, Cores=8
[2018.10.12-20.58.28:539][  0]LogInit: High frequency timer resolution =2.338335 MHz
[2018.10.12-20.58.28:540][  0]LogMemory: Memory total: Physical=31.9GB (32GB approx)
[2018.10.12-20.58.28:540][  0]LogMemory: Platform Memory Stats for Windows
[2018.10.12-20.58.28:540][  0]LogMemory: Process Physical Memory: 104.45 MB used, 104.45 MB peak
[2018.10.12-20.58.28:540][  0]LogMemory: Process Virtual Memory: 91.91 MB used, 91.91 MB peak
[2018.10.12-20.58.28:540][  0]LogMemory: Physical Memory: 18368.25 MB used,  14323.54 MB free, 32691.79 MB total
[2018.10.12-20.58.28:540][  0]LogMemory: Virtual Memory: 583.51 MB used,  14323.54 MB free, 134217728.00 MB total
[2018.10.12-20.58.28:559][  0]LogInit: Using OS detected language (en-US).
[2018.10.12-20.58.28:559][  0]LogInit: Using OS detected locale (en-US).
[2018.10.12-20.58.28:560][  0]LogTextLocalizationManager: No specific localization for 'en-US' exists, so the 'en' localization will be used.
[2018.10.12-20.58.29:070][  0]LogStreaming: Display: Took  0.511s to InitEngineTextLocalization.
[2018.10.12-20.58.29:218][  0]LogSlate: New Slate User Created.  User Index 0, Is Virtual User: 0
[2018.10.12-20.58.29:218][  0]LogSlate: Slate User Registered.  User Index 0, Is Virtual User: 0
[2018.10.12-20.58.29:325][  0]LogHMD: Failed to initialize OpenVR with code 110
[2018.10.12-20.58.29:325][  0]LogD3D11RHI: D3D11 adapters:
[2018.10.12-20.58.29:376][  0]LogD3D11RHI:    0. 'AMD FirePro W7000' (Feature Level 11_0)
[2018.10.12-20.58.29:376][  0]LogD3D11RHI:       4078/0/16345 MB DedicatedVideo/DedicatedSystem/SharedSystem, Outputs:4, VendorId:0x1002
[2018.10.12-20.58.29:385][  0]LogD3D11RHI:    1. 'Microsoft Basic Render Driver' (Feature Level 11_0)
[2018.10.12-20.58.29:385][  0]LogD3D11RHI:       0/0/16345 MB DedicatedVideo/DedicatedSystem/SharedSystem, Outputs:0, VendorId:0x1414
[2018.10.12-20.58.29:385][  0]LogD3D11RHI: Chosen D3D11 Adapter: 0
[2018.10.12-20.58.29:432][  0]LogD3D11RHI: Creating new Direct3DDevice
[2018.10.12-20.58.29:432][  0]LogD3D11RHI:     GPU DeviceId: 0x6808 (for the marketing name, search the web for "GPU Device Id")
[2018.10.12-20.58.29:432][  0]LogWindows: EnumDisplayDevices:
[2018.10.12-20.58.29:444][  0]LogWindows:    0. 'AMD FirePro W7000' (P:0 D:1)
[2018.10.12-20.58.29:459][  0]LogWindows:    1. 'AMD FirePro W7000' (P:0 D:1)
[2018.10.12-20.58.29:459][  0]LogWindows:    2. 'AMD FirePro W7000' (P:1 D:1)
[2018.10.12-20.58.29:471][  0]LogWindows:    3. 'AMD FirePro W7000' (P:0 D:1)
[2018.10.12-20.58.29:471][  0]LogWindows:    4. 'AMD FirePro W7000' (P:0 D:0)
[2018.10.12-20.58.29:473][  0]LogWindows:    5. 'AMD FirePro W7000' (P:0 D:0)
[2018.10.12-20.58.29:474][  0]LogWindows:    6. 'AMD FirePro W7000' (P:0 D:0)
[2018.10.12-20.58.29:474][  0]LogWindows:    7. 'AMD FirePro W7000' (P:0 D:0)
[2018.10.12-20.58.29:475][  0]LogWindows:    8. 'AMD FirePro W7000' (P:0 D:0)
[2018.10.12-20.58.29:475][  0]LogWindows:    9. 'AMD FirePro W7000' (P:0 D:0)
[2018.10.12-20.58.29:476][  0]LogWindows:    10. 'AMD FirePro W7000' (P:0 D:0)
[2018.10.12-20.58.29:477][  0]LogWindows:    11. 'AMD FirePro W7000' (P:0 D:0)
[2018.10.12-20.58.29:478][  0]LogWindows:    12. 'DameWare Development Mirror Driver 64-bit' (P:0 D:0)
[2018.10.12-20.58.29:478][  0]LogWindows: DebugString: GetVideoDriverDetailsInvalid PrimaryIsNotTheChoosenAdapter FoundDriverCount:12 
[2018.10.12-20.58.29:478][  0]LogD3D11RHI:     Adapter Name: AMD FirePro W7000
[2018.10.12-20.58.29:478][  0]LogD3D11RHI:   Driver Version: Crimson 15.11 (internal:15.300.1025.1001, unified:15.300.1025.1001)
[2018.10.12-20.58.29:478][  0]LogD3D11RHI:      Driver Date: 11-29-2015
[2018.10.12-20.58.29:478][  0]LogRHI: Texture pool is 2854 MB (70% of 4078 MB)
[2018.10.12-20.58.29:762][  0]LogD3D11RHI: Async texture creation enabled
[2018.10.12-20.58.29:780][  0]LogD3D11RHI: GPU Timing Frequency: 27.000000 (Debug: 2 1)
[2018.10.12-20.58.29:807][  0]LogWindowsTextInputMethodSystem: Display: IME system now deactivated.
[2018.10.12-20.58.29:807][  0]LogWindowsTextInputMethodSystem: Display: IME system now deactivated.
[2018.10.12-20.58.31:998][  0]LogWindowsTextInputMethodSystem: Display: IME system now deactivated.
[2018.10.12-20.58.31:998][  0]LogWindowsTextInputMethodSystem: Display: IME system now deactivated.
[2018.10.12-20.58.32:000][  0]LogShaderCompilers: Guid format shader working directory is 2 characters bigger than the processId version (F:/Users/cvega/Desktop/UE4_Projects/Networking/Intermediate/Shaders/WorkingDirectory/73000/).
[2018.10.12-20.58.32:000][  0]LogShaderCompilers: Cleaned the shader compiler working directory 'C:/Users/cvega.BI/AppData/Local/Temp/UnrealShaderWorkingDir/0755BF3A47F0AD9E3DF381834F69FC0C/'.
[2018.10.12-20.58.32:348][  0]LogTemp: Display: Loaded TP WindowsClientTargetPlatform
[2018.10.12-20.58.32:371][  0]LogTemp: Display: Loaded TP WindowsNoEditorTargetPlatform
[2018.10.12-20.58.32:389][  0]LogTemp: Display: Loaded TP WindowsServerTargetPlatform
[2018.10.12-20.58.32:399][  0]LogTemp: Display: Loaded TP WindowsTargetPlatform
[2018.10.12-20.58.32:399][  0]LogTargetPlatformManager: Display: Building Assets For Windows
[2018.10.12-20.58.32:460][  0]LogXGEController: Cannot use XGE Controller as Incredibuild is not installed on this machine.
[2018.10.12-20.58.32:460][  0]LogShaderCompilers: Cannot use XGE Shader Compiler as Incredibuild is not installed on this machine.
[2018.10.12-20.58.32:460][  0]LogShaderCompilers: Display: Using Local Shader Compiler.
[2018.10.12-20.58.33:517][  0]LogDerivedDataCache: Display: Max Cache Size: 512 MB
[2018.10.12-20.58.33:587][  0]LogDerivedDataCache: Loaded boot cache 0.07s 71MB C:/Users/cvega.BI/AppData/Local/UnrealEngine/4.20/DerivedDataCache/Boot.ddc.
[2018.10.12-20.58.33:587][  0]LogDerivedDataCache: Display: Loaded Boot cache: C:/Users/cvega.BI/AppData/Local/UnrealEngine/4.20/DerivedDataCache/Boot.ddc
[2018.10.12-20.58.33:587][  0]LogDerivedDataCache: FDerivedDataBackendGraph:  Pak pak cache file F:/Users/cvega/Desktop/UE4_Projects/Networking/DerivedDataCache/DDC.ddp not found, will not use a pak cache.
[2018.10.12-20.58.33:587][  0]LogDerivedDataCache: Unable to find inner node Pak for hierarchical cache Hierarchy.
[2018.10.12-20.58.33:587][  0]LogDerivedDataCache: FDerivedDataBackendGraph:  CompressedPak pak cache file F:/Users/cvega/Desktop/UE4_Projects/Networking/DerivedDataCache/Compressed.ddp not found, will not use a pak cache.
[2018.10.12-20.58.33:587][  0]LogDerivedDataCache: Unable to find inner node CompressedPak for hierarchical cache Hierarchy.
[2018.10.12-20.58.33:603][  0]LogDerivedDataCache: Display: Pak cache opened for reading ../../../Engine/DerivedDataCache/Compressed.ddp.
[2018.10.12-20.58.33:615][  0]LogDerivedDataCache: Using Local data cache path C:/Users/cvega.BI/AppData/Local/UnrealEngine/Common/DerivedDataCache: Writable
[2018.10.12-20.58.33:615][  0]LogDerivedDataCache: Shared data cache path not found in *engine.ini, will not use an Shared cache.
[2018.10.12-20.58.33:615][  0]LogDerivedDataCache: Unable to find inner node Shared for hierarchical cache Hierarchy.
[2018.10.12-20.58.33:639][  0]LogMaterial: Verifying Global Shaders for PCD3D_SM5
[2018.10.12-20.58.33:642][  0]LogSlate: Using FreeType 2.6.0
[2018.10.12-20.58.33:642][  0]LogSlate: SlateFontServices - WITH_FREETYPE: 1, WITH_HARFBUZZ: 1
[2018.10.12-20.58.33:701][  0]LogInit: Using OS detected language (en-US).
[2018.10.12-20.58.33:701][  0]LogInit: Using OS detected locale (en-US).
[2018.10.12-20.58.33:701][  0]LogTextLocalizationManager: No localization for 'en-US' exists, so 'en' will be used for the language.
[2018.10.12-20.58.33:701][  0]LogTextLocalizationManager: No localization for 'en-US' exists, so 'en' will be used for the locale.
[2018.10.12-20.58.34:100][  0]LogStreaming: Display: Took  0.400s to InitGameTextLocalization.
[2018.10.12-20.58.34:109][  0]LogAssetRegistry: FAssetRegistry took 0.0060 seconds to start up
[2018.10.12-20.58.34:389][  0]LogPackageLocalizationCache: Processed 11 localized package path(s) for 1 prioritized culture(s) in 0.014702 seconds
[2018.10.12-20.58.34:537][  0]LogInit: Selected Device Profile: [Windows]
[2018.10.12-20.58.34:700][  0]LogSimplygon: Simplygon DLL not present - disabling.
[2018.10.12-20.58.34:703][  0]LogMeshReduction: Using SimplygonSwarm for distributed automatic mesh merging
[2018.10.12-20.58.34:703][  0]LogMeshReduction: Using ProxyLODMeshReduction for automatic mesh merging
[2018.10.12-20.58.34:703][  0]LogMeshReduction: Using QuadricMeshReduction for automatic static mesh reduction
[2018.10.12-20.58.34:703][  0]LogMeshReduction: No automatic skeletal mesh reduction module available
[2018.10.12-20.58.34:811][  0]LogNetVersion: Networking 1.0.0, NetCL: 4212847, EngineNetVer: 5, GameNetVer: 0 (Checksum: 1027472705)
[2018.10.12-20.58.35:365][  0]LogMoviePlayer: Initializing movie player
[2018.10.12-20.58.35:530][  0]LogWindowsTextInputMethodSystem: Display: IME system now deactivated.
[2018.10.12-20.58.35:531][  0]LogWindowsTextInputMethodSystem: Display: IME system now deactivated.
[2018.10.12-20.58.35:655][  0]LogTcpMessaging: Initializing TcpMessaging bridge
[2018.10.12-20.58.35:667][  0]LogUdpMessaging: Initializing bridge on interface 0.0.0.0:0 to multicast group 230.0.0.1:6666.
[2018.10.12-20.58.35:755][  0]SourceControl: Source control is disabled
[2018.10.12-20.58.35:755][  0]SourceControl: Source control is disabled
[2018.10.12-20.58.35:756][  0]SourceControl: Source control is disabled
[2018.10.12-20.58.35:883][  0]LogAndroidPermission: UAndroidPermissionCallbackProxy::GetInstance
[2018.10.12-20.58.35:939][  0]LogOcInput: OculusInput pre-init called
[2018.10.12-20.58.35:948][  0]LogUObjectArray: 43230 objects as part of root set at end of initial load.
[2018.10.12-20.58.35:948][  0]LogUObjectAllocator: 7618384 out of 0 bytes used by permanent object pool.
[2018.10.12-20.58.35:948][  0]LogUObjectArray: CloseDisregardForGC: 0/0 objects in disregard for GC pool
[2018.10.12-20.58.36:010][  0]LogEngine: Initializing Engine...
[2018.10.12-20.58.36:011][  0]LogHMD: Failed to initialize OpenVR with code 110
[2018.10.12-20.58.36:023][  0]LogStats: UGameplayTagsManager::ConstructGameplayTagTree: ImportINI prefixes -  0.000 s
[2018.10.12-20.58.36:023][  0]LogStats: UGameplayTagsManager::ConstructGameplayTagTree: Construct from data asset -  0.000 s
[2018.10.12-20.58.36:023][  0]LogStats: UGameplayTagsManager::ConstructGameplayTagTree: ImportINI -  0.000 s
[2018.10.12-20.58.36:023][  0]LogStats: UGameplayTagsManager::ConstructGameplayTagTree: GameplayTagTreeChangedEvent.Broadcast -  0.000 s
[2018.10.12-20.58.36:221][  0]LogInit: Initializing FReadOnlyCVARCache
[2018.10.12-20.58.36:233][  0]LogInit: XAudio2 using 'Speakers (3- C-Media USB Audio Device   )' : 2 channels at 48 kHz using 16 bits per sample (channel mask 0x3)
[2018.10.12-20.58.36:251][  0]LogInit: FAudioDevice initialized.
[2018.10.12-20.58.36:262][  0]LogNetVersion: Set ProjectVersion to 1.0.0.0. Version Checksum will be recalculated on next use.
[2018.10.12-20.58.36:274][  0]LogInit: Texture streaming: Enabled
[2018.10.12-20.58.36:494][  0]LogSlate: Updating window title bar state: overlay mode, drag disabled, window buttons hidden, title bar hidden
[2018.10.12-20.58.36:495][  0]LogInit: Display: Game Engine Initialized.
[2018.10.12-20.58.36:495][  0]LogGameplayTags: Display: UGameplayTagsManager::DoneAddingNativeTags. DelegateIsBound: 0
[2018.10.12-20.58.36:495][  0]LogStats: UGameplayTagsManager::ConstructGameplayTagTree: ImportINI prefixes -  0.000 s
[2018.10.12-20.58.36:495][  0]LogStats: UGameplayTagsManager::ConstructGameplayTagTree: Construct from data asset -  0.000 s
[2018.10.12-20.58.36:495][  0]LogStats: UGameplayTagsManager::ConstructGameplayTagTree: ImportINI -  0.000 s
[2018.10.12-20.58.36:495][  0]LogStats: UGameplayTagsManager::ConstructGameplayTagTree: GameplayTagTreeChangedEvent.Broadcast -  0.000 s
[2018.10.12-20.58.36:510][  0]LogInit: Display: Starting Game.
[2018.10.12-20.58.36:510][  0]LogNet: Browse: 127.0.0.1//Game/Maps/Main?Name=Player
[2018.10.12-20.58.36:510][  0]LogOnline: Warning: STEAM: Steam API disabled!
[2018.10.12-20.58.36:510][  0]LogOnline: Display: STEAM: OnlineSubsystemSteam::Shutdown()
[2018.10.12-20.58.36:511][  0]LogTemp: Display: ParseSettings for GameNetDriver
[2018.10.12-20.58.36:511][  0]LogTemp: Display: ParseSettings for IpNetDriver_0
[2018.10.12-20.58.36:511][  0]LogTemp: Display: ParseSettings for PendingNetDriver
[2018.10.12-20.58.36:511][  0]LogInit: WinSock: Socket queue 32768 / 32768
[2018.10.12-20.58.36:513][  0]LogInit: WinSock: I am IS-WK-CVEGA (192.168.2.2:0)
[2018.10.12-20.58.36:513][  0]PacketHandlerLog: Loaded PacketHandler component: Engine.EngineHandlerComponentFactory (StatelessConnectHandlerComponent)
[2018.10.12-20.58.36:513][  0]LogNet: Game client on port 7777, rate 10000
[2018.10.12-20.58.36:943][  0]LogLoad: (Engine Initialization) Total time: 10.48 seconds
[2018.10.12-20.58.36:943][  0]LogLoad: (Engine Initialization) Total Blueprint compile time: 0.00 seconds
[2018.10.12-20.58.36:966][  0]LogContentStreaming: Texture pool size now 1000 MB
[2018.10.12-20.59.36:976][713]LogNet: Warning: UNetConnection::Tick: Connection TIMED OUT. Closing connection.. Elapsed: 60.03, Real: 60.01, Good: 60.01, DriverTime: 60.03, Threshold: 60.00, [UNetConnection] RemoteAddr: 127.0.0.1:7777, Name: IpConnection_0, Driver: PendingNetDriver IpNetDriver_0, IsServer: NO, PC: NULL, Owner: NULL, UniqueId: INVALID
[2018.10.12-20.59.36:976][713]LogNet: Warning: Network Failure: PendingNetDriver[ConnectionTimeout]: UNetConnection::Tick: Connection TIMED OUT. Closing connection.. Elapsed: 60.03, Real: 60.01, Good: 60.01, DriverTime: 60.03, Threshold: 60.00, [UNetConnection] RemoteAddr: 127.0.0.1:7777, Name: IpConnection_0, Driver: PendingNetDriver IpNetDriver_0, IsServer: NO, PC: NULL, Owner: NULL, UniqueId: INVALID
[2018.10.12-20.59.36:976][713]LogNet: NetworkFailure: ConnectionTimeout, Error: 'UNetConnection::Tick: Connection TIMED OUT. Closing connection.. Elapsed: 60.03, Real: 60.01, Good: 60.01, DriverTime: 60.03, Threshold: 60.00, [UNetConnection] RemoteAddr: 127.0.0.1:7777, Name: IpConnection_0, Driver: PendingNetDriver IpNetDriver_0, IsServer: NO, PC: NULL, Owner: NULL, UniqueId: INVALID'
[2018.10.12-20.59.36:976][713]LogNet: UNetConnection::Close: [UNetConnection] RemoteAddr: 127.0.0.1:7777, Name: IpConnection_0, Driver: PendingNetDriver IpNetDriver_0, IsServer: NO, PC: NULL, Owner: NULL, UniqueId: INVALID, Channels: 2, Time: 2018.10.12-20.59.36
[2018.10.12-20.59.36:976][713]LogNet: UChannel::Close: Sending CloseBunch. ChIndex == 0. Name: [UChannel] ChIndex: 0, Closing: 0 [UNetConnection] RemoteAddr: 127.0.0.1:7777, Name: IpConnection_0, Driver: PendingNetDriver IpNetDriver_0, IsServer: NO, PC: NULL, Owner: NULL, UniqueId: INVALID
[2018.10.12-20.59.36:976][713]LogNet: DestroyNamedNetDriver IpNetDriver_0 [PendingNetDriver]
[2018.10.12-20.59.36:976][713]LogExit: PendingNetDriver IpNetDriver_0 shut down
[2018.10.12-20.59.36:992][714]LogNet: Browse: /Game/Maps/Main?closed
[2018.10.12-20.59.36:992][714]LogNet: Connection failed; returning to Entry
[2018.10.12-20.59.36:992][714]LogLoad: LoadMap: /Game/Maps/Main?closed
[2018.10.12-20.59.37:032][714]LogNet: UChannel::CleanUp: ChIndex == 0. Closing connection. [UChannel] ChIndex: 0, Closing: 0 [UNetConnection] RemoteAddr: 127.0.0.1:7777, Name: None, Driver: PendingNetDriver None, IsServer: NO, PC: NULL, Owner: NULL, UniqueId: INVALID
[2018.10.12-20.59.37:033][714]LogNet: UNetConnection::PendingConnectionLost. [UNetConnection] RemoteAddr: 127.0.0.1:7777, Name: None, Driver: PendingNetDriver None, IsServer: YES, PC: NULL, Owner: NULL, UniqueId: INVALID bPendingDestroy=0 
[2018.10.12-20.59.37:356][714]LogAIModule: Creating AISystem for world Main
[2018.10.12-20.59.37:357][714]LogLoad: Game class is 'BP_GameMode_C'
[2018.10.12-20.59.37:360][714]LogWorld: Bringing World /Game/Maps/Main.Main up for play (max tick rate 0) at 2018.10.12-16.59.37
[2018.10.12-20.59.37:360][714]LogWorld: Bringing up level for play took: 0.002405
[2018.10.12-20.59.37:367][714]LogPlayerManagement: Error: Failed to Create Player: A local player already exists for controller ID 0,
[2018.10.12-20.59.37:368][714]LogSlate: New Slate User Created.  User Index 1, Is Virtual User: 0
[2018.10.12-20.59.37:368][714]LogSlate: Slate User Registered.  User Index 1, Is Virtual User: 0
[2018.10.12-20.59.37:371][714]LogSlate: New Slate User Created.  User Index 2, Is Virtual User: 0
[2018.10.12-20.59.37:371][714]LogSlate: Slate User Registered.  User Index 2, Is Virtual User: 0
[2018.10.12-20.59.37:374][714]LogSlate: New Slate User Created.  User Index 3, Is Virtual User: 0
[2018.10.12-20.59.37:374][714]LogSlate: Slate User Registered.  User Index 3, Is Virtual User: 0
[2018.10.12-20.59.37:378][714]LogLoad: Took 0.385121 seconds to LoadMap(/Game/Maps/Main)
[2018.10.12-20.59.37:420][714]LogRenderer: Reallocating scene render targets to support 640x480 Format 10 NumSamples 1 (Frame:1).
[2018.10.12-20.59.49:519][431]LogSlate: Window 'Networking (64-bit Development PCD3D_SM5) ' being destroyed
[2018.10.12-20.59.49:519][431]LogWindowsTextInputMethodSystem: Display: IME system now deactivated.
[2018.10.12-20.59.49:519][431]LogWindowsTextInputMethodSystem: Display: IME system now deactivated.
[2018.10.12-20.59.49:523][431]LogSlate: Updating window title bar state: overlay mode, drag disabled, window buttons hidden, title bar hidden
[2018.10.12-20.59.49:523][431]LogEngine: All Windows Closed
[2018.10.12-20.59.49:523][431]LogWindows: FPlatformMisc::RequestExit(0)
[2018.10.12-20.59.50:053][432]LogExit: Preparing to exit.
[2018.10.12-20.59.50:054][432]LogMoviePlayer: Shutting down movie player
[2018.10.12-20.59.50:708][432]LogSlate: Updating window title bar state: overlay mode, drag disabled, window buttons hidden, title bar hidden
[2018.10.12-20.59.50:718][432]LogExit: Game engine shut down
[2018.10.12-20.59.50:849][432]LogExit: Object subsystem successfully closed.
[2018.10.12-20.59.50:874][432]LogShaderCompilers: Display: Shaders left to compile 0
[2018.10.12-20.59.50:878][432]LogD3D11RHI: Shutdown
[2018.10.12-20.59.50:878][432]LogD3D11RHI: CleanupD3DDevice
[2018.10.12-20.59.50:880][432]LogD3D11RHI: ~FD3D11DynamicRHI
[2018.10.12-20.59.50:896][432]LogModuleManager: Shutting down and abandoning module Voice (388)
[2018.10.12-20.59.50:896][432]LogModuleManager: Shutting down and abandoning module AIModule (386)
[2018.10.12-20.59.50:896][432]LogModuleManager: Shutting down and abandoning module GameplayDebugger (385)
[2018.10.12-20.59.50:896][432]LogModuleManager: Shutting down and abandoning module AITestSuite (383)
[2018.10.12-20.59.50:897][432]LogModuleManager: Shutting down and abandoning module NavigationSystem (381)
[2018.10.12-20.59.50:897][432]LogModuleManager: Shutting down and abandoning module SequenceRecorderSections (376)
[2018.10.12-20.59.50:897][432]LogModuleManager: Shutting down and abandoning module SequenceRecorder (374)
[2018.10.12-20.59.50:897][432]LogModuleManager: Shutting down and abandoning module AutomationController (372)
[2018.10.12-20.59.50:897][432]LogModuleManager: Shutting down and abandoning module AutomationWorker (370)
[2018.10.12-20.59.50:897][432]LogModuleManager: Shutting down and abandoning module WmfMediaFactory (368)
[2018.10.12-20.59.50:897][432]LogModuleManager: Shutting down and abandoning module OpenExrWrapper (366)
[2018.10.12-20.59.50:897][432]LogModuleManager: Shutting down and abandoning module ImgMediaFactory (364)
[2018.10.12-20.59.50:897][432]LogModuleManager: Shutting down and abandoning module AvfMediaFactory (362)
[2018.10.12-20.59.50:897][432]LogModuleManager: Shutting down and abandoning module MagicLeapCameraPreviewFactory (360)
[2018.10.12-20.59.50:897][432]LogModuleManager: Shutting down and abandoning module MagicLeapMediaFactory (358)
[2018.10.12-20.59.50:897][432]LogModuleManager: Shutting down and abandoning module CharacterAI (356)
[2018.10.12-20.59.50:897][432]LogModuleManager: Shutting down and abandoning module SessionServices (354)
[2018.10.12-20.59.50:897][432]LogModuleManager: Shutting down and abandoning module MovieSceneCapture (352)
[2018.10.12-20.59.50:897][432]LogModuleManager: Shutting down and abandoning module MovieSceneTracks (350)
[2018.10.12-20.59.50:897][432]LogModuleManager: Shutting down and abandoning module MovieScene (348)
[2018.10.12-20.59.50:897][432]LogModuleManager: Shutting down and abandoning module StreamingPauseRendering (346)
[2018.10.12-20.59.50:897][432]LogModuleManager: Shutting down and abandoning module PortalServices (344)
[2018.10.12-20.59.50:897][432]LogModuleManager: Shutting down and abandoning module PortalRpc (342)
[2018.10.12-20.59.50:897][432]LogModuleManager: Shutting down and abandoning module MessagingRpc (340)
[2018.10.12-20.59.50:897][432]LogModuleManager: Shutting down and abandoning module ProfilerService (338)
[2018.10.12-20.59.51:065][432]LogModuleManager: Shutting down and abandoning module TaskGraph (336)
[2018.10.12-20.59.51:065][432]LogModuleManager: Shutting down and abandoning module SteamVRController (334)
[2018.10.12-20.59.51:065][432]LogModuleManager: Shutting down and abandoning module ProceduralMeshComponent (332)
[2018.10.12-20.59.51:065][432]LogModuleManager: Shutting down and abandoning module OculusInput (330)
[2018.10.12-20.59.51:065][432]LogModuleManager: Shutting down and abandoning module MobilePatchingUtils (328)
[2018.10.12-20.59.51:065][432]LogModuleManager: Shutting down and abandoning module EditableMesh (326)
[2018.10.12-20.59.51:065][432]LogModuleManager: Shutting down and abandoning module CustomMeshComponent (324)
[2018.10.12-20.59.51:065][432]LogModuleManager: Shutting down and abandoning module CableComponent (322)
[2018.10.12-20.59.51:065][432]LogModuleManager: Shutting down and abandoning module AudioCapture (320)
[2018.10.12-20.59.51:065][432]LogModuleManager: Shutting down and abandoning module ArchVisCharacter (318)
[2018.10.12-20.59.51:065][432]LogModuleManager: Shutting down and abandoning module AndroidPermission (316)
[2018.10.12-20.59.51:065][432]LogModuleManager: Shutting down and abandoning module NUTUnrealEngine4 (314)
[2018.10.12-20.59.51:065][432]LogModuleManager: Shutting down and abandoning module NetcodeUnitTest (312)
[2018.10.12-20.59.51:066][432]LogModuleManager: Shutting down and abandoning module MediaCompositing (310)
[2018.10.12-20.59.51:066][432]LogModuleManager: Shutting down and abandoning module LinearTimecode (308)
[2018.10.12-20.59.51:066][432]LogModuleManager: Shutting down and abandoning module ImgMedia (306)
[2018.10.12-20.59.51:068][432]LogModuleManager: Shutting down and abandoning module HTML5Networking (304)
[2018.10.12-20.59.51:068][432]LogModuleManager: Shutting down and abandoning module GeometryCacheTracks (302)
[2018.10.12-20.59.51:068][432]LogModuleManager: Shutting down and abandoning module GeometryCacheSequencer (301)
[2018.10.12-20.59.51:068][432]LogModuleManager: Shutting down and abandoning module GeometryCache (298)
[2018.10.12-20.59.51:068][432]LogModuleManager: Shutting down and abandoning module GeometryCacheEd (297)
[2018.10.12-20.59.51:068][432]LogModuleManager: Shutting down and abandoning module BackChannel (294)
[2018.10.12-20.59.51:068][432]LogModuleManager: Shutting down and abandoning module AppleVision (292)
[2018.10.12-20.59.51:068][432]LogModuleManager: Shutting down and abandoning module AppleImageUtils (290)
[2018.10.12-20.59.51:068][432]LogModuleManager: Shutting down and abandoning module DatasmithContent (288)
[2018.10.12-20.59.51:068][432]LogModuleManager: Shutting down and abandoning module CryptoKeysOpenSSL (286)
[2018.10.12-20.59.51:069][432]LogModuleManager: Shutting down and abandoning module CryptoKeys (284)
[2018.10.12-20.59.51:069][432]LogModuleManager: Shutting down and abandoning module VisualStudioSourceCodeAccess (282)
[2018.10.12-20.59.51:069][432]LogModuleManager: Shutting down and abandoning module HotReload (281)
[2018.10.12-20.59.51:069][432]LogModuleManager: Shutting down and abandoning module DirectoryWatcher (280)
[2018.10.12-20.59.51:069][432]LogModuleManager: Shutting down and abandoning module VisualStudioCodeSourceCodeAccess (276)
[2018.10.12-20.59.51:069][432]LogModuleManager: Shutting down and abandoning module UObjectPlugin (274)
[2018.10.12-20.59.51:069][432]LogModuleManager: Shutting down and abandoning module SubversionSourceControl (272)
[2018.10.12-20.59.51:069][432]LogModuleManager: Shutting down and abandoning module PerforceSourceControl (270)
[2018.10.12-20.59.51:069][432]LogModuleManager: Shutting down and abandoning module SourceControl (269)
[2018.10.12-20.59.51:069][432]LogModuleManager: Shutting down and abandoning module CLionSourceCodeAccess (266)
[2018.10.12-20.59.51:069][432]LogModuleManager: Shutting down and abandoning module RuntimePhysXCooking (264)
[2018.10.12-20.59.51:069][432]LogModuleManager: Shutting down and abandoning module PhysXVehiclesEditor (262)
[2018.10.12-20.59.51:069][432]LogModuleManager: Shutting down and abandoning module PhysXVehicles (260)
[2018.10.12-20.59.51:069][432]LogModuleManager: Shutting down and abandoning module LocationServicesBPLibrary (258)
[2018.10.12-20.59.51:069][432]LogModuleManager: Shutting down and abandoning module ImmediatePhysicsEditor (256)
[2018.10.12-20.59.51:069][432]LogModuleManager: Shutting down and abandoning module ImmediatePhysics (254)
[2018.10.12-20.59.51:069][432]LogModuleManager: Shutting down and abandoning module ActorSequence (252)
[2018.10.12-20.59.51:069][432]LogModuleManager: Shutting down and abandoning module UdpMessaging (250)
[2018.10.12-20.59.51:170][432]LogModuleManager: Shutting down and abandoning module TcpMessaging (248)
[2018.10.12-20.59.51:684][432]LogModuleManager: Shutting down and abandoning module MagicLeapAudio (246)
[2018.10.12-20.59.51:684][432]LogModuleManager: Shutting down and abandoning module GameplayTagsEditor (244)
[2018.10.12-20.59.51:684][432]LogModuleManager: Shutting down and abandoning module FacialAnimation (242)
[2018.10.12-20.59.51:684][432]LogModuleManager: Shutting down and abandoning module DataValidation (240)
[2018.10.12-20.59.51:684][432]LogModuleManager: Shutting down and abandoning module AssetManagerEditor (238)
[2018.10.12-20.59.51:684][432]LogModuleManager: Shutting down and abandoning module TreeMap (237)
[2018.10.12-20.59.51:684][432]LogModuleManager: Shutting down and abandoning module LightPropagationVolumeRuntime (234)
[2018.10.12-20.59.51:684][432]LogModuleManager: Shutting down and abandoning module AISupportModule (232)
[2018.10.12-20.59.51:684][432]LogModuleManager: Shutting down and abandoning module AdvancedSteamSessions (230)
[2018.10.12-20.59.51:684][432]LogModuleManager: Shutting down and abandoning module AdvancedSessions (228)
[2018.10.12-20.59.51:684][432]LogModuleManager: Shutting down and abandoning module Paper2D (226)
[2018.10.12-20.59.51:684][432]LogModuleManager: Shutting down and abandoning module PIEPreviewDeviceProfileSelector (224)
[2018.10.12-20.59.51:684][432]LogModuleManager: Shutting down and abandoning module WindowsMoviePlayer (222)
[2018.10.12-20.59.51:684][432]LogModuleManager: Shutting down and abandoning module WmfMedia (220)
[2018.10.12-20.59.51:685][432]LogModuleManager: Shutting down and abandoning module Media (219)
[2018.10.12-20.59.51:691][432]LogModuleManager: Shutting down and abandoning module WebCommunication (216)
[2018.10.12-20.59.51:691][432]LogModuleManager: Shutting down and abandoning module JSONParser (214)
[2018.10.12-20.59.51:691][432]LogModuleManager: Shutting down and abandoning module PacketHandler (212)
[2018.10.12-20.59.51:691][432]LogModuleManager: Shutting down and abandoning module ClothingSystemEditor (210)
[2018.10.12-20.59.51:691][432]LogModuleManager: Shutting down and abandoning module ClothingSystemRuntime (208)
[2018.10.12-20.59.51:692][432]LogModuleManager: Shutting down and abandoning module MediaAssets (206)
[2018.10.12-20.59.51:692][432]LogModuleManager: Shutting down and abandoning module Overlay (204)
[2018.10.12-20.59.51:692][432]LogModuleManager: Shutting down and abandoning module OverlayEditor (203)
[2018.10.12-20.59.51:692][432]LogModuleManager: Shutting down and abandoning module VREditor (200)
[2018.10.12-20.59.51:692][432]LogModuleManager: Shutting down and abandoning module StringTableEditor (198)
[2018.10.12-20.59.51:692][432]LogModuleManager: Shutting down and abandoning module GameplayTasksEditor (196)
[2018.10.12-20.59.51:692][432]LogModuleManager: Shutting down and abandoning module BehaviorTreeEditor (194)
[2018.10.12-20.59.51:692][432]LogModuleManager: Shutting down and abandoning module FunctionalTesting (192)
[2018.10.12-20.59.51:692][432]LogModuleManager: Shutting down and abandoning module CollisionAnalyzer (190)
[2018.10.12-20.59.51:692][432]LogModuleManager: Shutting down and abandoning module WorkspaceMenuStructure (189)
[2018.10.12-20.59.51:692][432]LogModuleManager: Shutting down and abandoning module UMG (186)
[2018.10.12-20.59.51:692][432]LogModuleManager: Shutting down and abandoning module UMGEditor (185)
[2018.10.12-20.59.51:692][432]LogModuleManager: Shutting down and abandoning module Sequencer (184)
[2018.10.12-20.59.51:692][432]LogModuleManager: Shutting down and abandoning module MessageLog (181)
[2018.10.12-20.59.51:692][432]LogModuleManager: Shutting down and abandoning module SlateReflector (176)
[2018.10.12-20.59.51:692][432]LogModuleManager: Shutting down and abandoning module Slate (174)
[2018.10.12-20.59.51:692][432]LogModuleManager: Shutting down and abandoning module EditorStyle (172)
[2018.10.12-20.59.51:694][432]LogModuleManager: Shutting down and abandoning module MRMesh (170)
[2018.10.12-20.59.51:694][432]LogModuleManager: Shutting down and abandoning module Messaging (168)
[2018.10.12-20.59.51:694][432]LogModuleManager: Shutting down and abandoning module SourceCodeAccess (166)
[2018.10.12-20.59.51:694][432]LogModuleManager: Shutting down and abandoning module HeadMountedDisplay (164)
[2018.10.12-20.59.51:694][432]LogModuleManager: Shutting down and abandoning module XAudio2 (162)
[2018.10.12-20.59.51:694][432]LogModuleManager: Shutting down and abandoning module Networking (160)
[2018.10.12-20.59.51:694][432]LogModuleManager: Shutting down and abandoning module Core (158)
[2018.10.12-20.59.51:694][432]LogModuleManager: Shutting down and abandoning module LevelSequence (156)
[2018.10.12-20.59.51:694][432]LogModuleManager: Shutting down and abandoning module KismetCompiler (154)
[2018.10.12-20.59.51:694][432]LogModuleManager: Shutting down and abandoning module MeshUtilities (152)
[2018.10.12-20.59.51:694][432]LogModuleManager: Shutting down and abandoning module MeshMergeUtilities (151)
[2018.10.12-20.59.51:694][432]LogModuleManager: Shutting down and abandoning module MeshReductionInterface (150)
[2018.10.12-20.59.51:694][432]LogModuleManager: Shutting down and abandoning module SimplygonSwarm (149)
[2018.10.12-20.59.51:694][432]LogModuleManager: Shutting down and abandoning module ProxyLODMeshReduction (147)
[2018.10.12-20.59.51:694][432]LogModuleManager: Shutting down and abandoning module SimplygonMeshReduction (145)
[2018.10.12-20.59.51:694][432]LogModuleManager: Shutting down and abandoning module QuadricMeshReduction (143)
[2018.10.12-20.59.51:694][432]LogModuleManager: Shutting down and abandoning module MaterialBaking (139)
[2018.10.12-20.59.51:694][432]LogModuleManager: Shutting down and abandoning module DerivedDataCache (134)
[2018.10.12-20.59.52:186][432]LogDerivedDataCache: Shutdown
[2018.10.12-20.59.52:186][432]LogModuleManager: Shutting down and abandoning module XGEController (132)
[2018.10.12-20.59.52:186][432]LogModuleManager: Shutting down and abandoning module TargetPlatform (130)
[2018.10.12-20.59.52:186][432]LogModuleManager: Shutting down and abandoning module VulkanShaderFormat (129)
[2018.10.12-20.59.52:186][432]LogModuleManager: Shutting down and abandoning module ShaderFormatVectorVM (127)
[2018.10.12-20.59.52:186][432]LogModuleManager: Shutting down and abandoning module ShaderFormatOpenGL (125)
[2018.10.12-20.59.52:186][432]LogModuleManager: Shutting down and abandoning module ShaderFormatD3D (123)
[2018.10.12-20.59.52:186][432]LogModuleManager: Shutting down and abandoning module MetalShaderFormat (121)
[2018.10.12-20.59.52:186][432]LogModuleManager: Shutting down and abandoning module TextureFormatUncompressed (119)
[2018.10.12-20.59.52:186][432]LogModuleManager: Shutting down and abandoning module TextureFormatPVR (117)
[2018.10.12-20.59.52:186][432]LogModuleManager: Shutting down and abandoning module TextureFormatDXT (115)
[2018.10.12-20.59.52:186][432]LogModuleManager: Shutting down and abandoning module TextureFormatIntelISPCTexComp (113)
[2018.10.12-20.59.52:186][432]LogModuleManager: Shutting down and abandoning module TextureFormatASTC (111)
[2018.10.12-20.59.52:186][432]LogModuleManager: Shutting down and abandoning module ImageWrapper (110)
[2018.10.12-20.59.52:186][432]LogModuleManager: Shutting down and abandoning module TextureFormatAndroid (107)
[2018.10.12-20.59.52:186][432]LogModuleManager: Shutting down and abandoning module AudioFormatOpus (105)
[2018.10.12-20.59.52:186][432]LogModuleManager: Shutting down and abandoning module AudioFormatOgg (103)
[2018.10.12-20.59.52:186][432]LogModuleManager: Shutting down and abandoning module AudioFormatADPCM (101)
[2018.10.12-20.59.52:186][432]LogModuleManager: Shutting down and abandoning module WindowsTargetPlatform (99)
[2018.10.12-20.59.52:186][432]LogModuleManager: Shutting down and abandoning module WindowsServerTargetPlatform (97)
[2018.10.12-20.59.52:186][432]LogModuleManager: Shutting down and abandoning module WindowsNoEditorTargetPlatform (95)
[2018.10.12-20.59.52:186][432]LogModuleManager: Shutting down and abandoning module WindowsClientTargetPlatform (93)
[2018.10.12-20.59.52:186][432]LogModuleManager: Shutting down and abandoning module InputCore (90)
[2018.10.12-20.59.52:186][432]LogModuleManager: Shutting down and abandoning module Settings (88)
[2018.10.12-20.59.52:186][432]LogModuleManager: Shutting down and abandoning module PhysXCooking (86)
[2018.10.12-20.59.52:186][432]LogModuleManager: Shutting down and abandoning module SteamVR (84)
[2018.10.12-20.59.52:186][432]LogModuleManager: Shutting down and abandoning module OculusHMD (82)
[2018.10.12-20.59.52:187][432]LogModuleManager: Shutting down and abandoning module ExampleDeviceProfileSelector (80)
[2018.10.12-20.59.52:187][432]LogModuleManager: Shutting down and abandoning module LauncherChunkInstaller (78)
[2018.10.12-20.59.52:187][432]LogModuleManager: Shutting down and abandoning module OnlineBlueprintSupport (76)
[2018.10.12-20.59.52:187][432]LogModuleManager: Shutting down and abandoning module OnlineSubsystem (72)
[2018.10.12-20.59.52:187][432]LogModuleManager: Shutting down and abandoning module XMPP (65)
[2018.10.12-20.59.52:187][432]LogModuleManager: Shutting down and abandoning module WebSockets (64)
[2018.10.12-20.59.52:205][432]LogModuleManager: Shutting down and abandoning module HTTP (61)
[2018.10.12-20.59.52:226][432]LogModuleManager: Shutting down and abandoning module SSL (60)
[2018.10.12-20.59.52:228][432]LogModuleManager: Shutting down and abandoning module MagicLeapEmulator (56)
[2018.10.12-20.59.52:228][432]LogModuleManager: Shutting down and abandoning module MagicLeapPrivileges (54)
[2018.10.12-20.59.52:228][432]LogModuleManager: Shutting down and abandoning module MagicLeapIdentity (52)
[2018.10.12-20.59.52:228][432]LogModuleManager: Shutting down and abandoning module MagicLeapHelperVulkan (50)
[2018.10.12-20.59.52:228][432]LogModuleManager: Shutting down and abandoning module MagicLeapHelperOpenGL (48)
[2018.10.12-20.59.52:228][432]LogModuleManager: Shutting down and abandoning module MagicLeapSecureStorage (46)
[2018.10.12-20.59.52:228][432]LogModuleManager: Shutting down and abandoning module MagicLeapGestures (44)
[2018.10.12-20.59.52:228][432]LogModuleManager: Shutting down and abandoning module MagicLeapEyeTracker (42)
[2018.10.12-20.59.52:228][432]LogModuleManager: Shutting down and abandoning module MagicLeapController (40)
[2018.10.12-20.59.52:228][432]LogSlate: Slate User Destroyed.  User Index 0, Is Virtual User: 0
[2018.10.12-20.59.52:228][432]LogSlate: Slate User Destroyed.  User Index 1, Is Virtual User: 0
[2018.10.12-20.59.52:228][432]LogSlate: Slate User Destroyed.  User Index 2, Is Virtual User: 0
[2018.10.12-20.59.52:228][432]LogSlate: Slate User Destroyed.  User Index 3, Is Virtual User: 0
[2018.10.12-20.59.52:228][432]LogModuleManager: Shutting down and abandoning module MagicLeap (38)
[2018.10.12-20.59.52:228][432]LogModuleManager: Shutting down and abandoning module AnimationModifiers (36)
[2018.10.12-20.59.52:228][432]LogModuleManager: Shutting down and abandoning module PropertyEditor (35)
[2018.10.12-20.59.52:229][432]LogModuleManager: Shutting down and abandoning module AudioEditor (32)
[2018.10.12-20.59.52:229][432]LogModuleManager: Shutting down and abandoning module TextureCompressor (30)
[2018.10.12-20.59.52:229][432]LogModuleManager: Shutting down and abandoning module ShaderCore (28)
[2018.10.12-20.59.52:229][432]LogModuleManager: Shutting down and abandoning module Landscape (26)
[2018.10.12-20.59.52:229][432]LogModuleManager: Shutting down and abandoning module SlateRHIRenderer (24)
[2018.10.12-20.59.52:229][432]LogModuleManager: Shutting down and abandoning module OpenGLDrv (22)
[2018.10.12-20.59.52:229][432]LogModuleManager: Shutting down and abandoning module D3D11RHI (20)
[2018.10.12-20.59.52:229][432]LogModuleManager: Shutting down and abandoning module AnimGraphRuntime (18)
[2018.10.12-20.59.52:229][432]LogModuleManager: Shutting down and abandoning module Renderer (16)
[2018.10.12-20.59.52:229][432]LogModuleManager: Shutting down and abandoning module Engine (14)
[2018.10.12-20.59.52:229][432]LogModuleManager: Shutting down and abandoning module CoreUObject (12)
[2018.10.12-20.59.52:229][432]LogModuleManager: Shutting down and abandoning module NetworkFile (10)
[2018.10.12-20.59.52:229][432]LogModuleManager: Shutting down and abandoning module CookedIterativeFile (8)
[2018.10.12-20.59.52:229][432]LogModuleManager: Shutting down and abandoning module StreamingFile (6)
[2018.10.12-20.59.52:229][432]LogModuleManager: Shutting down and abandoning module SandboxFile (4)
[2018.10.12-20.59.52:229][432]LogModuleManager: Shutting down and abandoning module PakFile (2)
[2018.10.12-20.59.52:239][432]LogExit: Exiting.
[2018.10.12-20.59.52:259][432]Log file closed, 10/12/18 16:59:52
